✅ Console outputs will be saved to: /raid/candi/jiayi/RP/Experiments/20260621_1448_N4_M06_EM1_NoCurr_ClampN05P1_P09N005_EM_LesDense_LesSparseTBx_LesSysSBx_Clamp_NoCurr_EMlrX1_LR0.0001_composite/console_output.log
--------------------------------------------------
Experiment Configurations:
BASE_DIR                        : /raid/candi/jiayi/RP
UNIFIED_DATA_DIR                : /raid/candi/jiayi/RP/data/Unified_Dataset
SPLIT_DIR                       : /raid/candi/jiayi/RP/data/Unified_Dataset/splits
EXP_DIR                         : /raid/candi/jiayi/RP/Experiments
EXPERIMENT_MODE                 : N4_MIXED
COMMON_INTERNAL_VAL_CSV         : /raid/candi/jiayi/RP/data/Unified_Dataset/splits/common_internal_evaluation.csv
COMMON_BEST_MODEL_METRIC        : composite
TRAIN_CSV                       : /raid/candi/jiayi/RP/data/Unified_Dataset/splits/N4_mixed_PUB_TCIA_train.csv
VAL_CSV                         : /raid/candi/jiayi/RP/data/Unified_Dataset/splits/common_internal_evaluation.csv
TEST_CSV                        : /raid/candi/jiayi/RP/data/Unified_Dataset/splits/N4_mixed_PROMIS_external_val.csv
TASK                            : mixed
DATASET_TASK                    : mixed
USE_GRADE_TBX_TASK              : False
USE_GRADE_SBX_TASK              : False
USE_LESION_DENSE_TASK           : True
USE_LESION_SPARSE_TASK          : True
USE_LESION_SYS_TASK             : True
USE_GLAND_TASK                  : False
USE_EM_WEIGHTING                : True
USE_CURRICULUM                  : False
LESION_DENSE_START_EPOCH        : 1
LESION_SPARSE_START_EPOCH       : 1
LESION_SYS_START_EPOCH          : 1
BEST_MODEL_METRIC               : composite
EXPERIMENT_TAG                  : N4_M06_EM1_NoCurr_ClampN05P1_P09N005
TARGET_SPACING                  : [1.0, 1.0, 2.24]
CROP_SIZE_SITK                  : [64, 64, 32]
INPUT_SHAPE                     : (3, 32, 64, 64)
NEEDLE_RADIUS                   : 2
IN_CHANNELS                     : 3
NUM_CLASSES                     : 7
BASE_CHANNELS                   : 32
MAX_ZONES                       : 20
MIL_POOLING                     : lme
LME_R                           : 8.0
DROPOUT_RATE                    : 0.2
CSPC_THRESHOLD                  : 3
LESION_POSITIVE_THRESHOLD       : 3
INVALID_SYS_LABEL               : -1
PRED_PROB_THRESHOLD             : 0.5
DEVICE                          : cuda
SEED                            : 42
NUM_EPOCHS                      : 100
BATCH_SIZE                      : 4
NUM_WORKERS                     : 2
LR                              : 0.0001
WEIGHT_DECAY                    : 0.0001
LR_SCHEDULER                    : CosineAnnealing
EARLY_STOP_PATIENCE             : 20
GRAD_CLIP_NORM                  : 12.0
POS_WEIGHT_VAL                  : 2
SYS_POS_WEIGHT_VAL              : 1.0
SYS_FOCAL_ALPHA                 : 0.75
SYS_FOCAL_GAMMA                 : 2.0
USE_SYS_CLASS_BALANCED_BCE      : True
EM_LR_MULTIPLIER                : 1.0
USE_LOGVAR_CLAMP                : True
LOGVAR_MIN                      : -0.5
LOGVAR_MAX                      : 1.0
FIXED_LOSS_WEIGHTS              : {'grade_tbx': 0.0, 'grade_sbx': 0.0, 'lesion_dense': 1.0, 'lesion_sparse': 0.25, 'lesion_sys': 0.5, 'gland': 0.0}
TBX_POSITIVE_SOFT_LABEL         : 0.9
TBX_NEGATIVE_SOFT_LABEL         : 0.05
GRADE_TBX_START_EPOCH           : 1
GRADE_SBX_START_EPOCH           : 1
GLAND_START_EPOCH               : 1
LESION_W_SMALL                  : 5
USE_AUGMENTATION                : True
MASK_TARGET_IN_SYS              : True
VIS_SUBDIR                      : visualizations
--------------------------------------------------
📄 Train CSV: /raid/candi/jiayi/RP/data/Unified_Dataset/splits/N4_mixed_PUB_TCIA_train.csv
📄 Val CSV:   /raid/candi/jiayi/RP/data/Unified_Dataset/splits/common_internal_evaluation.csv

Epoch 1/100
Curriculum/task status | Dense: 1 | Sparse TBx: 1 | Sys MIL: 1
Train | Loss: 2.4209 | L_Les: 2.4263 (Dense 1.1748, Sparse 0.8833, Sys 0.6523)
Val   | Loss: 1.4524 | Les-Dice: 0.0000 | Les-F1: 0.0000 | Patient-BAcc: 0.4921 | Region-BAcc: 0.5000
--- Lesion EM / Loss Multipliers ---
Dense: 0.984 | Sparse TBx: 1.008 | Sys MIL: 1.023
Selection metric (composite): 0.2480
--> Best Model Saved (Score: 0.2480)

Epoch 2/100
Curriculum/task status | Dense: 1 | Sparse TBx: 1 | Sys MIL: 1
Train | Loss: 2.2751 | L_Les: 2.2903 (Dense 1.0872, Sparse 0.8731, Sys 0.6274)
Val   | Loss: 1.4383 | Les-Dice: 0.0096 | Les-F1: 0.0115 | Patient-BAcc: 0.5095 | Region-BAcc: 0.5000
--- Lesion EM / Loss Multipliers ---
Dense: 0.975 | Sparse TBx: 1.015 | Sys MIL: 1.048
Selection metric (composite): 0.2572
--> Best Model Saved (Score: 0.2572)

Epoch 3/100
Curriculum/task status | Dense: 1 | Sparse TBx: 1 | Sys MIL: 1
Train | Loss: 2.2842 | L_Les: 2.3081 (Dense 1.0489, Sparse 0.8663, Sys 0.6206)
Val   | Loss: 1.4363 | Les-Dice: 0.0005 | Les-F1: 0.0014 | Patient-BAcc: 0.5167 | Region-BAcc: 0.5000
--- Lesion EM / Loss Multipliers ---
Dense: 0.970 | Sparse TBx: 1.022 | Sys MIL: 1.072
Selection metric (composite): 0.2544

Epoch 4/100
Curriculum/task status | Dense: 1 | Sparse TBx: 1 | Sys MIL: 1
Train | Loss: 2.2346 | L_Les: 2.2660 (Dense 1.0255, Sparse 0.8668, Sys 0.6341)
Val   | Loss: 1.3843 | Les-Dice: 0.0576 | Les-F1: 0.0716 | Patient-BAcc: 0.5421 | Region-BAcc: 0.5000
--- Lesion EM / Loss Multipliers ---
Dense: 0.972 | Sparse TBx: 1.030 | Sys MIL: 1.095
Selection metric (composite): 0.2893
--> Best Model Saved (Score: 0.2893)

Epoch 5/100
Curriculum/task status | Dense: 1 | Sparse TBx: 1 | Sys MIL: 1
Train | Loss: 2.2121 | L_Les: 2.2490 (Dense 1.0066, Sparse 0.8681, Sys 0.6466)
Val   | Loss: 1.3796 | Les-Dice: 0.0633 | Les-F1: 0.0782 | Patient-BAcc: 0.6683 | Region-BAcc: 0.5000
--- Lesion EM / Loss Multipliers ---
Dense: 0.977 | Sparse TBx: 1.036 | Sys MIL: 1.118
Selection metric (composite): 0.3237
--> Best Model Saved (Score: 0.3237)

Epoch 6/100
Curriculum/task status | Dense: 1 | Sparse TBx: 1 | Sys MIL: 1
Train | Loss: 2.1662 | L_Les: 2.2110 (Dense 0.9987, Sparse 0.8629, Sys 0.6376)
Val   | Loss: 1.3626 | Les-Dice: 0.1603 | Les-F1: 0.2016 | Patient-BAcc: 0.6317 | Region-BAcc: 0.5024
--- Lesion EM / Loss Multipliers ---
Dense: 0.982 | Sparse TBx: 1.042 | Sys MIL: 1.141
Selection metric (composite): 0.3637
--> Best Model Saved (Score: 0.3637)

Epoch 7/100
Curriculum/task status | Dense: 1 | Sparse TBx: 1 | Sys MIL: 1
Train | Loss: 2.1771 | L_Les: 2.2288 (Dense 0.9812, Sparse 0.8578, Sys 0.6270)
Val   | Loss: 1.3614 | Les-Dice: 0.1873 | Les-F1: 0.2116 | Patient-BAcc: 0.5980 | Region-BAcc: 0.5191
--- Lesion EM / Loss Multipliers ---
Dense: 0.992 | Sparse TBx: 1.049 | Sys MIL: 1.164
Selection metric (composite): 0.3729
--> Best Model Saved (Score: 0.3729)

Epoch 8/100
Curriculum/task status | Dense: 1 | Sparse TBx: 1 | Sys MIL: 1
Train | Loss: 2.1603 | L_Les: 2.2171 (Dense 0.9747, Sparse 0.8582, Sys 0.6311)
Val   | Loss: 1.3313 | Les-Dice: 0.1923 | Les-F1: 0.2269 | Patient-BAcc: 0.6758 | Region-BAcc: 0.5118
--- Lesion EM / Loss Multipliers ---
Dense: 1.000 | Sparse TBx: 1.054 | Sys MIL: 1.186
Selection metric (composite): 0.3930
--> Best Model Saved (Score: 0.3930)

Epoch 9/100
Curriculum/task status | Dense: 1 | Sparse TBx: 1 | Sys MIL: 1
Train | Loss: 2.1787 | L_Les: 2.2444 (Dense 0.9548, Sparse 0.8562, Sys 0.6143)
Val   | Loss: 1.3286 | Les-Dice: 0.2062 | Les-F1: 0.2268 | Patient-BAcc: 0.5944 | Region-BAcc: 0.5368
--- Lesion EM / Loss Multipliers ---
Dense: 1.012 | Sparse TBx: 1.060 | Sys MIL: 1.209
Selection metric (composite): 0.3859

Epoch 10/100
Curriculum/task status | Dense: 1 | Sparse TBx: 1 | Sys MIL: 1
Train | Loss: 2.0910 | L_Les: 2.1626 (Dense 0.9334, Sparse 0.8546, Sys 0.6167)
Val   | Loss: 1.3149 | Les-Dice: 0.2294 | Les-F1: 0.2529 | Patient-BAcc: 0.6393 | Region-BAcc: 0.5240
--- Lesion EM / Loss Multipliers ---
Dense: 1.024 | Sparse TBx: 1.066 | Sys MIL: 1.231
Selection metric (composite): 0.4055
--> Best Model Saved (Score: 0.4055)

Epoch 11/100
Curriculum/task status | Dense: 1 | Sparse TBx: 1 | Sys MIL: 1
Train | Loss: 2.0703 | L_Les: 2.1461 (Dense 0.9204, Sparse 0.8522, Sys 0.6249)
Val   | Loss: 1.3032 | Les-Dice: 0.2213 | Les-F1: 0.2445 | Patient-BAcc: 0.6143 | Region-BAcc: 0.5261
--- Lesion EM / Loss Multipliers ---
Dense: 1.037 | Sparse TBx: 1.071 | Sys MIL: 1.252
Selection metric (composite): 0.3958

Epoch 12/100
Curriculum/task status | Dense: 1 | Sparse TBx: 1 | Sys MIL: 1
Train | Loss: 2.0651 | L_Les: 2.1477 (Dense 0.9034, Sparse 0.8508, Sys 0.6183)
Val   | Loss: 1.3143 | Les-Dice: 0.2412 | Les-F1: 0.2720 | Patient-BAcc: 0.7179 | Region-BAcc: 0.5194
--- Lesion EM / Loss Multipliers ---
Dense: 1.049 | Sparse TBx: 1.076 | Sys MIL: 1.273
Selection metric (composite): 0.4299
--> Best Model Saved (Score: 0.4299)

Epoch 13/100
Curriculum/task status | Dense: 1 | Sparse TBx: 1 | Sys MIL: 1
Train | Loss: 2.0285 | L_Les: 2.1165 (Dense 0.8955, Sparse 0.8465, Sys 0.6277)
Val   | Loss: 1.2986 | Les-Dice: 0.2414 | Les-F1: 0.2687 | Patient-BAcc: 0.6361 | Region-BAcc: 0.5219
--- Lesion EM / Loss Multipliers ---
Dense: 1.060 | Sparse TBx: 1.081 | Sys MIL: 1.294
Selection metric (composite): 0.4102

Epoch 14/100
Curriculum/task status | Dense: 1 | Sparse TBx: 1 | Sys MIL: 1
Train | Loss: 2.0364 | L_Les: 2.1291 (Dense 0.8719, Sparse 0.8434, Sys 0.6197)
Val   | Loss: 1.2797 | Les-Dice: 0.2608 | Les-F1: 0.2856 | Patient-BAcc: 0.6341 | Region-BAcc: 0.5568
--- Lesion EM / Loss Multipliers ---
Dense: 1.072 | Sparse TBx: 1.086 | Sys MIL: 1.313
Selection metric (composite): 0.4281

Epoch 15/100
Curriculum/task status | Dense: 1 | Sparse TBx: 1 | Sys MIL: 1
Train | Loss: 1.9817 | L_Les: 2.0812 (Dense 0.8690, Sparse 0.8490, Sys 0.6226)
Val   | Loss: 1.3014 | Les-Dice: 0.2373 | Les-F1: 0.2880 | Patient-BAcc: 0.7294 | Region-BAcc: 0.5091
--- Lesion EM / Loss Multipliers ---
Dense: 1.081 | Sparse TBx: 1.091 | Sys MIL: 1.333
Selection metric (composite): 0.4283

Epoch 16/100
Curriculum/task status | Dense: 1 | Sparse TBx: 1 | Sys MIL: 1
Train | Loss: 1.9629 | L_Les: 2.0647 (Dense 0.8626, Sparse 0.8411, Sys 0.6066)
Val   | Loss: 1.2660 | Les-Dice: 0.2743 | Les-F1: 0.2988 | Patient-BAcc: 0.6282 | Region-BAcc: 0.5219
--- Lesion EM / Loss Multipliers ---
Dense: 1.092 | Sparse TBx: 1.096 | Sys MIL: 1.351
Selection metric (composite): 0.4246

Epoch 17/100
Curriculum/task status | Dense: 1 | Sparse TBx: 1 | Sys MIL: 1
Train | Loss: 1.9862 | L_Les: 2.0961 (Dense 0.8514, Sparse 0.8376, Sys 0.6010)
Val   | Loss: 1.3103 | Les-Dice: 0.2334 | Les-F1: 0.2737 | Patient-BAcc: 0.6365 | Region-BAcc: 0.5194
--- Lesion EM / Loss Multipliers ---
Dense: 1.102 | Sparse TBx: 1.101 | Sys MIL: 1.369
Selection metric (composite): 0.4057

Epoch 18/100
Curriculum/task status | Dense: 1 | Sparse TBx: 1 | Sys MIL: 1
Train | Loss: 1.9299 | L_Les: 2.0454 (Dense 0.8408, Sparse 0.8411, Sys 0.6001)
Val   | Loss: 1.2580 | Les-Dice: 0.2777 | Les-F1: 0.3160 | Patient-BAcc: 0.5619 | Region-BAcc: 0.5453
--- Lesion EM / Loss Multipliers ---
Dense: 1.112 | Sparse TBx: 1.105 | Sys MIL: 1.388
Selection metric (composite): 0.4157

Epoch 19/100
Curriculum/task status | Dense: 1 | Sparse TBx: 1 | Sys MIL: 1
Train | Loss: 1.9316 | L_Les: 2.0485 (Dense 0.8351, Sparse 0.8381, Sys 0.5996)
Val   | Loss: 1.2904 | Les-Dice: 0.2737 | Les-F1: 0.3021 | Patient-BAcc: 0.6310 | Region-BAcc: 0.5373
--- Lesion EM / Loss Multipliers ---
Dense: 1.120 | Sparse TBx: 1.110 | Sys MIL: 1.404
Selection metric (composite): 0.4289

Epoch 20/100
Curriculum/task status | Dense: 1 | Sparse TBx: 1 | Sys MIL: 1
Train | Loss: 1.8733 | L_Les: 2.0020 (Dense 0.8259, Sparse 0.8325, Sys 0.5945)
Val   | Loss: 1.2535 | Les-Dice: 0.2908 | Les-F1: 0.3231 | Patient-BAcc: 0.5639 | Region-BAcc: 0.5502
--- Lesion EM / Loss Multipliers ---
Dense: 1.128 | Sparse TBx: 1.114 | Sys MIL: 1.423
Selection metric (composite): 0.4239

Epoch 21/100
Curriculum/task status | Dense: 1 | Sparse TBx: 1 | Sys MIL: 1
Train | Loss: 1.9222 | L_Les: 2.0503 (Dense 0.8248, Sparse 0.8314, Sys 0.5979)
Val   | Loss: 1.2612 | Les-Dice: 0.2915 | Les-F1: 0.3268 | Patient-BAcc: 0.6952 | Region-BAcc: 0.5301
--- Lesion EM / Loss Multipliers ---
Dense: 1.138 | Sparse TBx: 1.118 | Sys MIL: 1.439
Selection metric (composite): 0.4521
--> Best Model Saved (Score: 0.4521)

Epoch 22/100
Curriculum/task status | Dense: 1 | Sparse TBx: 1 | Sys MIL: 1
Train | Loss: 1.8766 | L_Les: 2.0091 (Dense 0.8149, Sparse 0.8325, Sys 0.6032)
Val   | Loss: 1.2450 | Les-Dice: 0.2941 | Les-F1: 0.3273 | Patient-BAcc: 0.6817 | Region-BAcc: 0.5419
--- Lesion EM / Loss Multipliers ---
Dense: 1.146 | Sparse TBx: 1.123 | Sys MIL: 1.455
Selection metric (composite): 0.4530
--> Best Model Saved (Score: 0.4530)

Epoch 23/100
Curriculum/task status | Dense: 1 | Sparse TBx: 1 | Sys MIL: 1
Train | Loss: 1.8858 | L_Les: 2.0234 (Dense 0.8113, Sparse 0.8374, Sys 0.5817)
Val   | Loss: 1.2585 | Les-Dice: 0.2964 | Les-F1: 0.3343 | Patient-BAcc: 0.6813 | Region-BAcc: 0.5458
--- Lesion EM / Loss Multipliers ---
Dense: 1.156 | Sparse TBx: 1.126 | Sys MIL: 1.470
Selection metric (composite): 0.4550
--> Best Model Saved (Score: 0.4550)

Epoch 24/100
Curriculum/task status | Dense: 1 | Sparse TBx: 1 | Sys MIL: 1
Train | Loss: 1.8625 | L_Les: 2.0095 (Dense 0.8026, Sparse 0.8309, Sys 0.5790)
Val   | Loss: 1.2492 | Les-Dice: 0.3020 | Les-F1: 0.3413 | Patient-BAcc: 0.6119 | Region-BAcc: 0.5574
--- Lesion EM / Loss Multipliers ---
Dense: 1.163 | Sparse TBx: 1.130 | Sys MIL: 1.486
Selection metric (composite): 0.4433

Epoch 25/100
Curriculum/task status | Dense: 1 | Sparse TBx: 1 | Sys MIL: 1
Train | Loss: 1.8860 | L_Les: 2.0219 (Dense 0.8042, Sparse 0.8245, Sys 0.5986)
Val   | Loss: 1.2549 | Les-Dice: 0.3055 | Les-F1: 0.3446 | Patient-BAcc: 0.5401 | Region-BAcc: 0.6119
--- Lesion EM / Loss Multipliers ---
Dense: 1.169 | Sparse TBx: 1.132 | Sys MIL: 1.499
Selection metric (composite): 0.4407

Epoch 26/100
Curriculum/task status | Dense: 1 | Sparse TBx: 1 | Sys MIL: 1
Train | Loss: 1.7848 | L_Les: 1.9441 (Dense 0.7953, Sparse 0.8222, Sys 0.5522)
Val   | Loss: 1.2704 | Les-Dice: 0.2949 | Les-F1: 0.3406 | Patient-BAcc: 0.7000 | Region-BAcc: 0.5522
--- Lesion EM / Loss Multipliers ---
Dense: 1.176 | Sparse TBx: 1.136 | Sys MIL: 1.515
Selection metric (composite): 0.4605
--> Best Model Saved (Score: 0.4605)

Epoch 27/100
Curriculum/task status | Dense: 1 | Sparse TBx: 1 | Sys MIL: 1
Train | Loss: 1.7699 | L_Les: 1.9358 (Dense 0.7881, Sparse 0.8285, Sys 0.5560)
Val   | Loss: 1.2709 | Les-Dice: 0.3045 | Les-F1: 0.3382 | Patient-BAcc: 0.6369 | Region-BAcc: 0.5763
--- Lesion EM / Loss Multipliers ---
Dense: 1.183 | Sparse TBx: 1.139 | Sys MIL: 1.532
Selection metric (composite): 0.4555

Epoch 28/100
Curriculum/task status | Dense: 1 | Sparse TBx: 1 | Sys MIL: 1
Train | Loss: 1.8501 | L_Les: 2.0044 (Dense 0.7950, Sparse 0.8210, Sys 0.5721)
Val   | Loss: 1.2489 | Les-Dice: 0.3076 | Les-F1: 0.3493 | Patient-BAcc: 0.6107 | Region-BAcc: 0.5730
--- Lesion EM / Loss Multipliers ---
Dense: 1.190 | Sparse TBx: 1.142 | Sys MIL: 1.544
Selection metric (composite): 0.4497

Epoch 29/100
Curriculum/task status | Dense: 1 | Sparse TBx: 1 | Sys MIL: 1
Train | Loss: 1.8141 | L_Les: 1.9805 (Dense 0.7901, Sparse 0.8246, Sys 0.5590)
Val   | Loss: 1.2834 | Les-Dice: 0.2996 | Les-F1: 0.3444 | Patient-BAcc: 0.6179 | Region-BAcc: 0.5636
--- Lesion EM / Loss Multipliers ---
Dense: 1.195 | Sparse TBx: 1.144 | Sys MIL: 1.558
Selection metric (composite): 0.4452

Epoch 30/100
Curriculum/task status | Dense: 1 | Sparse TBx: 1 | Sys MIL: 1
Train | Loss: 1.7714 | L_Les: 1.9414 (Dense 0.7873, Sparse 0.8241, Sys 0.5575)
Val   | Loss: 1.2659 | Les-Dice: 0.2992 | Les-F1: 0.3453 | Patient-BAcc: 0.6425 | Region-BAcc: 0.5404
--- Lesion EM / Loss Multipliers ---
Dense: 1.201 | Sparse TBx: 1.146 | Sys MIL: 1.572
Selection metric (composite): 0.4453

Epoch 31/100
Curriculum/task status | Dense: 1 | Sparse TBx: 1 | Sys MIL: 1
Train | Loss: 1.7754 | L_Les: 1.9562 (Dense 0.7771, Sparse 0.8244, Sys 0.5465)
Val   | Loss: 1.2581 | Les-Dice: 0.2938 | Les-F1: 0.3336 | Patient-BAcc: 0.5940 | Region-BAcc: 0.6126
--- Lesion EM / Loss Multipliers ---
Dense: 1.206 | Sparse TBx: 1.149 | Sys MIL: 1.586
Selection metric (composite): 0.4485

Epoch 32/100
Curriculum/task status | Dense: 1 | Sparse TBx: 1 | Sys MIL: 1
Train | Loss: 1.7499 | L_Les: 1.9239 (Dense 0.7727, Sparse 0.8201, Sys 0.5488)
Val   | Loss: 1.3209 | Les-Dice: 0.2807 | Les-F1: 0.3310 | Patient-BAcc: 0.7353 | Region-BAcc: 0.5246
--- Lesion EM / Loss Multipliers ---
Dense: 1.212 | Sparse TBx: 1.151 | Sys MIL: 1.598
Selection metric (composite): 0.4553

Epoch 33/100
Curriculum/task status | Dense: 1 | Sparse TBx: 1 | Sys MIL: 1
Train | Loss: 1.7707 | L_Les: 1.9427 (Dense 0.7690, Sparse 0.8146, Sys 0.5559)
Val   | Loss: 1.2840 | Les-Dice: 0.3166 | Les-F1: 0.3569 | Patient-BAcc: 0.5913 | Region-BAcc: 0.6032
--- Lesion EM / Loss Multipliers ---
Dense: 1.218 | Sparse TBx: 1.154 | Sys MIL: 1.608
Selection metric (composite): 0.4569

Epoch 34/100
Curriculum/task status | Dense: 1 | Sparse TBx: 1 | Sys MIL: 1
Train | Loss: 1.7296 | L_Les: 1.9183 (Dense 0.7622, Sparse 0.8141, Sys 0.5509)
Val   | Loss: 1.2525 | Les-Dice: 0.3087 | Les-F1: 0.3556 | Patient-BAcc: 0.5988 | Region-BAcc: 0.5799
--- Lesion EM / Loss Multipliers ---
Dense: 1.226 | Sparse TBx: 1.156 | Sys MIL: 1.620
Selection metric (composite): 0.4490

Epoch 35/100
Curriculum/task status | Dense: 1 | Sparse TBx: 1 | Sys MIL: 1
Train | Loss: 1.7058 | L_Les: 1.9083 (Dense 0.7638, Sparse 0.8114, Sys 0.5247)
Val   | Loss: 1.2712 | Les-Dice: 0.2979 | Les-F1: 0.3478 | Patient-BAcc: 0.6448 | Region-BAcc: 0.5690
--- Lesion EM / Loss Multipliers ---
Dense: 1.231 | Sparse TBx: 1.159 | Sys MIL: 1.634
Selection metric (composite): 0.4524

Epoch 36/100
Curriculum/task status | Dense: 1 | Sparse TBx: 1 | Sys MIL: 1
Train | Loss: 1.6828 | L_Les: 1.8887 (Dense 0.7552, Sparse 0.8140, Sys 0.5287)
Val   | Loss: 1.2747 | Les-Dice: 0.3133 | Les-F1: 0.3595 | Patient-BAcc: 0.6302 | Region-BAcc: 0.5983
--- Lesion EM / Loss Multipliers ---
Dense: 1.238 | Sparse TBx: 1.161 | Sys MIL: 1.647
Selection metric (composite): 0.4638
--> Best Model Saved (Score: 0.4638)

Epoch 37/100
Curriculum/task status | Dense: 1 | Sparse TBx: 1 | Sys MIL: 1
Train | Loss: 1.6752 | L_Les: 1.8847 (Dense 0.7520, Sparse 0.8147, Sys 0.5158)
Val   | Loss: 1.3159 | Les-Dice: 0.3081 | Les-F1: 0.3511 | Patient-BAcc: 0.6091 | Region-BAcc: 0.5849
--- Lesion EM / Loss Multipliers ---
Dense: 1.244 | Sparse TBx: 1.163 | Sys MIL: 1.649
Selection metric (composite): 0.4525

Epoch 38/100
Curriculum/task status | Dense: 1 | Sparse TBx: 1 | Sys MIL: 1
Train | Loss: 1.6376 | L_Les: 1.8634 (Dense 0.7596, Sparse 0.8104, Sys 0.4938)
Val   | Loss: 1.2938 | Les-Dice: 0.3166 | Les-F1: 0.3635 | Patient-BAcc: 0.6944 | Region-BAcc: 0.5714
--- Lesion EM / Loss Multipliers ---
Dense: 1.247 | Sparse TBx: 1.166 | Sys MIL: 1.649
Selection metric (composite): 0.4748
--> Best Model Saved (Score: 0.4748)

Epoch 39/100
Curriculum/task status | Dense: 1 | Sparse TBx: 1 | Sys MIL: 1
Train | Loss: 1.6471 | L_Les: 1.8770 (Dense 0.7502, Sparse 0.8107, Sys 0.4906)
Val   | Loss: 1.4113 | Les-Dice: 0.2982 | Les-F1: 0.3476 | Patient-BAcc: 0.6563 | Region-BAcc: 0.5745
--- Lesion EM / Loss Multipliers ---
Dense: 1.252 | Sparse TBx: 1.168 | Sys MIL: 1.649
Selection metric (composite): 0.4568

Epoch 40/100
Curriculum/task status | Dense: 1 | Sparse TBx: 1 | Sys MIL: 1
Train | Loss: 1.5723 | L_Les: 1.8079 (Dense 0.7460, Sparse 0.8078, Sys 0.4953)
Val   | Loss: 1.3454 | Les-Dice: 0.3009 | Les-F1: 0.3444 | Patient-BAcc: 0.5595 | Region-BAcc: 0.5910
--- Lesion EM / Loss Multipliers ---
Dense: 1.257 | Sparse TBx: 1.172 | Sys MIL: 1.649
Selection metric (composite): 0.4381

Epoch 41/100
Curriculum/task status | Dense: 1 | Sparse TBx: 1 | Sys MIL: 1
Train | Loss: 1.6137 | L_Les: 1.8550 (Dense 0.7403, Sparse 0.8173, Sys 0.4800)
Val   | Loss: 1.2876 | Les-Dice: 0.3194 | Les-F1: 0.3678 | Patient-BAcc: 0.5790 | Region-BAcc: 0.5984
--- Lesion EM / Loss Multipliers ---
Dense: 1.262 | Sparse TBx: 1.173 | Sys MIL: 1.649
Selection metric (composite): 0.4540

Epoch 42/100
Curriculum/task status | Dense: 1 | Sparse TBx: 1 | Sys MIL: 1
Train | Loss: 1.5616 | L_Les: 1.8116 (Dense 0.7391, Sparse 0.8032, Sys 0.4671)
Val   | Loss: 1.4053 | Les-Dice: 0.3105 | Les-F1: 0.3591 | Patient-BAcc: 0.6782 | Region-BAcc: 0.5277
--- Lesion EM / Loss Multipliers ---
Dense: 1.266 | Sparse TBx: 1.174 | Sys MIL: 1.649
Selection metric (composite): 0.4567

Epoch 43/100
Curriculum/task status | Dense: 1 | Sparse TBx: 1 | Sys MIL: 1
Train | Loss: 1.5789 | L_Les: 1.8325 (Dense 0.7333, Sparse 0.7982, Sys 0.4604)
Val   | Loss: 1.3796 | Les-Dice: 0.3196 | Les-F1: 0.3694 | Patient-BAcc: 0.5758 | Region-BAcc: 0.5850
--- Lesion EM / Loss Multipliers ---
Dense: 1.270 | Sparse TBx: 1.176 | Sys MIL: 1.649
Selection metric (composite): 0.4500

Epoch 44/100
Curriculum/task status | Dense: 1 | Sparse TBx: 1 | Sys MIL: 1
Train | Loss: 1.4815 | L_Les: 1.7595 (Dense 0.7316, Sparse 0.8121, Sys 0.4261)
Val   | Loss: 1.4033 | Les-Dice: 0.3164 | Les-F1: 0.3630 | Patient-BAcc: 0.6861 | Region-BAcc: 0.5663
--- Lesion EM / Loss Multipliers ---
Dense: 1.275 | Sparse TBx: 1.178 | Sys MIL: 1.649
Selection metric (composite): 0.4713

Epoch 45/100
Curriculum/task status | Dense: 1 | Sparse TBx: 1 | Sys MIL: 1
Train | Loss: 1.5011 | L_Les: 1.7799 (Dense 0.7320, Sparse 0.7956, Sys 0.4310)
Val   | Loss: 1.4898 | Les-Dice: 0.3189 | Les-F1: 0.3666 | Patient-BAcc: 0.6726 | Region-BAcc: 0.5544
--- Lesion EM / Loss Multipliers ---
Dense: 1.279 | Sparse TBx: 1.182 | Sys MIL: 1.649
Selection metric (composite): 0.4662

Epoch 46/100
Curriculum/task status | Dense: 1 | Sparse TBx: 1 | Sys MIL: 1
Train | Loss: 1.4937 | L_Les: 1.7701 (Dense 0.7272, Sparse 0.7952, Sys 0.4280)
Val   | Loss: 1.4081 | Les-Dice: 0.3138 | Les-F1: 0.3690 | Patient-BAcc: 0.6052 | Region-BAcc: 0.5923
--- Lesion EM / Loss Multipliers ---
Dense: 1.284 | Sparse TBx: 1.183 | Sys MIL: 1.649
Selection metric (composite): 0.4563

Epoch 47/100
Curriculum/task status | Dense: 1 | Sparse TBx: 1 | Sys MIL: 1
Train | Loss: 1.5076 | L_Les: 1.7857 (Dense 0.7202, Sparse 0.7895, Sys 0.4255)
Val   | Loss: 1.4294 | Les-Dice: 0.3096 | Les-F1: 0.3571 | Patient-BAcc: 0.6313 | Region-BAcc: 0.6021
--- Lesion EM / Loss Multipliers ---
Dense: 1.288 | Sparse TBx: 1.185 | Sys MIL: 1.649
Selection metric (composite): 0.4632

Epoch 48/100
Curriculum/task status | Dense: 1 | Sparse TBx: 1 | Sys MIL: 1
Train | Loss: 1.4465 | L_Les: 1.7367 (Dense 0.7258, Sparse 0.7937, Sys 0.4057)
Val   | Loss: 1.4198 | Les-Dice: 0.3084 | Les-F1: 0.3615 | Patient-BAcc: 0.6218 | Region-BAcc: 0.5709
--- Lesion EM / Loss Multipliers ---
Dense: 1.292 | Sparse TBx: 1.187 | Sys MIL: 1.649
Selection metric (composite): 0.4524

Epoch 49/100
Curriculum/task status | Dense: 1 | Sparse TBx: 1 | Sys MIL: 1
Train | Loss: 1.4118 | L_Les: 1.7205 (Dense 0.7144, Sparse 0.7917, Sys 0.3912)
Val   | Loss: 1.4200 | Les-Dice: 0.3108 | Les-F1: 0.3637 | Patient-BAcc: 0.5690 | Region-BAcc: 0.5892
--- Lesion EM / Loss Multipliers ---
Dense: 1.296 | Sparse TBx: 1.189 | Sys MIL: 1.649
Selection metric (composite): 0.4449

Epoch 50/100
Curriculum/task status | Dense: 1 | Sparse TBx: 1 | Sys MIL: 1
Train | Loss: 1.4133 | L_Les: 1.7195 (Dense 0.7114, Sparse 0.7903, Sys 0.3791)
Val   | Loss: 1.4901 | Les-Dice: 0.3164 | Les-F1: 0.3677 | Patient-BAcc: 0.6798 | Region-BAcc: 0.5636
--- Lesion EM / Loss Multipliers ---
Dense: 1.301 | Sparse TBx: 1.190 | Sys MIL: 1.649
Selection metric (composite): 0.4691

Epoch 51/100
Curriculum/task status | Dense: 1 | Sparse TBx: 1 | Sys MIL: 1
Train | Loss: 1.4012 | L_Les: 1.7220 (Dense 0.7112, Sparse 0.7832, Sys 0.3702)
Val   | Loss: 1.4541 | Les-Dice: 0.3067 | Les-F1: 0.3666 | Patient-BAcc: 0.6036 | Region-BAcc: 0.5582
--- Lesion EM / Loss Multipliers ---
Dense: 1.305 | Sparse TBx: 1.191 | Sys MIL: 1.649
Selection metric (composite): 0.4438

Epoch 52/100
Curriculum/task status | Dense: 1 | Sparse TBx: 1 | Sys MIL: 1
Train | Loss: 1.3652 | L_Les: 1.6861 (Dense 0.7107, Sparse 0.7942, Sys 0.3699)
Val   | Loss: 1.5495 | Les-Dice: 0.3032 | Les-F1: 0.3602 | Patient-BAcc: 0.7052 | Region-BAcc: 0.5247
--- Lesion EM / Loss Multipliers ---
Dense: 1.308 | Sparse TBx: 1.194 | Sys MIL: 1.649
Selection metric (composite): 0.4591

Epoch 53/100
Curriculum/task status | Dense: 1 | Sparse TBx: 1 | Sys MIL: 1
Train | Loss: 1.3131 | L_Les: 1.6488 (Dense 0.7105, Sparse 0.7844, Sys 0.3460)
Val   | Loss: 1.4760 | Les-Dice: 0.3124 | Les-F1: 0.3739 | Patient-BAcc: 0.6448 | Region-BAcc: 0.5484
--- Lesion EM / Loss Multipliers ---
Dense: 1.312 | Sparse TBx: 1.196 | Sys MIL: 1.649
Selection metric (composite): 0.4545

Epoch 54/100
Curriculum/task status | Dense: 1 | Sparse TBx: 1 | Sys MIL: 1
Train | Loss: 1.3087 | L_Les: 1.6396 (Dense 0.6979, Sparse 0.7791, Sys 0.3554)
Val   | Loss: 1.5173 | Les-Dice: 0.3036 | Les-F1: 0.3518 | Patient-BAcc: 0.6222 | Region-BAcc: 0.5469
--- Lesion EM / Loss Multipliers ---
Dense: 1.316 | Sparse TBx: 1.198 | Sys MIL: 1.649
Selection metric (composite): 0.4441

Epoch 55/100
Curriculum/task status | Dense: 1 | Sparse TBx: 1 | Sys MIL: 1
Train | Loss: 1.2724 | L_Les: 1.6239 (Dense 0.7015, Sparse 0.7788, Sys 0.3262)
Val   | Loss: 1.6059 | Les-Dice: 0.3123 | Les-F1: 0.3687 | Patient-BAcc: 0.6615 | Region-BAcc: 0.5326
--- Lesion EM / Loss Multipliers ---
Dense: 1.320 | Sparse TBx: 1.200 | Sys MIL: 1.649
Selection metric (composite): 0.4547

Epoch 56/100
Curriculum/task status | Dense: 1 | Sparse TBx: 1 | Sys MIL: 1
Train | Loss: 1.2818 | L_Les: 1.6292 (Dense 0.6968, Sparse 0.7693, Sys 0.3356)
Val   | Loss: 1.5618 | Les-Dice: 0.3029 | Les-F1: 0.3566 | Patient-BAcc: 0.6766 | Region-BAcc: 0.5456
--- Lesion EM / Loss Multipliers ---
Dense: 1.323 | Sparse TBx: 1.202 | Sys MIL: 1.649
Selection metric (composite): 0.4570

Epoch 57/100
Curriculum/task status | Dense: 1 | Sparse TBx: 1 | Sys MIL: 1
Train | Loss: 1.2444 | L_Les: 1.6057 (Dense 0.6942, Sparse 0.7791, Sys 0.3161)
Val   | Loss: 1.5779 | Les-Dice: 0.2979 | Les-F1: 0.3563 | Patient-BAcc: 0.5869 | Region-BAcc: 0.5565
--- Lesion EM / Loss Multipliers ---
Dense: 1.327 | Sparse TBx: 1.203 | Sys MIL: 1.649
Selection metric (composite): 0.4348

Epoch 58/100
Curriculum/task status | Dense: 1 | Sparse TBx: 1 | Sys MIL: 1
Train | Loss: 1.2582 | L_Les: 1.6182 (Dense 0.6951, Sparse 0.7788, Sys 0.3181)
Val   | Loss: 1.5354 | Les-Dice: 0.3185 | Les-F1: 0.3760 | Patient-BAcc: 0.6020 | Region-BAcc: 0.5629
--- Lesion EM / Loss Multipliers ---
Dense: 1.330 | Sparse TBx: 1.205 | Sys MIL: 1.649
Selection metric (composite): 0.4505
Early stop triggered at epoch 58
