✅ Console outputs will be saved to: /raid/candi/jiayi/RP/Experiments/20260618_0723_N3_PUB_TCIA_SBxOnly_CommonEval_FixedW_LesDense_LesSysSBx_NoClamp_NoCurr_EMlrX10_LR0.0001_composite/console_output.log
--------------------------------------------------
Experiment Configurations:
BASE_DIR                        : /raid/candi/jiayi/RP
UNIFIED_DATA_DIR                : /raid/candi/jiayi/RP/data/Unified_Dataset
SPLIT_DIR                       : /raid/candi/jiayi/RP/data/Unified_Dataset/splits
EXP_DIR                         : /raid/candi/jiayi/RP/Experiments
EXPERIMENT_MODE                 : N3_PUB_TCIA_SBX_ONLY
COMMON_INTERNAL_VAL_CSV         : /raid/candi/jiayi/RP/data/Unified_Dataset/splits/common_internal_evaluation.csv
COMMON_BEST_MODEL_METRIC        : composite
TRAIN_CSV                       : /raid/candi/jiayi/RP/data/Unified_Dataset/splits/N3_PUB_TCIA_SBx_only_train.csv
VAL_CSV                         : /raid/candi/jiayi/RP/data/Unified_Dataset/splits/common_internal_evaluation.csv
TEST_CSV                        : /raid/candi/jiayi/RP/data/Unified_Dataset/splits/N3_PROMIS_external_val.csv
TASK                            : mixed
DATASET_TASK                    : mixed
USE_GRADE_TBX_TASK              : False
USE_GRADE_SBX_TASK              : False
USE_LESION_DENSE_TASK           : True
USE_LESION_SPARSE_TASK          : False
USE_LESION_SYS_TASK             : True
USE_GLAND_TASK                  : False
USE_EM_WEIGHTING                : False
USE_CURRICULUM                  : False
LESION_DENSE_START_EPOCH        : 1
LESION_SPARSE_START_EPOCH       : 1
LESION_SYS_START_EPOCH          : 1
BEST_MODEL_METRIC               : composite
EXPERIMENT_TAG                  : N3_PUB_TCIA_SBxOnly_CommonEval
TARGET_SPACING                  : [1.0, 1.0, 2.24]
CROP_SIZE_SITK                  : [64, 64, 32]
INPUT_SHAPE                     : (3, 32, 64, 64)
NEEDLE_RADIUS                   : 2
IN_CHANNELS                     : 3
NUM_CLASSES                     : 7
BASE_CHANNELS                   : 32
MAX_ZONES                       : 20
MIL_POOLING                     : lme
LME_R                           : 8.0
DROPOUT_RATE                    : 0.2
CSPC_THRESHOLD                  : 3
LESION_POSITIVE_THRESHOLD       : 3
INVALID_SYS_LABEL               : -1
PRED_PROB_THRESHOLD             : 0.5
DEVICE                          : cuda
SEED                            : 42
NUM_EPOCHS                      : 100
BATCH_SIZE                      : 4
NUM_WORKERS                     : 2
LR                              : 0.0001
WEIGHT_DECAY                    : 0.0001
LR_SCHEDULER                    : CosineAnnealing
EARLY_STOP_PATIENCE             : 20
GRAD_CLIP_NORM                  : 12.0
POS_WEIGHT_VAL                  : 2
SYS_POS_WEIGHT_VAL              : 5.0
SYS_FOCAL_ALPHA                 : 0.75
SYS_FOCAL_GAMMA                 : 2.0
USE_SYS_CLASS_BALANCED_BCE      : True
EM_LR_MULTIPLIER                : 10.0
USE_LOGVAR_CLAMP                : False
LOGVAR_MIN                      : -3.0
LOGVAR_MAX                      : 3.0
FIXED_LOSS_WEIGHTS              : {'grade_tbx': 0.0, 'grade_sbx': 0.0, 'lesion_dense': 1.0, 'lesion_sparse': 0.25, 'lesion_sys': 1.0, 'gland': 0.0}
TBX_POSITIVE_SOFT_LABEL         : 0.9
TBX_NEGATIVE_SOFT_LABEL         : 0.05
GRADE_TBX_START_EPOCH           : 1
GRADE_SBX_START_EPOCH           : 1
GLAND_START_EPOCH               : 1
LESION_W_SMALL                  : 5
USE_AUGMENTATION                : True
MASK_TARGET_IN_SYS              : True
VIS_SUBDIR                      : visualizations
--------------------------------------------------
📄 Train CSV: /raid/candi/jiayi/RP/data/Unified_Dataset/splits/N3_PUB_TCIA_SBx_only_train.csv
📄 Val CSV:   /raid/candi/jiayi/RP/data/Unified_Dataset/splits/common_internal_evaluation.csv

Epoch 1/100
Curriculum/task status | Dense: 1 | Sparse TBx: 0 | Sys MIL: 1
Train | Loss: 2.4031 | L_Les: 2.4031 (Dense 1.2109, Sparse 0.0000, Sys 1.5462)
Val   | Loss: 1.4666 | Les-Dice: 0.0168 | Les-F1: 0.0204 | Patient-BAcc: 0.5020 | Region-BAcc: 0.4909
--- Lesion EM / Loss Multipliers ---
Dense: 1.000 | Sparse TBx: 0.000 | Sys MIL: 1.000
Selection metric (composite): 0.2566
--> Best Model Saved (Score: 0.2566)

Epoch 2/100
Curriculum/task status | Dense: 1 | Sparse TBx: 0 | Sys MIL: 1
Train | Loss: 2.4185 | L_Les: 2.4185 (Dense 1.1044, Sparse 0.0000, Sys 1.5708)
Val   | Loss: 1.4081 | Les-Dice: 0.1060 | Les-F1: 0.1302 | Patient-BAcc: 0.5000 | Region-BAcc: 0.5157
--- Lesion EM / Loss Multipliers ---
Dense: 1.000 | Sparse TBx: 0.000 | Sys MIL: 1.000
Selection metric (composite): 0.3070
--> Best Model Saved (Score: 0.3070)

Epoch 3/100
Curriculum/task status | Dense: 1 | Sparse TBx: 0 | Sys MIL: 1
Train | Loss: 2.3607 | L_Les: 2.3607 (Dense 1.0740, Sparse 0.0000, Sys 1.5546)
Val   | Loss: 1.3966 | Les-Dice: 0.0909 | Les-F1: 0.1087 | Patient-BAcc: 0.5000 | Region-BAcc: 0.5113
--- Lesion EM / Loss Multipliers ---
Dense: 1.000 | Sparse TBx: 0.000 | Sys MIL: 1.000
Selection metric (composite): 0.2983

Epoch 4/100
Curriculum/task status | Dense: 1 | Sparse TBx: 0 | Sys MIL: 1
Train | Loss: 2.2928 | L_Les: 2.2928 (Dense 1.0409, Sparse 0.0000, Sys 1.5047)
Val   | Loss: 1.4197 | Les-Dice: 0.0981 | Les-F1: 0.1193 | Patient-BAcc: 0.5000 | Region-BAcc: 0.5078
--- Lesion EM / Loss Multipliers ---
Dense: 1.000 | Sparse TBx: 0.000 | Sys MIL: 1.000
Selection metric (composite): 0.3010

Epoch 5/100
Curriculum/task status | Dense: 1 | Sparse TBx: 0 | Sys MIL: 1
Train | Loss: 2.2947 | L_Les: 2.2947 (Dense 1.0161, Sparse 0.0000, Sys 1.5246)
Val   | Loss: 1.4098 | Les-Dice: 0.1179 | Les-F1: 0.1434 | Patient-BAcc: 0.5000 | Region-BAcc: 0.5072
--- Lesion EM / Loss Multipliers ---
Dense: 1.000 | Sparse TBx: 0.000 | Sys MIL: 1.000
Selection metric (composite): 0.3107
--> Best Model Saved (Score: 0.3107)

Epoch 6/100
Curriculum/task status | Dense: 1 | Sparse TBx: 0 | Sys MIL: 1
Train | Loss: 2.2640 | L_Les: 2.2640 (Dense 0.9988, Sparse 0.0000, Sys 1.4790)
Val   | Loss: 1.3838 | Les-Dice: 0.1518 | Les-F1: 0.1878 | Patient-BAcc: 0.5000 | Region-BAcc: 0.5051
--- Lesion EM / Loss Multipliers ---
Dense: 1.000 | Sparse TBx: 0.000 | Sys MIL: 1.000
Selection metric (composite): 0.3272
--> Best Model Saved (Score: 0.3272)

Epoch 7/100
Curriculum/task status | Dense: 1 | Sparse TBx: 0 | Sys MIL: 1
Train | Loss: 2.2665 | L_Les: 2.2665 (Dense 0.9917, Sparse 0.0000, Sys 1.5398)
Val   | Loss: 1.3708 | Les-Dice: 0.1629 | Les-F1: 0.1945 | Patient-BAcc: 0.5000 | Region-BAcc: 0.5244
--- Lesion EM / Loss Multipliers ---
Dense: 1.000 | Sparse TBx: 0.000 | Sys MIL: 1.000
Selection metric (composite): 0.3376
--> Best Model Saved (Score: 0.3376)

Epoch 8/100
Curriculum/task status | Dense: 1 | Sparse TBx: 0 | Sys MIL: 1
Train | Loss: 2.2195 | L_Les: 2.2195 (Dense 0.9796, Sparse 0.0000, Sys 1.4948)
Val   | Loss: 1.3778 | Les-Dice: 0.1538 | Les-F1: 0.1900 | Patient-BAcc: 0.5000 | Region-BAcc: 0.5109
--- Lesion EM / Loss Multipliers ---
Dense: 1.000 | Sparse TBx: 0.000 | Sys MIL: 1.000
Selection metric (composite): 0.3296

Epoch 9/100
Curriculum/task status | Dense: 1 | Sparse TBx: 0 | Sys MIL: 1
Train | Loss: 2.1766 | L_Les: 2.1766 (Dense 0.9658, Sparse 0.0000, Sys 1.4896)
Val   | Loss: 1.4171 | Les-Dice: 0.1781 | Les-F1: 0.2038 | Patient-BAcc: 0.5000 | Region-BAcc: 0.5337
--- Lesion EM / Loss Multipliers ---
Dense: 1.000 | Sparse TBx: 0.000 | Sys MIL: 1.000
Selection metric (composite): 0.3475
--> Best Model Saved (Score: 0.3475)

Epoch 10/100
Curriculum/task status | Dense: 1 | Sparse TBx: 0 | Sys MIL: 1
Train | Loss: 2.1425 | L_Les: 2.1425 (Dense 0.9575, Sparse 0.0000, Sys 1.4431)
Val   | Loss: 1.4962 | Les-Dice: 0.1726 | Les-F1: 0.2085 | Patient-BAcc: 0.5000 | Region-BAcc: 0.5409
--- Lesion EM / Loss Multipliers ---
Dense: 1.000 | Sparse TBx: 0.000 | Sys MIL: 1.000
Selection metric (composite): 0.3465

Epoch 11/100
Curriculum/task status | Dense: 1 | Sparse TBx: 0 | Sys MIL: 1
Train | Loss: 2.1910 | L_Les: 2.1910 (Dense 0.9461, Sparse 0.0000, Sys 1.5100)
Val   | Loss: 1.5106 | Les-Dice: 0.1885 | Les-F1: 0.2166 | Patient-BAcc: 0.5000 | Region-BAcc: 0.5602
--- Lesion EM / Loss Multipliers ---
Dense: 1.000 | Sparse TBx: 0.000 | Sys MIL: 1.000
Selection metric (composite): 0.3593
--> Best Model Saved (Score: 0.3593)

Epoch 12/100
Curriculum/task status | Dense: 1 | Sparse TBx: 0 | Sys MIL: 1
Train | Loss: 2.2091 | L_Les: 2.2091 (Dense 0.9471, Sparse 0.0000, Sys 1.5057)
Val   | Loss: 1.3824 | Les-Dice: 0.1868 | Les-F1: 0.2100 | Patient-BAcc: 0.5000 | Region-BAcc: 0.4918
--- Lesion EM / Loss Multipliers ---
Dense: 1.000 | Sparse TBx: 0.000 | Sys MIL: 1.000
Selection metric (composite): 0.3414

Epoch 13/100
Curriculum/task status | Dense: 1 | Sparse TBx: 0 | Sys MIL: 1
Train | Loss: 2.1589 | L_Les: 2.1589 (Dense 0.9425, Sparse 0.0000, Sys 1.4962)
Val   | Loss: 1.4303 | Les-Dice: 0.1872 | Les-F1: 0.2201 | Patient-BAcc: 0.5000 | Region-BAcc: 0.5126
--- Lesion EM / Loss Multipliers ---
Dense: 1.000 | Sparse TBx: 0.000 | Sys MIL: 1.000
Selection metric (composite): 0.3467

Epoch 14/100
Curriculum/task status | Dense: 1 | Sparse TBx: 0 | Sys MIL: 1
Train | Loss: 2.1191 | L_Les: 2.1191 (Dense 0.9344, Sparse 0.0000, Sys 1.4699)
Val   | Loss: 1.5065 | Les-Dice: 0.1840 | Les-F1: 0.2213 | Patient-BAcc: 0.5000 | Region-BAcc: 0.5154
--- Lesion EM / Loss Multipliers ---
Dense: 1.000 | Sparse TBx: 0.000 | Sys MIL: 1.000
Selection metric (composite): 0.3458

Epoch 15/100
Curriculum/task status | Dense: 1 | Sparse TBx: 0 | Sys MIL: 1
Train | Loss: 2.1430 | L_Les: 2.1430 (Dense 0.9251, Sparse 0.0000, Sys 1.4380)
Val   | Loss: 1.4940 | Les-Dice: 0.2024 | Les-F1: 0.2323 | Patient-BAcc: 0.5000 | Region-BAcc: 0.5057
--- Lesion EM / Loss Multipliers ---
Dense: 1.000 | Sparse TBx: 0.000 | Sys MIL: 1.000
Selection metric (composite): 0.3526

Epoch 16/100
Curriculum/task status | Dense: 1 | Sparse TBx: 0 | Sys MIL: 1
Train | Loss: 2.1495 | L_Les: 2.1495 (Dense 0.9218, Sparse 0.0000, Sys 1.4565)
Val   | Loss: 1.5336 | Les-Dice: 0.1982 | Les-F1: 0.2313 | Patient-BAcc: 0.4972 | Region-BAcc: 0.5202
--- Lesion EM / Loss Multipliers ---
Dense: 1.000 | Sparse TBx: 0.000 | Sys MIL: 1.000
Selection metric (composite): 0.3535

Epoch 17/100
Curriculum/task status | Dense: 1 | Sparse TBx: 0 | Sys MIL: 1
Train | Loss: 2.2314 | L_Les: 2.2314 (Dense 0.9261, Sparse 0.0000, Sys 1.5617)
Val   | Loss: 1.3964 | Les-Dice: 0.2120 | Les-F1: 0.2325 | Patient-BAcc: 0.5000 | Region-BAcc: 0.4982
--- Lesion EM / Loss Multipliers ---
Dense: 1.000 | Sparse TBx: 0.000 | Sys MIL: 1.000
Selection metric (composite): 0.3556

Epoch 18/100
Curriculum/task status | Dense: 1 | Sparse TBx: 0 | Sys MIL: 1
Train | Loss: 2.1627 | L_Les: 2.1627 (Dense 0.9219, Sparse 0.0000, Sys 1.4651)
Val   | Loss: 1.4063 | Les-Dice: 0.2111 | Les-F1: 0.2400 | Patient-BAcc: 0.5000 | Region-BAcc: 0.5328
--- Lesion EM / Loss Multipliers ---
Dense: 1.000 | Sparse TBx: 0.000 | Sys MIL: 1.000
Selection metric (composite): 0.3637
--> Best Model Saved (Score: 0.3637)

Epoch 19/100
Curriculum/task status | Dense: 1 | Sparse TBx: 0 | Sys MIL: 1
Train | Loss: 2.1298 | L_Les: 2.1298 (Dense 0.9157, Sparse 0.0000, Sys 1.4717)
Val   | Loss: 1.7821 | Les-Dice: 0.2130 | Les-F1: 0.2449 | Patient-BAcc: 0.4972 | Region-BAcc: 0.5373
--- Lesion EM / Loss Multipliers ---
Dense: 1.000 | Sparse TBx: 0.000 | Sys MIL: 1.000
Selection metric (composite): 0.3651
--> Best Model Saved (Score: 0.3651)

Epoch 20/100
Curriculum/task status | Dense: 1 | Sparse TBx: 0 | Sys MIL: 1
Train | Loss: 2.1813 | L_Les: 2.1813 (Dense 0.9160, Sparse 0.0000, Sys 1.5363)
Val   | Loss: 1.5163 | Les-Dice: 0.1975 | Les-F1: 0.2347 | Patient-BAcc: 0.4944 | Region-BAcc: 0.5142
--- Lesion EM / Loss Multipliers ---
Dense: 1.000 | Sparse TBx: 0.000 | Sys MIL: 1.000
Selection metric (composite): 0.3509

Epoch 21/100
Curriculum/task status | Dense: 1 | Sparse TBx: 0 | Sys MIL: 1
Train | Loss: 2.1032 | L_Les: 2.1032 (Dense 0.9047, Sparse 0.0000, Sys 1.4439)
Val   | Loss: 1.5512 | Les-Dice: 0.2190 | Les-F1: 0.2505 | Patient-BAcc: 0.4972 | Region-BAcc: 0.5104
--- Lesion EM / Loss Multipliers ---
Dense: 1.000 | Sparse TBx: 0.000 | Sys MIL: 1.000
Selection metric (composite): 0.3614

Epoch 22/100
Curriculum/task status | Dense: 1 | Sparse TBx: 0 | Sys MIL: 1
Train | Loss: 2.0533 | L_Les: 2.0533 (Dense 0.9028, Sparse 0.0000, Sys 1.4511)
Val   | Loss: 1.5061 | Les-Dice: 0.2121 | Les-F1: 0.2487 | Patient-BAcc: 0.5000 | Region-BAcc: 0.5043
--- Lesion EM / Loss Multipliers ---
Dense: 1.000 | Sparse TBx: 0.000 | Sys MIL: 1.000
Selection metric (composite): 0.3571

Epoch 23/100
Curriculum/task status | Dense: 1 | Sparse TBx: 0 | Sys MIL: 1
Train | Loss: 2.2543 | L_Les: 2.2543 (Dense 0.9003, Sparse 0.0000, Sys 1.6028)
Val   | Loss: 1.4005 | Les-Dice: 0.2340 | Les-F1: 0.2553 | Patient-BAcc: 0.4972 | Region-BAcc: 0.5203
--- Lesion EM / Loss Multipliers ---
Dense: 1.000 | Sparse TBx: 0.000 | Sys MIL: 1.000
Selection metric (composite): 0.3714
--> Best Model Saved (Score: 0.3714)

Epoch 24/100
Curriculum/task status | Dense: 1 | Sparse TBx: 0 | Sys MIL: 1
Train | Loss: 2.0156 | L_Les: 2.0156 (Dense 0.8999, Sparse 0.0000, Sys 1.4152)
Val   | Loss: 1.8103 | Les-Dice: 0.2051 | Les-F1: 0.2421 | Patient-BAcc: 0.4944 | Region-BAcc: 0.5415
--- Lesion EM / Loss Multipliers ---
Dense: 1.000 | Sparse TBx: 0.000 | Sys MIL: 1.000
Selection metric (composite): 0.3616

Epoch 25/100
Curriculum/task status | Dense: 1 | Sparse TBx: 0 | Sys MIL: 1
Train | Loss: 2.1106 | L_Les: 2.1106 (Dense 0.8977, Sparse 0.0000, Sys 1.4667)
Val   | Loss: 1.5664 | Les-Dice: 0.2125 | Les-F1: 0.2515 | Patient-BAcc: 0.4972 | Region-BAcc: 0.5584
--- Lesion EM / Loss Multipliers ---
Dense: 1.000 | Sparse TBx: 0.000 | Sys MIL: 1.000
Selection metric (composite): 0.3702

Epoch 26/100
Curriculum/task status | Dense: 1 | Sparse TBx: 0 | Sys MIL: 1
Train | Loss: 2.1986 | L_Les: 2.1986 (Dense 0.8978, Sparse 0.0000, Sys 1.5745)
Val   | Loss: 1.6206 | Les-Dice: 0.2191 | Les-F1: 0.2378 | Patient-BAcc: 0.5000 | Region-BAcc: 0.5085
--- Lesion EM / Loss Multipliers ---
Dense: 1.000 | Sparse TBx: 0.000 | Sys MIL: 1.000
Selection metric (composite): 0.3617

Epoch 27/100
Curriculum/task status | Dense: 1 | Sparse TBx: 0 | Sys MIL: 1
Train | Loss: 2.1332 | L_Les: 2.1332 (Dense 0.8963, Sparse 0.0000, Sys 1.4770)
Val   | Loss: 1.8591 | Les-Dice: 0.2402 | Les-F1: 0.2626 | Patient-BAcc: 0.4972 | Region-BAcc: 0.5101
--- Lesion EM / Loss Multipliers ---
Dense: 1.000 | Sparse TBx: 0.000 | Sys MIL: 1.000
Selection metric (composite): 0.3719
--> Best Model Saved (Score: 0.3719)

Epoch 28/100
Curriculum/task status | Dense: 1 | Sparse TBx: 0 | Sys MIL: 1
Train | Loss: 2.2012 | L_Les: 2.2012 (Dense 0.8846, Sparse 0.0000, Sys 1.5074)
Val   | Loss: 1.5282 | Les-Dice: 0.2308 | Les-F1: 0.2632 | Patient-BAcc: 0.4972 | Region-BAcc: 0.5652
--- Lesion EM / Loss Multipliers ---
Dense: 1.000 | Sparse TBx: 0.000 | Sys MIL: 1.000
Selection metric (composite): 0.3810
--> Best Model Saved (Score: 0.3810)

Epoch 29/100
Curriculum/task status | Dense: 1 | Sparse TBx: 0 | Sys MIL: 1
Train | Loss: 2.1416 | L_Les: 2.1416 (Dense 0.8846, Sparse 0.0000, Sys 1.4924)
Val   | Loss: 1.7252 | Les-Dice: 0.2362 | Les-F1: 0.2611 | Patient-BAcc: 0.4972 | Region-BAcc: 0.5308
--- Lesion EM / Loss Multipliers ---
Dense: 1.000 | Sparse TBx: 0.000 | Sys MIL: 1.000
Selection metric (composite): 0.3751

Epoch 30/100
Curriculum/task status | Dense: 1 | Sparse TBx: 0 | Sys MIL: 1
Train | Loss: 2.1033 | L_Les: 2.1033 (Dense 0.8839, Sparse 0.0000, Sys 1.4264)
Val   | Loss: 1.4806 | Les-Dice: 0.2297 | Les-F1: 0.2496 | Patient-BAcc: 0.4972 | Region-BAcc: 0.5532
--- Lesion EM / Loss Multipliers ---
Dense: 1.000 | Sparse TBx: 0.000 | Sys MIL: 1.000
Selection metric (composite): 0.3775

Epoch 31/100
Curriculum/task status | Dense: 1 | Sparse TBx: 0 | Sys MIL: 1
Train | Loss: 2.0547 | L_Les: 2.0547 (Dense 0.8764, Sparse 0.0000, Sys 1.4420)
Val   | Loss: 1.8895 | Les-Dice: 0.2403 | Les-F1: 0.2681 | Patient-BAcc: 0.4944 | Region-BAcc: 0.5777
--- Lesion EM / Loss Multipliers ---
Dense: 1.000 | Sparse TBx: 0.000 | Sys MIL: 1.000
Selection metric (composite): 0.3882
--> Best Model Saved (Score: 0.3882)

Epoch 32/100
Curriculum/task status | Dense: 1 | Sparse TBx: 0 | Sys MIL: 1
Train | Loss: 2.0767 | L_Les: 2.0767 (Dense 0.8686, Sparse 0.0000, Sys 1.4655)
Val   | Loss: 1.8678 | Les-Dice: 0.2422 | Les-F1: 0.2784 | Patient-BAcc: 0.4964 | Region-BAcc: 0.5892
--- Lesion EM / Loss Multipliers ---
Dense: 1.000 | Sparse TBx: 0.000 | Sys MIL: 1.000
Selection metric (composite): 0.3925
--> Best Model Saved (Score: 0.3925)

Epoch 33/100
Curriculum/task status | Dense: 1 | Sparse TBx: 0 | Sys MIL: 1
Train | Loss: 2.1896 | L_Les: 2.1896 (Dense 0.8686, Sparse 0.0000, Sys 1.6097)
Val   | Loss: 1.6268 | Les-Dice: 0.2415 | Les-F1: 0.2703 | Patient-BAcc: 0.4972 | Region-BAcc: 0.6107
--- Lesion EM / Loss Multipliers ---
Dense: 1.000 | Sparse TBx: 0.000 | Sys MIL: 1.000
Selection metric (composite): 0.3977
--> Best Model Saved (Score: 0.3977)

Epoch 34/100
Curriculum/task status | Dense: 1 | Sparse TBx: 0 | Sys MIL: 1
Train | Loss: 2.1255 | L_Les: 2.1255 (Dense 0.8683, Sparse 0.0000, Sys 1.5056)
Val   | Loss: 1.5976 | Les-Dice: 0.2448 | Les-F1: 0.2682 | Patient-BAcc: 0.5000 | Region-BAcc: 0.5477
--- Lesion EM / Loss Multipliers ---
Dense: 1.000 | Sparse TBx: 0.000 | Sys MIL: 1.000
Selection metric (composite): 0.3843

Epoch 35/100
Curriculum/task status | Dense: 1 | Sparse TBx: 0 | Sys MIL: 1
Train | Loss: 2.1363 | L_Les: 2.1363 (Dense 0.8735, Sparse 0.0000, Sys 1.5273)
Val   | Loss: 1.7789 | Les-Dice: 0.2458 | Les-F1: 0.2821 | Patient-BAcc: 0.4992 | Region-BAcc: 0.5599
--- Lesion EM / Loss Multipliers ---
Dense: 1.000 | Sparse TBx: 0.000 | Sys MIL: 1.000
Selection metric (composite): 0.3877

Epoch 36/100
Curriculum/task status | Dense: 1 | Sparse TBx: 0 | Sys MIL: 1
Train | Loss: 2.0528 | L_Les: 2.0528 (Dense 0.8623, Sparse 0.0000, Sys 1.5141)
Val   | Loss: 1.6513 | Les-Dice: 0.2478 | Les-F1: 0.2755 | Patient-BAcc: 0.5000 | Region-BAcc: 0.5703
--- Lesion EM / Loss Multipliers ---
Dense: 1.000 | Sparse TBx: 0.000 | Sys MIL: 1.000
Selection metric (composite): 0.3915

Epoch 37/100
Curriculum/task status | Dense: 1 | Sparse TBx: 0 | Sys MIL: 1
Train | Loss: 2.0840 | L_Les: 2.0840 (Dense 0.8641, Sparse 0.0000, Sys 1.4618)
Val   | Loss: 1.8221 | Les-Dice: 0.2529 | Les-F1: 0.2912 | Patient-BAcc: 0.5067 | Region-BAcc: 0.5492
--- Lesion EM / Loss Multipliers ---
Dense: 1.000 | Sparse TBx: 0.000 | Sys MIL: 1.000
Selection metric (composite): 0.3904

Epoch 38/100
Curriculum/task status | Dense: 1 | Sparse TBx: 0 | Sys MIL: 1
Train | Loss: 2.0455 | L_Les: 2.0455 (Dense 0.8546, Sparse 0.0000, Sys 1.4814)
Val   | Loss: 1.9071 | Les-Dice: 0.2414 | Les-F1: 0.2822 | Patient-BAcc: 0.5127 | Region-BAcc: 0.5406
--- Lesion EM / Loss Multipliers ---
Dense: 1.000 | Sparse TBx: 0.000 | Sys MIL: 1.000
Selection metric (composite): 0.3840

Epoch 39/100
Curriculum/task status | Dense: 1 | Sparse TBx: 0 | Sys MIL: 1
Train | Loss: 2.1126 | L_Les: 2.1126 (Dense 0.8561, Sparse 0.0000, Sys 1.5144)
Val   | Loss: 1.8479 | Les-Dice: 0.2504 | Les-F1: 0.2837 | Patient-BAcc: 0.5060 | Region-BAcc: 0.5931
--- Lesion EM / Loss Multipliers ---
Dense: 1.000 | Sparse TBx: 0.000 | Sys MIL: 1.000
Selection metric (composite): 0.4000
--> Best Model Saved (Score: 0.4000)

Epoch 40/100
Curriculum/task status | Dense: 1 | Sparse TBx: 0 | Sys MIL: 1
Train | Loss: 2.0066 | L_Les: 2.0066 (Dense 0.8565, Sparse 0.0000, Sys 1.3621)
Val   | Loss: 1.7926 | Les-Dice: 0.2530 | Les-F1: 0.2831 | Patient-BAcc: 0.4972 | Region-BAcc: 0.5607
--- Lesion EM / Loss Multipliers ---
Dense: 1.000 | Sparse TBx: 0.000 | Sys MIL: 1.000
Selection metric (composite): 0.3910

Epoch 41/100
Curriculum/task status | Dense: 1 | Sparse TBx: 0 | Sys MIL: 1
Train | Loss: 1.9661 | L_Les: 1.9661 (Dense 0.8482, Sparse 0.0000, Sys 1.3830)
Val   | Loss: 1.7902 | Les-Dice: 0.2500 | Les-F1: 0.2887 | Patient-BAcc: 0.4944 | Region-BAcc: 0.5776
--- Lesion EM / Loss Multipliers ---
Dense: 1.000 | Sparse TBx: 0.000 | Sys MIL: 1.000
Selection metric (composite): 0.3930

Epoch 42/100
Curriculum/task status | Dense: 1 | Sparse TBx: 0 | Sys MIL: 1
Train | Loss: 2.0396 | L_Les: 2.0396 (Dense 0.8491, Sparse 0.0000, Sys 1.4379)
Val   | Loss: 2.1312 | Les-Dice: 0.2441 | Les-F1: 0.2856 | Patient-BAcc: 0.5087 | Region-BAcc: 0.5913
--- Lesion EM / Loss Multipliers ---
Dense: 1.000 | Sparse TBx: 0.000 | Sys MIL: 1.000
Selection metric (composite): 0.3971

Epoch 43/100
Curriculum/task status | Dense: 1 | Sparse TBx: 0 | Sys MIL: 1
Train | Loss: 2.0770 | L_Les: 2.0770 (Dense 0.8483, Sparse 0.0000, Sys 1.4779)
Val   | Loss: 1.9698 | Les-Dice: 0.2372 | Les-F1: 0.2817 | Patient-BAcc: 0.4917 | Region-BAcc: 0.5933
--- Lesion EM / Loss Multipliers ---
Dense: 1.000 | Sparse TBx: 0.000 | Sys MIL: 1.000
Selection metric (composite): 0.3898

Epoch 44/100
Curriculum/task status | Dense: 1 | Sparse TBx: 0 | Sys MIL: 1
Train | Loss: 2.0725 | L_Les: 2.0725 (Dense 0.8427, Sparse 0.0000, Sys 1.4928)
Val   | Loss: 2.1988 | Les-Dice: 0.2608 | Les-F1: 0.2986 | Patient-BAcc: 0.5167 | Region-BAcc: 0.5603
--- Lesion EM / Loss Multipliers ---
Dense: 1.000 | Sparse TBx: 0.000 | Sys MIL: 1.000
Selection metric (composite): 0.3997

Epoch 45/100
Curriculum/task status | Dense: 1 | Sparse TBx: 0 | Sys MIL: 1
Train | Loss: 2.0291 | L_Les: 2.0291 (Dense 0.8408, Sparse 0.0000, Sys 1.4221)
Val   | Loss: 2.1631 | Les-Dice: 0.2615 | Les-F1: 0.3011 | Patient-BAcc: 0.5127 | Region-BAcc: 0.5439
--- Lesion EM / Loss Multipliers ---
Dense: 1.000 | Sparse TBx: 0.000 | Sys MIL: 1.000
Selection metric (composite): 0.3949

Epoch 46/100
Curriculum/task status | Dense: 1 | Sparse TBx: 0 | Sys MIL: 1
Train | Loss: 1.9492 | L_Les: 1.9492 (Dense 0.8395, Sparse 0.0000, Sys 1.3356)
Val   | Loss: 2.0674 | Les-Dice: 0.2523 | Les-F1: 0.2895 | Patient-BAcc: 0.5127 | Region-BAcc: 0.5933
--- Lesion EM / Loss Multipliers ---
Dense: 1.000 | Sparse TBx: 0.000 | Sys MIL: 1.000
Selection metric (composite): 0.4027
--> Best Model Saved (Score: 0.4027)

Epoch 47/100
Curriculum/task status | Dense: 1 | Sparse TBx: 0 | Sys MIL: 1
Train | Loss: 1.9994 | L_Les: 1.9994 (Dense 0.8385, Sparse 0.0000, Sys 1.3874)
Val   | Loss: 1.8948 | Les-Dice: 0.2661 | Les-F1: 0.3041 | Patient-BAcc: 0.5163 | Region-BAcc: 0.5903
--- Lesion EM / Loss Multipliers ---
Dense: 1.000 | Sparse TBx: 0.000 | Sys MIL: 1.000
Selection metric (composite): 0.4097
--> Best Model Saved (Score: 0.4097)

Epoch 48/100
Curriculum/task status | Dense: 1 | Sparse TBx: 0 | Sys MIL: 1
Train | Loss: 2.1513 | L_Les: 2.1513 (Dense 0.8377, Sparse 0.0000, Sys 1.5928)
Val   | Loss: 2.2702 | Les-Dice: 0.2608 | Les-F1: 0.2994 | Patient-BAcc: 0.5107 | Region-BAcc: 0.5414
--- Lesion EM / Loss Multipliers ---
Dense: 1.000 | Sparse TBx: 0.000 | Sys MIL: 1.000
Selection metric (composite): 0.3934

Epoch 49/100
Curriculum/task status | Dense: 1 | Sparse TBx: 0 | Sys MIL: 1
Train | Loss: 1.9404 | L_Les: 1.9404 (Dense 0.8331, Sparse 0.0000, Sys 1.3792)
Val   | Loss: 2.2009 | Les-Dice: 0.2645 | Les-F1: 0.3027 | Patient-BAcc: 0.5099 | Region-BAcc: 0.5525
--- Lesion EM / Loss Multipliers ---
Dense: 1.000 | Sparse TBx: 0.000 | Sys MIL: 1.000
Selection metric (composite): 0.3979

Epoch 50/100
Curriculum/task status | Dense: 1 | Sparse TBx: 0 | Sys MIL: 1
Train | Loss: 1.8942 | L_Les: 1.8942 (Dense 0.8384, Sparse 0.0000, Sys 1.3192)
Val   | Loss: 2.6628 | Les-Dice: 0.2593 | Les-F1: 0.3011 | Patient-BAcc: 0.5627 | Region-BAcc: 0.5218
--- Lesion EM / Loss Multipliers ---
Dense: 1.000 | Sparse TBx: 0.000 | Sys MIL: 1.000
Selection metric (composite): 0.4008

Epoch 51/100
Curriculum/task status | Dense: 1 | Sparse TBx: 0 | Sys MIL: 1
Train | Loss: 1.9951 | L_Les: 1.9951 (Dense 0.8363, Sparse 0.0000, Sys 1.3739)
Val   | Loss: 2.3159 | Les-Dice: 0.2665 | Les-F1: 0.3003 | Patient-BAcc: 0.5127 | Region-BAcc: 0.5370
--- Lesion EM / Loss Multipliers ---
Dense: 1.000 | Sparse TBx: 0.000 | Sys MIL: 1.000
Selection metric (composite): 0.3957

Epoch 52/100
Curriculum/task status | Dense: 1 | Sparse TBx: 0 | Sys MIL: 1
Train | Loss: 1.8588 | L_Les: 1.8588 (Dense 0.8301, Sparse 0.0000, Sys 1.3146)
Val   | Loss: 3.0550 | Les-Dice: 0.2695 | Les-F1: 0.3111 | Patient-BAcc: 0.5821 | Region-BAcc: 0.5537
--- Lesion EM / Loss Multipliers ---
Dense: 1.000 | Sparse TBx: 0.000 | Sys MIL: 1.000
Selection metric (composite): 0.4187
--> Best Model Saved (Score: 0.4187)

Epoch 53/100
Curriculum/task status | Dense: 1 | Sparse TBx: 0 | Sys MIL: 1
Train | Loss: 1.9643 | L_Les: 1.9643 (Dense 0.8307, Sparse 0.0000, Sys 1.4009)
Val   | Loss: 2.1025 | Les-Dice: 0.2597 | Les-F1: 0.2927 | Patient-BAcc: 0.5183 | Region-BAcc: 0.5827
--- Lesion EM / Loss Multipliers ---
Dense: 1.000 | Sparse TBx: 0.000 | Sys MIL: 1.000
Selection metric (composite): 0.4051

Epoch 54/100
Curriculum/task status | Dense: 1 | Sparse TBx: 0 | Sys MIL: 1
Train | Loss: 1.8911 | L_Les: 1.8911 (Dense 0.8279, Sparse 0.0000, Sys 1.3185)
Val   | Loss: 2.3570 | Les-Dice: 0.2685 | Les-F1: 0.3100 | Patient-BAcc: 0.5222 | Region-BAcc: 0.5743
--- Lesion EM / Loss Multipliers ---
Dense: 1.000 | Sparse TBx: 0.000 | Sys MIL: 1.000
Selection metric (composite): 0.4084

Epoch 55/100
Curriculum/task status | Dense: 1 | Sparse TBx: 0 | Sys MIL: 1
Train | Loss: 2.0110 | L_Les: 2.0110 (Dense 0.8336, Sparse 0.0000, Sys 1.4456)
Val   | Loss: 2.2553 | Les-Dice: 0.2653 | Les-F1: 0.3003 | Patient-BAcc: 0.5111 | Region-BAcc: 0.5826
--- Lesion EM / Loss Multipliers ---
Dense: 1.000 | Sparse TBx: 0.000 | Sys MIL: 1.000
Selection metric (composite): 0.4061

Epoch 56/100
Curriculum/task status | Dense: 1 | Sparse TBx: 0 | Sys MIL: 1
Train | Loss: 1.8210 | L_Les: 1.8210 (Dense 0.8288, Sparse 0.0000, Sys 1.2458)
Val   | Loss: 3.1874 | Les-Dice: 0.2698 | Les-F1: 0.3109 | Patient-BAcc: 0.5933 | Region-BAcc: 0.5177
--- Lesion EM / Loss Multipliers ---
Dense: 1.000 | Sparse TBx: 0.000 | Sys MIL: 1.000
Selection metric (composite): 0.4126

Epoch 57/100
Curriculum/task status | Dense: 1 | Sparse TBx: 0 | Sys MIL: 1
Train | Loss: 2.0158 | L_Les: 2.0158 (Dense 0.8300, Sparse 0.0000, Sys 1.4733)
Val   | Loss: 2.6581 | Les-Dice: 0.2707 | Les-F1: 0.3056 | Patient-BAcc: 0.5627 | Region-BAcc: 0.5626
--- Lesion EM / Loss Multipliers ---
Dense: 1.000 | Sparse TBx: 0.000 | Sys MIL: 1.000
Selection metric (composite): 0.4167

Epoch 58/100
Curriculum/task status | Dense: 1 | Sparse TBx: 0 | Sys MIL: 1
Train | Loss: 1.8641 | L_Les: 1.8641 (Dense 0.8233, Sparse 0.0000, Sys 1.2687)
Val   | Loss: 2.5553 | Les-Dice: 0.2762 | Les-F1: 0.3157 | Patient-BAcc: 0.5560 | Region-BAcc: 0.5622
--- Lesion EM / Loss Multipliers ---
Dense: 1.000 | Sparse TBx: 0.000 | Sys MIL: 1.000
Selection metric (composite): 0.4177

Epoch 59/100
Curriculum/task status | Dense: 1 | Sparse TBx: 0 | Sys MIL: 1
Train | Loss: 1.8827 | L_Les: 1.8827 (Dense 0.8232, Sparse 0.0000, Sys 1.2506)
Val   | Loss: 2.8159 | Les-Dice: 0.2746 | Les-F1: 0.3156 | Patient-BAcc: 0.5643 | Region-BAcc: 0.5616
--- Lesion EM / Loss Multipliers ---
Dense: 1.000 | Sparse TBx: 0.000 | Sys MIL: 1.000
Selection metric (composite): 0.4188
--> Best Model Saved (Score: 0.4188)

Epoch 60/100
Curriculum/task status | Dense: 1 | Sparse TBx: 0 | Sys MIL: 1
Train | Loss: 1.8973 | L_Les: 1.8973 (Dense 0.8234, Sparse 0.0000, Sys 1.4235)
Val   | Loss: 2.6106 | Les-Dice: 0.2767 | Les-F1: 0.3163 | Patient-BAcc: 0.5472 | Region-BAcc: 0.5777
--- Lesion EM / Loss Multipliers ---
Dense: 1.000 | Sparse TBx: 0.000 | Sys MIL: 1.000
Selection metric (composite): 0.4196
--> Best Model Saved (Score: 0.4196)

Epoch 61/100
Curriculum/task status | Dense: 1 | Sparse TBx: 0 | Sys MIL: 1
Train | Loss: 1.9611 | L_Les: 1.9611 (Dense 0.8193, Sparse 0.0000, Sys 1.3899)
Val   | Loss: 3.2054 | Les-Dice: 0.2750 | Les-F1: 0.3190 | Patient-BAcc: 0.6210 | Region-BAcc: 0.5641
--- Lesion EM / Loss Multipliers ---
Dense: 1.000 | Sparse TBx: 0.000 | Sys MIL: 1.000
Selection metric (composite): 0.4338
--> Best Model Saved (Score: 0.4338)

Epoch 62/100
Curriculum/task status | Dense: 1 | Sparse TBx: 0 | Sys MIL: 1
Train | Loss: 1.7083 | L_Les: 1.7083 (Dense 0.8154, Sparse 0.0000, Sys 1.2137)
Val   | Loss: 2.6460 | Les-Dice: 0.2700 | Les-F1: 0.3076 | Patient-BAcc: 0.5452 | Region-BAcc: 0.5634
--- Lesion EM / Loss Multipliers ---
Dense: 1.000 | Sparse TBx: 0.000 | Sys MIL: 1.000
Selection metric (composite): 0.4122

Epoch 63/100
Curriculum/task status | Dense: 1 | Sparse TBx: 0 | Sys MIL: 1
Train | Loss: 1.7343 | L_Les: 1.7343 (Dense 0.8195, Sparse 0.0000, Sys 1.0901)
Val   | Loss: 3.1426 | Les-Dice: 0.2771 | Les-F1: 0.3191 | Patient-BAcc: 0.6198 | Region-BAcc: 0.5492
--- Lesion EM / Loss Multipliers ---
Dense: 1.000 | Sparse TBx: 0.000 | Sys MIL: 1.000
Selection metric (composite): 0.4308

Epoch 64/100
Curriculum/task status | Dense: 1 | Sparse TBx: 0 | Sys MIL: 1
Train | Loss: 1.9019 | L_Les: 1.9019 (Dense 0.8164, Sparse 0.0000, Sys 1.3310)
Val   | Loss: 3.2162 | Les-Dice: 0.2701 | Les-F1: 0.3174 | Patient-BAcc: 0.6266 | Region-BAcc: 0.5303
--- Lesion EM / Loss Multipliers ---
Dense: 1.000 | Sparse TBx: 0.000 | Sys MIL: 1.000
Selection metric (composite): 0.4243

Epoch 65/100
Curriculum/task status | Dense: 1 | Sparse TBx: 0 | Sys MIL: 1
Train | Loss: 1.8979 | L_Les: 1.8979 (Dense 0.8175, Sparse 0.0000, Sys 1.3318)
Val   | Loss: 2.9342 | Les-Dice: 0.2798 | Les-F1: 0.3190 | Patient-BAcc: 0.5734 | Region-BAcc: 0.5663
--- Lesion EM / Loss Multipliers ---
Dense: 1.000 | Sparse TBx: 0.000 | Sys MIL: 1.000
Selection metric (composite): 0.4248

Epoch 66/100
Curriculum/task status | Dense: 1 | Sparse TBx: 0 | Sys MIL: 1
Train | Loss: 1.7896 | L_Les: 1.7896 (Dense 0.8162, Sparse 0.0000, Sys 1.1689)
Val   | Loss: 3.3061 | Les-Dice: 0.2726 | Les-F1: 0.3162 | Patient-BAcc: 0.5964 | Region-BAcc: 0.5237
--- Lesion EM / Loss Multipliers ---
Dense: 1.000 | Sparse TBx: 0.000 | Sys MIL: 1.000
Selection metric (composite): 0.4163

Epoch 67/100
Curriculum/task status | Dense: 1 | Sparse TBx: 0 | Sys MIL: 1
Train | Loss: 1.7753 | L_Les: 1.7753 (Dense 0.8114, Sparse 0.0000, Sys 1.1660)
Val   | Loss: 3.5296 | Les-Dice: 0.2726 | Les-F1: 0.3173 | Patient-BAcc: 0.6214 | Region-BAcc: 0.5221
--- Lesion EM / Loss Multipliers ---
Dense: 1.000 | Sparse TBx: 0.000 | Sys MIL: 1.000
Selection metric (composite): 0.4222

Epoch 68/100
Curriculum/task status | Dense: 1 | Sparse TBx: 0 | Sys MIL: 1
Train | Loss: 1.8836 | L_Les: 1.8836 (Dense 0.8118, Sparse 0.0000, Sys 1.2747)
Val   | Loss: 3.3426 | Les-Dice: 0.2700 | Les-F1: 0.3123 | Patient-BAcc: 0.6532 | Region-BAcc: 0.5358
--- Lesion EM / Loss Multipliers ---
Dense: 1.000 | Sparse TBx: 0.000 | Sys MIL: 1.000
Selection metric (composite): 0.4322

Epoch 69/100
Curriculum/task status | Dense: 1 | Sparse TBx: 0 | Sys MIL: 1
Train | Loss: 1.6452 | L_Les: 1.6452 (Dense 0.8130, Sparse 0.0000, Sys 1.0441)
Val   | Loss: 2.9418 | Les-Dice: 0.2761 | Les-F1: 0.3136 | Patient-BAcc: 0.5623 | Region-BAcc: 0.5681
--- Lesion EM / Loss Multipliers ---
Dense: 1.000 | Sparse TBx: 0.000 | Sys MIL: 1.000
Selection metric (composite): 0.4207

Epoch 70/100
Curriculum/task status | Dense: 1 | Sparse TBx: 0 | Sys MIL: 1
Train | Loss: 1.6314 | L_Les: 1.6314 (Dense 0.8099, Sparse 0.0000, Sys 1.0171)
Val   | Loss: 3.3304 | Les-Dice: 0.2835 | Les-F1: 0.3263 | Patient-BAcc: 0.5861 | Region-BAcc: 0.5715
--- Lesion EM / Loss Multipliers ---
Dense: 1.000 | Sparse TBx: 0.000 | Sys MIL: 1.000
Selection metric (composite): 0.4311

Epoch 71/100
Curriculum/task status | Dense: 1 | Sparse TBx: 0 | Sys MIL: 1
Train | Loss: 1.7142 | L_Les: 1.7142 (Dense 0.8115, Sparse 0.0000, Sys 1.1514)
Val   | Loss: 3.4751 | Les-Dice: 0.2836 | Les-F1: 0.3243 | Patient-BAcc: 0.6087 | Region-BAcc: 0.5337
--- Lesion EM / Loss Multipliers ---
Dense: 1.000 | Sparse TBx: 0.000 | Sys MIL: 1.000
Selection metric (composite): 0.4274

Epoch 72/100
Curriculum/task status | Dense: 1 | Sparse TBx: 0 | Sys MIL: 1
Train | Loss: 1.4615 | L_Les: 1.4615 (Dense 0.8137, Sparse 0.0000, Sys 0.9295)
Val   | Loss: 3.8464 | Les-Dice: 0.2790 | Les-F1: 0.3222 | Patient-BAcc: 0.6341 | Region-BAcc: 0.5297
--- Lesion EM / Loss Multipliers ---
Dense: 1.000 | Sparse TBx: 0.000 | Sys MIL: 1.000
Selection metric (composite): 0.4305

Epoch 73/100
Curriculum/task status | Dense: 1 | Sparse TBx: 0 | Sys MIL: 1
Train | Loss: 1.7325 | L_Les: 1.7325 (Dense 0.8096, Sparse 0.0000, Sys 1.2075)
Val   | Loss: 3.8028 | Les-Dice: 0.2709 | Les-F1: 0.3179 | Patient-BAcc: 0.6254 | Region-BAcc: 0.5091
--- Lesion EM / Loss Multipliers ---
Dense: 1.000 | Sparse TBx: 0.000 | Sys MIL: 1.000
Selection metric (composite): 0.4191

Epoch 74/100
Curriculum/task status | Dense: 1 | Sparse TBx: 0 | Sys MIL: 1
Train | Loss: 1.6282 | L_Les: 1.6282 (Dense 0.8100, Sparse 0.0000, Sys 1.0279)
Val   | Loss: 3.3303 | Les-Dice: 0.2791 | Les-F1: 0.3212 | Patient-BAcc: 0.5944 | Region-BAcc: 0.5548
--- Lesion EM / Loss Multipliers ---
Dense: 1.000 | Sparse TBx: 0.000 | Sys MIL: 1.000
Selection metric (composite): 0.4269

Epoch 75/100
Curriculum/task status | Dense: 1 | Sparse TBx: 0 | Sys MIL: 1
Train | Loss: 1.5237 | L_Les: 1.5237 (Dense 0.8077, Sparse 0.0000, Sys 0.9222)
Val   | Loss: 3.6091 | Les-Dice: 0.2819 | Les-F1: 0.3233 | Patient-BAcc: 0.6194 | Region-BAcc: 0.5371
--- Lesion EM / Loss Multipliers ---
Dense: 1.000 | Sparse TBx: 0.000 | Sys MIL: 1.000
Selection metric (composite): 0.4301

Epoch 76/100
Curriculum/task status | Dense: 1 | Sparse TBx: 0 | Sys MIL: 1
Train | Loss: 1.5919 | L_Les: 1.5919 (Dense 0.8051, Sparse 0.0000, Sys 1.0092)
Val   | Loss: 3.6568 | Les-Dice: 0.2809 | Les-F1: 0.3232 | Patient-BAcc: 0.6353 | Region-BAcc: 0.5564
--- Lesion EM / Loss Multipliers ---
Dense: 1.000 | Sparse TBx: 0.000 | Sys MIL: 1.000
Selection metric (composite): 0.4384
--> Best Model Saved (Score: 0.4384)

Epoch 77/100
Curriculum/task status | Dense: 1 | Sparse TBx: 0 | Sys MIL: 1
Train | Loss: 1.6622 | L_Les: 1.6622 (Dense 0.8027, Sparse 0.0000, Sys 1.1209)
Val   | Loss: 3.7531 | Les-Dice: 0.2856 | Les-F1: 0.3308 | Patient-BAcc: 0.6171 | Region-BAcc: 0.5419
--- Lesion EM / Loss Multipliers ---
Dense: 1.000 | Sparse TBx: 0.000 | Sys MIL: 1.000
Selection metric (composite): 0.4326

Epoch 78/100
Curriculum/task status | Dense: 1 | Sparse TBx: 0 | Sys MIL: 1
Train | Loss: 1.5865 | L_Les: 1.5865 (Dense 0.8056, Sparse 0.0000, Sys 0.9955)
Val   | Loss: 3.7904 | Les-Dice: 0.2866 | Les-F1: 0.3288 | Patient-BAcc: 0.6000 | Region-BAcc: 0.5256
--- Lesion EM / Loss Multipliers ---
Dense: 1.000 | Sparse TBx: 0.000 | Sys MIL: 1.000
Selection metric (composite): 0.4247

Epoch 79/100
Curriculum/task status | Dense: 1 | Sparse TBx: 0 | Sys MIL: 1
Train | Loss: 1.4088 | L_Les: 1.4088 (Dense 0.8026, Sparse 0.0000, Sys 0.7899)
Val   | Loss: 4.0177 | Les-Dice: 0.2838 | Les-F1: 0.3285 | Patient-BAcc: 0.6381 | Region-BAcc: 0.5309
--- Lesion EM / Loss Multipliers ---
Dense: 1.000 | Sparse TBx: 0.000 | Sys MIL: 1.000
Selection metric (composite): 0.4341

Epoch 80/100
Curriculum/task status | Dense: 1 | Sparse TBx: 0 | Sys MIL: 1
Train | Loss: 1.7054 | L_Les: 1.7054 (Dense 0.8064, Sparse 0.0000, Sys 1.0890)
Val   | Loss: 3.8658 | Les-Dice: 0.2836 | Les-F1: 0.3263 | Patient-BAcc: 0.6063 | Region-BAcc: 0.5303
--- Lesion EM / Loss Multipliers ---
Dense: 1.000 | Sparse TBx: 0.000 | Sys MIL: 1.000
Selection metric (composite): 0.4260

Epoch 81/100
Curriculum/task status | Dense: 1 | Sparse TBx: 0 | Sys MIL: 1
Train | Loss: 1.4823 | L_Les: 1.4823 (Dense 0.8060, Sparse 0.0000, Sys 0.9176)
Val   | Loss: 3.7545 | Les-Dice: 0.2843 | Les-F1: 0.3251 | Patient-BAcc: 0.6028 | Region-BAcc: 0.5392
--- Lesion EM / Loss Multipliers ---
Dense: 1.000 | Sparse TBx: 0.000 | Sys MIL: 1.000
Selection metric (composite): 0.4276

Epoch 82/100
Curriculum/task status | Dense: 1 | Sparse TBx: 0 | Sys MIL: 1
Train | Loss: 1.6016 | L_Les: 1.6016 (Dense 0.8046, Sparse 0.0000, Sys 1.0263)
Val   | Loss: 3.8997 | Les-Dice: 0.2873 | Les-F1: 0.3299 | Patient-BAcc: 0.6159 | Region-BAcc: 0.5422
--- Lesion EM / Loss Multipliers ---
Dense: 1.000 | Sparse TBx: 0.000 | Sys MIL: 1.000
Selection metric (composite): 0.4332

Epoch 83/100
Curriculum/task status | Dense: 1 | Sparse TBx: 0 | Sys MIL: 1
Train | Loss: 1.4817 | L_Les: 1.4817 (Dense 0.8022, Sparse 0.0000, Sys 0.9016)
Val   | Loss: 3.9287 | Les-Dice: 0.2856 | Les-F1: 0.3279 | Patient-BAcc: 0.6206 | Region-BAcc: 0.5343
--- Lesion EM / Loss Multipliers ---
Dense: 1.000 | Sparse TBx: 0.000 | Sys MIL: 1.000
Selection metric (composite): 0.4315

Epoch 84/100
Curriculum/task status | Dense: 1 | Sparse TBx: 0 | Sys MIL: 1
Train | Loss: 1.5868 | L_Les: 1.5868 (Dense 0.8061, Sparse 0.0000, Sys 1.0434)
Val   | Loss: 3.9856 | Les-Dice: 0.2850 | Les-F1: 0.3290 | Patient-BAcc: 0.6302 | Region-BAcc: 0.5270
--- Lesion EM / Loss Multipliers ---
Dense: 1.000 | Sparse TBx: 0.000 | Sys MIL: 1.000
Selection metric (composite): 0.4318

Epoch 85/100
Curriculum/task status | Dense: 1 | Sparse TBx: 0 | Sys MIL: 1
Train | Loss: 1.6247 | L_Les: 1.6247 (Dense 0.8014, Sparse 0.0000, Sys 1.0797)
Val   | Loss: 3.8590 | Les-Dice: 0.2869 | Les-F1: 0.3295 | Patient-BAcc: 0.6012 | Region-BAcc: 0.5434
--- Lesion EM / Loss Multipliers ---
Dense: 1.000 | Sparse TBx: 0.000 | Sys MIL: 1.000
Selection metric (composite): 0.4296

Epoch 86/100
Curriculum/task status | Dense: 1 | Sparse TBx: 0 | Sys MIL: 1
Train | Loss: 1.5001 | L_Les: 1.5001 (Dense 0.8005, Sparse 0.0000, Sys 0.9676)
Val   | Loss: 4.0123 | Les-Dice: 0.2872 | Les-F1: 0.3322 | Patient-BAcc: 0.6369 | Region-BAcc: 0.5343
--- Lesion EM / Loss Multipliers ---
Dense: 1.000 | Sparse TBx: 0.000 | Sys MIL: 1.000
Selection metric (composite): 0.4364

Epoch 87/100
Curriculum/task status | Dense: 1 | Sparse TBx: 0 | Sys MIL: 1
Train | Loss: 1.4904 | L_Les: 1.4904 (Dense 0.8009, Sparse 0.0000, Sys 0.8962)
Val   | Loss: 4.1190 | Les-Dice: 0.2872 | Les-F1: 0.3318 | Patient-BAcc: 0.6464 | Region-BAcc: 0.5200
--- Lesion EM / Loss Multipliers ---
Dense: 1.000 | Sparse TBx: 0.000 | Sys MIL: 1.000
Selection metric (composite): 0.4352

Epoch 88/100
Curriculum/task status | Dense: 1 | Sparse TBx: 0 | Sys MIL: 1
Train | Loss: 1.3768 | L_Les: 1.3768 (Dense 0.8016, Sparse 0.0000, Sys 0.8706)
Val   | Loss: 4.0411 | Les-Dice: 0.2866 | Les-F1: 0.3300 | Patient-BAcc: 0.6357 | Region-BAcc: 0.5200
--- Lesion EM / Loss Multipliers ---
Dense: 1.000 | Sparse TBx: 0.000 | Sys MIL: 1.000
Selection metric (composite): 0.4322

Epoch 89/100
Curriculum/task status | Dense: 1 | Sparse TBx: 0 | Sys MIL: 1
Train | Loss: 1.4757 | L_Les: 1.4757 (Dense 0.8031, Sparse 0.0000, Sys 0.8888)
Val   | Loss: 3.9819 | Les-Dice: 0.2875 | Les-F1: 0.3299 | Patient-BAcc: 0.6365 | Region-BAcc: 0.5198
--- Lesion EM / Loss Multipliers ---
Dense: 1.000 | Sparse TBx: 0.000 | Sys MIL: 1.000
Selection metric (composite): 0.4328

Epoch 90/100
Curriculum/task status | Dense: 1 | Sparse TBx: 0 | Sys MIL: 1
Train | Loss: 1.4826 | L_Les: 1.4826 (Dense 0.7982, Sparse 0.0000, Sys 0.9156)
Val   | Loss: 3.9246 | Les-Dice: 0.2873 | Les-F1: 0.3290 | Patient-BAcc: 0.6440 | Region-BAcc: 0.5292
--- Lesion EM / Loss Multipliers ---
Dense: 1.000 | Sparse TBx: 0.000 | Sys MIL: 1.000
Selection metric (composite): 0.4370

Epoch 91/100
Curriculum/task status | Dense: 1 | Sparse TBx: 0 | Sys MIL: 1
Train | Loss: 1.4961 | L_Les: 1.4961 (Dense 0.8005, Sparse 0.0000, Sys 0.9152)
Val   | Loss: 3.9224 | Les-Dice: 0.2871 | Les-F1: 0.3288 | Patient-BAcc: 0.6127 | Region-BAcc: 0.5386
--- Lesion EM / Loss Multipliers ---
Dense: 1.000 | Sparse TBx: 0.000 | Sys MIL: 1.000
Selection metric (composite): 0.4314

Epoch 92/100
Curriculum/task status | Dense: 1 | Sparse TBx: 0 | Sys MIL: 1
Train | Loss: 1.3663 | L_Les: 1.3663 (Dense 0.7990, Sparse 0.0000, Sys 0.7640)
Val   | Loss: 3.9980 | Les-Dice: 0.2884 | Les-F1: 0.3310 | Patient-BAcc: 0.6290 | Region-BAcc: 0.5268
--- Lesion EM / Loss Multipliers ---
Dense: 1.000 | Sparse TBx: 0.000 | Sys MIL: 1.000
Selection metric (composite): 0.4331

Epoch 93/100
Curriculum/task status | Dense: 1 | Sparse TBx: 0 | Sys MIL: 1
Train | Loss: 1.4204 | L_Les: 1.4204 (Dense 0.7992, Sparse 0.0000, Sys 0.8762)
Val   | Loss: 4.0668 | Les-Dice: 0.2885 | Les-F1: 0.3318 | Patient-BAcc: 0.6349 | Region-BAcc: 0.5258
--- Lesion EM / Loss Multipliers ---
Dense: 1.000 | Sparse TBx: 0.000 | Sys MIL: 1.000
Selection metric (composite): 0.4344

Epoch 94/100
Curriculum/task status | Dense: 1 | Sparse TBx: 0 | Sys MIL: 1
Train | Loss: 1.5200 | L_Les: 1.5200 (Dense 0.8015, Sparse 0.0000, Sys 0.9358)
Val   | Loss: 4.0550 | Les-Dice: 0.2885 | Les-F1: 0.3316 | Patient-BAcc: 0.6405 | Region-BAcc: 0.5283
--- Lesion EM / Loss Multipliers ---
Dense: 1.000 | Sparse TBx: 0.000 | Sys MIL: 1.000
Selection metric (composite): 0.4364

Epoch 95/100
Curriculum/task status | Dense: 1 | Sparse TBx: 0 | Sys MIL: 1
Train | Loss: 1.4277 | L_Les: 1.4277 (Dense 0.7977, Sparse 0.0000, Sys 0.8882)
Val   | Loss: 4.0541 | Les-Dice: 0.2886 | Les-F1: 0.3315 | Patient-BAcc: 0.6405 | Region-BAcc: 0.5283
--- Lesion EM / Loss Multipliers ---
Dense: 1.000 | Sparse TBx: 0.000 | Sys MIL: 1.000
Selection metric (composite): 0.4365

Epoch 96/100
Curriculum/task status | Dense: 1 | Sparse TBx: 0 | Sys MIL: 1
Train | Loss: 1.3788 | L_Les: 1.3788 (Dense 0.8014, Sparse 0.0000, Sys 0.8458)
Val   | Loss: 4.0712 | Les-Dice: 0.2885 | Les-F1: 0.3315 | Patient-BAcc: 0.6357 | Region-BAcc: 0.5252
--- Lesion EM / Loss Multipliers ---
Dense: 1.000 | Sparse TBx: 0.000 | Sys MIL: 1.000
Selection metric (composite): 0.4345
Early stop triggered at epoch 96
