✅ Console outputs will be saved to: /raid/candi/jiayi/RP/Experiments/20260619_1843_N3_Exp4_EM1_Start15_EM_LesDense_LesSysSBx_Clamp_Curr_EMlrX1_LR0.0001_composite/console_output.log
--------------------------------------------------
Experiment Configurations:
BASE_DIR                        : /raid/candi/jiayi/RP
UNIFIED_DATA_DIR                : /raid/candi/jiayi/RP/data/Unified_Dataset
SPLIT_DIR                       : /raid/candi/jiayi/RP/data/Unified_Dataset/splits
EXP_DIR                         : /raid/candi/jiayi/RP/Experiments
EXPERIMENT_MODE                 : N3_PUB_TCIA_SBX_ONLY
COMMON_INTERNAL_VAL_CSV         : /raid/candi/jiayi/RP/data/Unified_Dataset/splits/common_internal_evaluation.csv
COMMON_BEST_MODEL_METRIC        : composite
TRAIN_CSV                       : /raid/candi/jiayi/RP/data/Unified_Dataset/splits/N3_PUB_TCIA_SBx_only_train.csv
VAL_CSV                         : /raid/candi/jiayi/RP/data/Unified_Dataset/splits/common_internal_evaluation.csv
TEST_CSV                        : /raid/candi/jiayi/RP/data/Unified_Dataset/splits/N3_PROMIS_external_val.csv
TASK                            : mixed
DATASET_TASK                    : mixed
USE_GRADE_TBX_TASK              : False
USE_GRADE_SBX_TASK              : False
USE_LESION_DENSE_TASK           : True
USE_LESION_SPARSE_TASK          : False
USE_LESION_SYS_TASK             : True
USE_GLAND_TASK                  : False
USE_EM_WEIGHTING                : True
USE_CURRICULUM                  : True
LESION_DENSE_START_EPOCH        : 1
LESION_SPARSE_START_EPOCH       : 1
LESION_SYS_START_EPOCH          : 15
BEST_MODEL_METRIC               : composite
EXPERIMENT_TAG                  : N3_Exp4_EM1_Start15
TARGET_SPACING                  : [1.0, 1.0, 2.24]
CROP_SIZE_SITK                  : [64, 64, 32]
INPUT_SHAPE                     : (3, 32, 64, 64)
NEEDLE_RADIUS                   : 2
IN_CHANNELS                     : 3
NUM_CLASSES                     : 7
BASE_CHANNELS                   : 32
MAX_ZONES                       : 20
MIL_POOLING                     : lme
LME_R                           : 8.0
DROPOUT_RATE                    : 0.2
CSPC_THRESHOLD                  : 3
LESION_POSITIVE_THRESHOLD       : 3
INVALID_SYS_LABEL               : -1
PRED_PROB_THRESHOLD             : 0.5
DEVICE                          : cuda
SEED                            : 42
NUM_EPOCHS                      : 100
BATCH_SIZE                      : 4
NUM_WORKERS                     : 2
LR                              : 0.0001
WEIGHT_DECAY                    : 0.0001
LR_SCHEDULER                    : CosineAnnealing
EARLY_STOP_PATIENCE             : 20
GRAD_CLIP_NORM                  : 12.0
POS_WEIGHT_VAL                  : 2
SYS_POS_WEIGHT_VAL              : 1.0
SYS_FOCAL_ALPHA                 : 0.75
SYS_FOCAL_GAMMA                 : 2.0
USE_SYS_CLASS_BALANCED_BCE      : True
EM_LR_MULTIPLIER                : 1.0
USE_LOGVAR_CLAMP                : True
LOGVAR_MIN                      : -0.5
LOGVAR_MAX                      : 2.0
FIXED_LOSS_WEIGHTS              : {'grade_tbx': 0.0, 'grade_sbx': 0.0, 'lesion_dense': 1.0, 'lesion_sparse': 0.25, 'lesion_sys': 1.0, 'gland': 0.0}
TBX_POSITIVE_SOFT_LABEL         : 0.9
TBX_NEGATIVE_SOFT_LABEL         : 0.05
GRADE_TBX_START_EPOCH           : 1
GRADE_SBX_START_EPOCH           : 1
GLAND_START_EPOCH               : 1
LESION_W_SMALL                  : 5
USE_AUGMENTATION                : True
MASK_TARGET_IN_SYS              : True
VIS_SUBDIR                      : visualizations
--------------------------------------------------
📄 Train CSV: /raid/candi/jiayi/RP/data/Unified_Dataset/splits/N3_PUB_TCIA_SBx_only_train.csv
📄 Val CSV:   /raid/candi/jiayi/RP/data/Unified_Dataset/splits/common_internal_evaluation.csv

Epoch 1/100
Curriculum/task status | Dense: 1 | Sparse TBx: 0 | Sys MIL: 0
Train | Loss: 0.8246 | L_Les: 0.8248 (Dense 1.0731, Sparse 0.0000, Sys 0.0000)
Val   | Loss: 0.3084 | Les-Dice: 0.1900 | Les-F1: 0.2137 | Patient-BAcc: 0.5290 | Region-BAcc: 0.5438
--- Lesion EM / Loss Multipliers ---
Dense: 0.993 | Sparse TBx: 0.000 | Sys MIL: 0.000
Selection metric (composite): 0.3632
--> Best Model Saved (Score: 0.3632)

Epoch 2/100
Curriculum/task status | Dense: 1 | Sparse TBx: 0 | Sys MIL: 0
Train | Loss: 0.8119 | L_Les: 0.8118 (Dense 0.9741, Sparse 0.0000, Sys 0.0000)
Val   | Loss: 0.2906 | Les-Dice: 0.2255 | Les-F1: 0.2518 | Patient-BAcc: 0.5353 | Region-BAcc: 0.5132
--- Lesion EM / Loss Multipliers ---
Dense: 0.999 | Sparse TBx: 0.000 | Sys MIL: 0.000
Selection metric (composite): 0.3749
--> Best Model Saved (Score: 0.3749)

Epoch 3/100
Curriculum/task status | Dense: 1 | Sparse TBx: 0 | Sys MIL: 0
Train | Loss: 0.7431 | L_Les: 0.7434 (Dense 0.9317, Sparse 0.0000, Sys 0.0000)
Val   | Loss: 0.2808 | Les-Dice: 0.2351 | Les-F1: 0.2663 | Patient-BAcc: 0.5353 | Region-BAcc: 0.5201
--- Lesion EM / Loss Multipliers ---
Dense: 1.011 | Sparse TBx: 0.000 | Sys MIL: 0.000
Selection metric (composite): 0.3814
--> Best Model Saved (Score: 0.3814)

Epoch 4/100
Curriculum/task status | Dense: 1 | Sparse TBx: 0 | Sys MIL: 0
Train | Loss: 0.7218 | L_Les: 0.7230 (Dense 0.9003, Sparse 0.0000, Sys 0.0000)
Val   | Loss: 0.2792 | Les-Dice: 0.2354 | Les-F1: 0.2554 | Patient-BAcc: 0.5000 | Region-BAcc: 0.5107
--- Lesion EM / Loss Multipliers ---
Dense: 1.025 | Sparse TBx: 0.000 | Sys MIL: 0.000
Selection metric (composite): 0.3704

Epoch 5/100
Curriculum/task status | Dense: 1 | Sparse TBx: 0 | Sys MIL: 0
Train | Loss: 0.7018 | L_Les: 0.7045 (Dense 0.8785, Sparse 0.0000, Sys 0.0000)
Val   | Loss: 0.2658 | Les-Dice: 0.2647 | Les-F1: 0.2900 | Patient-BAcc: 0.5135 | Region-BAcc: 0.5349
--- Lesion EM / Loss Multipliers ---
Dense: 1.040 | Sparse TBx: 0.000 | Sys MIL: 0.000
Selection metric (composite): 0.3944
--> Best Model Saved (Score: 0.3944)

Epoch 6/100
Curriculum/task status | Dense: 1 | Sparse TBx: 0 | Sys MIL: 0
Train | Loss: 0.6920 | L_Les: 0.6967 (Dense 0.8581, Sparse 0.0000, Sys 0.0000)
Val   | Loss: 0.2582 | Les-Dice: 0.2765 | Les-F1: 0.3062 | Patient-BAcc: 0.4944 | Region-BAcc: 0.5474
--- Lesion EM / Loss Multipliers ---
Dense: 1.056 | Sparse TBx: 0.000 | Sys MIL: 0.000
Selection metric (composite): 0.3987
--> Best Model Saved (Score: 0.3987)

Epoch 7/100
Curriculum/task status | Dense: 1 | Sparse TBx: 0 | Sys MIL: 0
Train | Loss: 0.6570 | L_Les: 0.6637 (Dense 0.8424, Sparse 0.0000, Sys 0.0000)
Val   | Loss: 0.2679 | Les-Dice: 0.2515 | Les-F1: 0.2764 | Patient-BAcc: 0.5143 | Region-BAcc: 0.5315
--- Lesion EM / Loss Multipliers ---
Dense: 1.072 | Sparse TBx: 0.000 | Sys MIL: 0.000
Selection metric (composite): 0.3872

Epoch 8/100
Curriculum/task status | Dense: 1 | Sparse TBx: 0 | Sys MIL: 0
Train | Loss: 0.6449 | L_Les: 0.6529 (Dense 0.8328, Sparse 0.0000, Sys 0.0000)
Val   | Loss: 0.2459 | Les-Dice: 0.3107 | Les-F1: 0.3433 | Patient-BAcc: 0.5000 | Region-BAcc: 0.5147
--- Lesion EM / Loss Multipliers ---
Dense: 1.085 | Sparse TBx: 0.000 | Sys MIL: 0.000
Selection metric (composite): 0.4091
--> Best Model Saved (Score: 0.4091)

Epoch 9/100
Curriculum/task status | Dense: 1 | Sparse TBx: 0 | Sys MIL: 0
Train | Loss: 0.6309 | L_Les: 0.6403 (Dense 0.8177, Sparse 0.0000, Sys 0.0000)
Val   | Loss: 0.2449 | Les-Dice: 0.3086 | Les-F1: 0.3431 | Patient-BAcc: 0.5000 | Region-BAcc: 0.5333
--- Lesion EM / Loss Multipliers ---
Dense: 1.098 | Sparse TBx: 0.000 | Sys MIL: 0.000
Selection metric (composite): 0.4126
--> Best Model Saved (Score: 0.4126)

Epoch 10/100
Curriculum/task status | Dense: 1 | Sparse TBx: 0 | Sys MIL: 0
Train | Loss: 0.6152 | L_Les: 0.6273 (Dense 0.8054, Sparse 0.0000, Sys 0.0000)
Val   | Loss: 0.2493 | Les-Dice: 0.2879 | Les-F1: 0.3243 | Patient-BAcc: 0.5000 | Region-BAcc: 0.5331
--- Lesion EM / Loss Multipliers ---
Dense: 1.111 | Sparse TBx: 0.000 | Sys MIL: 0.000
Selection metric (composite): 0.4022

Epoch 11/100
Curriculum/task status | Dense: 1 | Sparse TBx: 0 | Sys MIL: 0
Train | Loss: 0.6080 | L_Les: 0.6225 (Dense 0.7956, Sparse 0.0000, Sys 0.0000)
Val   | Loss: 0.2475 | Les-Dice: 0.2915 | Les-F1: 0.3221 | Patient-BAcc: 0.5000 | Region-BAcc: 0.5173
--- Lesion EM / Loss Multipliers ---
Dense: 1.125 | Sparse TBx: 0.000 | Sys MIL: 0.000
Selection metric (composite): 0.4000

Epoch 12/100
Curriculum/task status | Dense: 1 | Sparse TBx: 0 | Sys MIL: 0
Train | Loss: 0.6144 | L_Les: 0.6290 (Dense 0.7990, Sparse 0.0000, Sys 0.0000)
Val   | Loss: 0.2547 | Les-Dice: 0.2709 | Les-F1: 0.3014 | Patient-BAcc: 0.5020 | Region-BAcc: 0.5299
--- Lesion EM / Loss Multipliers ---
Dense: 1.136 | Sparse TBx: 0.000 | Sys MIL: 0.000
Selection metric (composite): 0.3934

Epoch 13/100
Curriculum/task status | Dense: 1 | Sparse TBx: 0 | Sys MIL: 0
Train | Loss: 0.5903 | L_Les: 0.6059 (Dense 0.7931, Sparse 0.0000, Sys 0.0000)
Val   | Loss: 0.2381 | Les-Dice: 0.3174 | Les-F1: 0.3514 | Patient-BAcc: 0.5048 | Region-BAcc: 0.5362
--- Lesion EM / Loss Multipliers ---
Dense: 1.147 | Sparse TBx: 0.000 | Sys MIL: 0.000
Selection metric (composite): 0.4189
--> Best Model Saved (Score: 0.4189)

Epoch 14/100
Curriculum/task status | Dense: 1 | Sparse TBx: 0 | Sys MIL: 0
Train | Loss: 0.5950 | L_Les: 0.6129 (Dense 0.7815, Sparse 0.0000, Sys 0.0000)
Val   | Loss: 0.2366 | Les-Dice: 0.3199 | Les-F1: 0.3595 | Patient-BAcc: 0.5143 | Region-BAcc: 0.5306
--- Lesion EM / Loss Multipliers ---
Dense: 1.158 | Sparse TBx: 0.000 | Sys MIL: 0.000
Selection metric (composite): 0.4212
--> Best Model Saved (Score: 0.4212)

Epoch 15/100
Curriculum/task status | Dense: 1 | Sparse TBx: 0 | Sys MIL: 1
Train | Loss: 1.3800 | L_Les: 1.3900 (Dense 0.8650, Sparse 0.0000, Sys 0.7039)
Val   | Loss: 0.7136 | Les-Dice: 0.2906 | Les-F1: 0.3313 | Patient-BAcc: 0.7123 | Region-BAcc: 0.5176
--- Lesion EM / Loss Multipliers ---
Dense: 1.158 | Sparse TBx: 0.000 | Sys MIL: 1.013
Selection metric (composite): 0.4528
--> Best Model Saved (Score: 0.4528)

Epoch 16/100
Curriculum/task status | Dense: 1 | Sparse TBx: 0 | Sys MIL: 1
Train | Loss: 1.2632 | L_Les: 1.2854 (Dense 0.8113, Sparse 0.0000, Sys 0.6613)
Val   | Loss: 0.7134 | Les-Dice: 0.2816 | Les-F1: 0.3255 | Patient-BAcc: 0.7032 | Region-BAcc: 0.5164
--- Lesion EM / Loss Multipliers ---
Dense: 1.164 | Sparse TBx: 0.000 | Sys MIL: 1.032
Selection metric (composite): 0.4457

Epoch 17/100
Curriculum/task status | Dense: 1 | Sparse TBx: 0 | Sys MIL: 1
Train | Loss: 1.2473 | L_Les: 1.2787 (Dense 0.8051, Sparse 0.0000, Sys 0.6472)
Val   | Loss: 0.7551 | Les-Dice: 0.2472 | Les-F1: 0.2730 | Patient-BAcc: 0.5000 | Region-BAcc: 0.5717
--- Lesion EM / Loss Multipliers ---
Dense: 1.172 | Sparse TBx: 0.000 | Sys MIL: 1.050
Selection metric (composite): 0.3915

Epoch 18/100
Curriculum/task status | Dense: 1 | Sparse TBx: 0 | Sys MIL: 1
Train | Loss: 1.2320 | L_Les: 1.2689 (Dense 0.8008, Sparse 0.0000, Sys 0.6503)
Val   | Loss: 0.6873 | Les-Dice: 0.2964 | Les-F1: 0.3477 | Patient-BAcc: 0.6583 | Region-BAcc: 0.5198
--- Lesion EM / Loss Multipliers ---
Dense: 1.180 | Sparse TBx: 0.000 | Sys MIL: 1.067
Selection metric (composite): 0.4427

Epoch 19/100
Curriculum/task status | Dense: 1 | Sparse TBx: 0 | Sys MIL: 1
Train | Loss: 1.1980 | L_Les: 1.2412 (Dense 0.7877, Sparse 0.0000, Sys 0.6484)
Val   | Loss: 0.6871 | Les-Dice: 0.3022 | Les-F1: 0.3368 | Patient-BAcc: 0.7111 | Region-BAcc: 0.5264
--- Lesion EM / Loss Multipliers ---
Dense: 1.186 | Sparse TBx: 0.000 | Sys MIL: 1.085
Selection metric (composite): 0.4605
--> Best Model Saved (Score: 0.4605)

Epoch 20/100
Curriculum/task status | Dense: 1 | Sparse TBx: 0 | Sys MIL: 1
Train | Loss: 1.1805 | L_Les: 1.2313 (Dense 0.7839, Sparse 0.0000, Sys 0.6369)
Val   | Loss: 0.6700 | Les-Dice: 0.3096 | Les-F1: 0.3445 | Patient-BAcc: 0.6806 | Region-BAcc: 0.5243
--- Lesion EM / Loss Multipliers ---
Dense: 1.194 | Sparse TBx: 0.000 | Sys MIL: 1.103
Selection metric (composite): 0.4560

Epoch 21/100
Curriculum/task status | Dense: 1 | Sparse TBx: 0 | Sys MIL: 1
Train | Loss: 1.1423 | L_Les: 1.2018 (Dense 0.7780, Sparse 0.0000, Sys 0.6153)
Val   | Loss: 0.6757 | Les-Dice: 0.3146 | Les-F1: 0.3509 | Patient-BAcc: 0.5956 | Region-BAcc: 0.5416
--- Lesion EM / Loss Multipliers ---
Dense: 1.202 | Sparse TBx: 0.000 | Sys MIL: 1.122
Selection metric (composite): 0.4416

Epoch 22/100
Curriculum/task status | Dense: 1 | Sparse TBx: 0 | Sys MIL: 1
Train | Loss: 1.1164 | L_Les: 1.1814 (Dense 0.7775, Sparse 0.0000, Sys 0.6371)
Val   | Loss: 0.6802 | Les-Dice: 0.3202 | Les-F1: 0.3609 | Patient-BAcc: 0.6417 | Region-BAcc: 0.5341
--- Lesion EM / Loss Multipliers ---
Dense: 1.210 | Sparse TBx: 0.000 | Sys MIL: 1.140
Selection metric (composite): 0.4540

Epoch 23/100
Curriculum/task status | Dense: 1 | Sparse TBx: 0 | Sys MIL: 1
Train | Loss: 1.1667 | L_Les: 1.2371 (Dense 0.7739, Sparse 0.0000, Sys 0.6231)
Val   | Loss: 0.6601 | Les-Dice: 0.3300 | Les-F1: 0.3659 | Patient-BAcc: 0.6603 | Region-BAcc: 0.5237
--- Lesion EM / Loss Multipliers ---
Dense: 1.217 | Sparse TBx: 0.000 | Sys MIL: 1.158
Selection metric (composite): 0.4610
--> Best Model Saved (Score: 0.4610)

Epoch 24/100
Curriculum/task status | Dense: 1 | Sparse TBx: 0 | Sys MIL: 1
Train | Loss: 1.0785 | L_Les: 1.1562 (Dense 0.7727, Sparse 0.0000, Sys 0.6047)
Val   | Loss: 0.6829 | Les-Dice: 0.3242 | Les-F1: 0.3660 | Patient-BAcc: 0.6540 | Region-BAcc: 0.5328
--- Lesion EM / Loss Multipliers ---
Dense: 1.223 | Sparse TBx: 0.000 | Sys MIL: 1.177
Selection metric (composite): 0.4588

Epoch 25/100
Curriculum/task status | Dense: 1 | Sparse TBx: 0 | Sys MIL: 1
Train | Loss: 1.1164 | L_Les: 1.1976 (Dense 0.7616, Sparse 0.0000, Sys 0.6204)
Val   | Loss: 0.6576 | Les-Dice: 0.3262 | Les-F1: 0.3642 | Patient-BAcc: 0.7341 | Region-BAcc: 0.5292
--- Lesion EM / Loss Multipliers ---
Dense: 1.230 | Sparse TBx: 0.000 | Sys MIL: 1.194
Selection metric (composite): 0.4789
--> Best Model Saved (Score: 0.4789)

Epoch 26/100
Curriculum/task status | Dense: 1 | Sparse TBx: 0 | Sys MIL: 1
Train | Loss: 1.1313 | L_Les: 1.2178 (Dense 0.7599, Sparse 0.0000, Sys 0.6214)
Val   | Loss: 0.6551 | Les-Dice: 0.3229 | Les-F1: 0.3586 | Patient-BAcc: 0.6036 | Region-BAcc: 0.5384
--- Lesion EM / Loss Multipliers ---
Dense: 1.235 | Sparse TBx: 0.000 | Sys MIL: 1.211
Selection metric (composite): 0.4469

Epoch 27/100
Curriculum/task status | Dense: 1 | Sparse TBx: 0 | Sys MIL: 1
Train | Loss: 1.0902 | L_Les: 1.1839 (Dense 0.7558, Sparse 0.0000, Sys 0.6124)
Val   | Loss: 0.7128 | Les-Dice: 0.2912 | Les-F1: 0.3354 | Patient-BAcc: 0.5345 | Region-BAcc: 0.5610
--- Lesion EM / Loss Multipliers ---
Dense: 1.242 | Sparse TBx: 0.000 | Sys MIL: 1.227
Selection metric (composite): 0.4195

Epoch 28/100
Curriculum/task status | Dense: 1 | Sparse TBx: 0 | Sys MIL: 1
Train | Loss: 1.1148 | L_Les: 1.2139 (Dense 0.7650, Sparse 0.0000, Sys 0.5967)
Val   | Loss: 0.6642 | Les-Dice: 0.3212 | Les-F1: 0.3602 | Patient-BAcc: 0.6155 | Region-BAcc: 0.5377
--- Lesion EM / Loss Multipliers ---
Dense: 1.247 | Sparse TBx: 0.000 | Sys MIL: 1.245
Selection metric (composite): 0.4489

Epoch 29/100
Curriculum/task status | Dense: 1 | Sparse TBx: 0 | Sys MIL: 1
Train | Loss: 1.0936 | L_Les: 1.1919 (Dense 0.7618, Sparse 0.0000, Sys 0.6147)
Val   | Loss: 0.6642 | Les-Dice: 0.3324 | Les-F1: 0.3687 | Patient-BAcc: 0.6008 | Region-BAcc: 0.5580
--- Lesion EM / Loss Multipliers ---
Dense: 1.251 | Sparse TBx: 0.000 | Sys MIL: 1.260
Selection metric (composite): 0.4559

Epoch 30/100
Curriculum/task status | Dense: 1 | Sparse TBx: 0 | Sys MIL: 1
Train | Loss: 1.0780 | L_Les: 1.1847 (Dense 0.7567, Sparse 0.0000, Sys 0.5942)
Val   | Loss: 0.6544 | Les-Dice: 0.3239 | Les-F1: 0.3555 | Patient-BAcc: 0.5210 | Region-BAcc: 0.5761
--- Lesion EM / Loss Multipliers ---
Dense: 1.256 | Sparse TBx: 0.000 | Sys MIL: 1.276
Selection metric (composite): 0.4362

Epoch 31/100
Curriculum/task status | Dense: 1 | Sparse TBx: 0 | Sys MIL: 1
Train | Loss: 1.0336 | L_Les: 1.1472 (Dense 0.7542, Sparse 0.0000, Sys 0.6041)
Val   | Loss: 0.7079 | Les-Dice: 0.3181 | Les-F1: 0.3622 | Patient-BAcc: 0.5270 | Region-BAcc: 0.5624
--- Lesion EM / Loss Multipliers ---
Dense: 1.261 | Sparse TBx: 0.000 | Sys MIL: 1.290
Selection metric (composite): 0.4314

Epoch 32/100
Curriculum/task status | Dense: 1 | Sparse TBx: 0 | Sys MIL: 1
Train | Loss: 1.0245 | L_Les: 1.1471 (Dense 0.7477, Sparse 0.0000, Sys 0.5725)
Val   | Loss: 0.6491 | Les-Dice: 0.3293 | Les-F1: 0.3663 | Patient-BAcc: 0.6734 | Region-BAcc: 0.5446
--- Lesion EM / Loss Multipliers ---
Dense: 1.268 | Sparse TBx: 0.000 | Sys MIL: 1.306
Selection metric (composite): 0.4692

Epoch 33/100
Curriculum/task status | Dense: 1 | Sparse TBx: 0 | Sys MIL: 1
Train | Loss: 1.0406 | L_Les: 1.1652 (Dense 0.7502, Sparse 0.0000, Sys 0.5836)
Val   | Loss: 0.6646 | Les-Dice: 0.3315 | Les-F1: 0.3707 | Patient-BAcc: 0.6230 | Region-BAcc: 0.5404
--- Lesion EM / Loss Multipliers ---
Dense: 1.272 | Sparse TBx: 0.000 | Sys MIL: 1.321
Selection metric (composite): 0.4566

Epoch 34/100
Curriculum/task status | Dense: 1 | Sparse TBx: 0 | Sys MIL: 1
Train | Loss: 1.0277 | L_Les: 1.1529 (Dense 0.7545, Sparse 0.0000, Sys 0.5742)
Val   | Loss: 0.6550 | Les-Dice: 0.3294 | Les-F1: 0.3705 | Patient-BAcc: 0.5087 | Region-BAcc: 0.5920
--- Lesion EM / Loss Multipliers ---
Dense: 1.276 | Sparse TBx: 0.000 | Sys MIL: 1.335
Selection metric (composite): 0.4399

Epoch 35/100
Curriculum/task status | Dense: 1 | Sparse TBx: 0 | Sys MIL: 1
Train | Loss: 0.9907 | L_Les: 1.1305 (Dense 0.7449, Sparse 0.0000, Sys 0.5575)
Val   | Loss: 0.6422 | Les-Dice: 0.3320 | Les-F1: 0.3731 | Patient-BAcc: 0.6425 | Region-BAcc: 0.5605
--- Lesion EM / Loss Multipliers ---
Dense: 1.280 | Sparse TBx: 0.000 | Sys MIL: 1.351
Selection metric (composite): 0.4668

Epoch 36/100
Curriculum/task status | Dense: 1 | Sparse TBx: 0 | Sys MIL: 1
Train | Loss: 0.9879 | L_Les: 1.1221 (Dense 0.7493, Sparse 0.0000, Sys 0.5688)
Val   | Loss: 0.7076 | Les-Dice: 0.3345 | Les-F1: 0.3715 | Patient-BAcc: 0.5163 | Region-BAcc: 0.5746
--- Lesion EM / Loss Multipliers ---
Dense: 1.282 | Sparse TBx: 0.000 | Sys MIL: 1.366
Selection metric (composite): 0.4400

Epoch 37/100
Curriculum/task status | Dense: 1 | Sparse TBx: 0 | Sys MIL: 1
Train | Loss: 1.0048 | L_Les: 1.1477 (Dense 0.7447, Sparse 0.0000, Sys 0.5566)
Val   | Loss: 0.6275 | Les-Dice: 0.3436 | Les-F1: 0.3800 | Patient-BAcc: 0.5484 | Region-BAcc: 0.5726
--- Lesion EM / Loss Multipliers ---
Dense: 1.286 | Sparse TBx: 0.000 | Sys MIL: 1.379
Selection metric (composite): 0.4521

Epoch 38/100
Curriculum/task status | Dense: 1 | Sparse TBx: 0 | Sys MIL: 1
Train | Loss: 0.9784 | L_Les: 1.1255 (Dense 0.7364, Sparse 0.0000, Sys 0.5709)
Val   | Loss: 0.6576 | Les-Dice: 0.3310 | Les-F1: 0.3721 | Patient-BAcc: 0.5778 | Region-BAcc: 0.5471
--- Lesion EM / Loss Multipliers ---
Dense: 1.290 | Sparse TBx: 0.000 | Sys MIL: 1.392
Selection metric (composite): 0.4467

Epoch 39/100
Curriculum/task status | Dense: 1 | Sparse TBx: 0 | Sys MIL: 1
Train | Loss: 0.9666 | L_Les: 1.1218 (Dense 0.7369, Sparse 0.0000, Sys 0.5539)
Val   | Loss: 0.6845 | Les-Dice: 0.3227 | Les-F1: 0.3614 | Patient-BAcc: 0.6202 | Region-BAcc: 0.5569
--- Lesion EM / Loss Multipliers ---
Dense: 1.293 | Sparse TBx: 0.000 | Sys MIL: 1.406
Selection metric (composite): 0.4556

Epoch 40/100
Curriculum/task status | Dense: 1 | Sparse TBx: 0 | Sys MIL: 1
Train | Loss: 0.9422 | L_Les: 1.1088 (Dense 0.7348, Sparse 0.0000, Sys 0.5307)
Val   | Loss: 0.7025 | Les-Dice: 0.3371 | Les-F1: 0.3726 | Patient-BAcc: 0.5369 | Region-BAcc: 0.5782
--- Lesion EM / Loss Multipliers ---
Dense: 1.297 | Sparse TBx: 0.000 | Sys MIL: 1.419
Selection metric (composite): 0.4473

Epoch 41/100
Curriculum/task status | Dense: 1 | Sparse TBx: 0 | Sys MIL: 1
Train | Loss: 0.9222 | L_Les: 1.0811 (Dense 0.7360, Sparse 0.0000, Sys 0.5340)
Val   | Loss: 0.6907 | Les-Dice: 0.3303 | Les-F1: 0.3728 | Patient-BAcc: 0.5885 | Region-BAcc: 0.5655
--- Lesion EM / Loss Multipliers ---
Dense: 1.300 | Sparse TBx: 0.000 | Sys MIL: 1.431
Selection metric (composite): 0.4536

Epoch 42/100
Curriculum/task status | Dense: 1 | Sparse TBx: 0 | Sys MIL: 1
Train | Loss: 0.9115 | L_Les: 1.0876 (Dense 0.7327, Sparse 0.0000, Sys 0.5203)
Val   | Loss: 0.7161 | Les-Dice: 0.3242 | Les-F1: 0.3719 | Patient-BAcc: 0.6437 | Region-BAcc: 0.5538
--- Lesion EM / Loss Multipliers ---
Dense: 1.303 | Sparse TBx: 0.000 | Sys MIL: 1.444
Selection metric (composite): 0.4615

Epoch 43/100
Curriculum/task status | Dense: 1 | Sparse TBx: 0 | Sys MIL: 1
Train | Loss: 0.8848 | L_Les: 1.0645 (Dense 0.7286, Sparse 0.0000, Sys 0.5223)
Val   | Loss: 0.7693 | Les-Dice: 0.3335 | Les-F1: 0.3759 | Patient-BAcc: 0.6317 | Region-BAcc: 0.5684
--- Lesion EM / Loss Multipliers ---
Dense: 1.308 | Sparse TBx: 0.000 | Sys MIL: 1.456
Selection metric (composite): 0.4668

Epoch 44/100
Curriculum/task status | Dense: 1 | Sparse TBx: 0 | Sys MIL: 1
Train | Loss: 0.8649 | L_Les: 1.0605 (Dense 0.7208, Sparse 0.0000, Sys 0.5029)
Val   | Loss: 0.7568 | Les-Dice: 0.3256 | Les-F1: 0.3688 | Patient-BAcc: 0.5933 | Region-BAcc: 0.5706
--- Lesion EM / Loss Multipliers ---
Dense: 1.312 | Sparse TBx: 0.000 | Sys MIL: 1.469
Selection metric (composite): 0.4538

Epoch 45/100
Curriculum/task status | Dense: 1 | Sparse TBx: 0 | Sys MIL: 1
Train | Loss: 0.8359 | L_Les: 1.0418 (Dense 0.7246, Sparse 0.0000, Sys 0.4823)
Val   | Loss: 0.8174 | Les-Dice: 0.3310 | Les-F1: 0.3729 | Patient-BAcc: 0.5516 | Region-BAcc: 0.5742
--- Lesion EM / Loss Multipliers ---
Dense: 1.315 | Sparse TBx: 0.000 | Sys MIL: 1.482
Selection metric (composite): 0.4470
Early stop triggered at epoch 45
