✅ Console outputs will be saved to: /raid/candi/jiayi/RP/Experiments/20260619_2115_N3_Exp5_FixedSys025_Start15_FixedW_LesDense_LesSysSBx_Clamp_Curr_EMlrX1_LR0.0001_composite/console_output.log
--------------------------------------------------
Experiment Configurations:
BASE_DIR                        : /raid/candi/jiayi/RP
UNIFIED_DATA_DIR                : /raid/candi/jiayi/RP/data/Unified_Dataset
SPLIT_DIR                       : /raid/candi/jiayi/RP/data/Unified_Dataset/splits
EXP_DIR                         : /raid/candi/jiayi/RP/Experiments
EXPERIMENT_MODE                 : N3_PUB_TCIA_SBX_ONLY
COMMON_INTERNAL_VAL_CSV         : /raid/candi/jiayi/RP/data/Unified_Dataset/splits/common_internal_evaluation.csv
COMMON_BEST_MODEL_METRIC        : composite
TRAIN_CSV                       : /raid/candi/jiayi/RP/data/Unified_Dataset/splits/N3_PUB_TCIA_SBx_only_train.csv
VAL_CSV                         : /raid/candi/jiayi/RP/data/Unified_Dataset/splits/common_internal_evaluation.csv
TEST_CSV                        : /raid/candi/jiayi/RP/data/Unified_Dataset/splits/N3_PROMIS_external_val.csv
TASK                            : mixed
DATASET_TASK                    : mixed
USE_GRADE_TBX_TASK              : False
USE_GRADE_SBX_TASK              : False
USE_LESION_DENSE_TASK           : True
USE_LESION_SPARSE_TASK          : False
USE_LESION_SYS_TASK             : True
USE_GLAND_TASK                  : False
USE_EM_WEIGHTING                : False
USE_CURRICULUM                  : True
LESION_DENSE_START_EPOCH        : 1
LESION_SPARSE_START_EPOCH       : 1
LESION_SYS_START_EPOCH          : 15
BEST_MODEL_METRIC               : composite
EXPERIMENT_TAG                  : N3_Exp5_FixedSys025_Start15
TARGET_SPACING                  : [1.0, 1.0, 2.24]
CROP_SIZE_SITK                  : [64, 64, 32]
INPUT_SHAPE                     : (3, 32, 64, 64)
NEEDLE_RADIUS                   : 2
IN_CHANNELS                     : 3
NUM_CLASSES                     : 7
BASE_CHANNELS                   : 32
MAX_ZONES                       : 20
MIL_POOLING                     : lme
LME_R                           : 8.0
DROPOUT_RATE                    : 0.2
CSPC_THRESHOLD                  : 3
LESION_POSITIVE_THRESHOLD       : 3
INVALID_SYS_LABEL               : -1
PRED_PROB_THRESHOLD             : 0.5
DEVICE                          : cuda
SEED                            : 42
NUM_EPOCHS                      : 100
BATCH_SIZE                      : 4
NUM_WORKERS                     : 2
LR                              : 0.0001
WEIGHT_DECAY                    : 0.0001
LR_SCHEDULER                    : CosineAnnealing
EARLY_STOP_PATIENCE             : 20
GRAD_CLIP_NORM                  : 12.0
POS_WEIGHT_VAL                  : 2
SYS_POS_WEIGHT_VAL              : 1.0
SYS_FOCAL_ALPHA                 : 0.75
SYS_FOCAL_GAMMA                 : 2.0
USE_SYS_CLASS_BALANCED_BCE      : True
EM_LR_MULTIPLIER                : 1.0
USE_LOGVAR_CLAMP                : True
LOGVAR_MIN                      : -0.5
LOGVAR_MAX                      : 2.0
FIXED_LOSS_WEIGHTS              : {'grade_tbx': 0.0, 'grade_sbx': 0.0, 'lesion_dense': 1.0, 'lesion_sparse': 0.25, 'lesion_sys': 0.25, 'gland': 0.0}
TBX_POSITIVE_SOFT_LABEL         : 0.9
TBX_NEGATIVE_SOFT_LABEL         : 0.05
GRADE_TBX_START_EPOCH           : 1
GRADE_SBX_START_EPOCH           : 1
GLAND_START_EPOCH               : 1
LESION_W_SMALL                  : 5
USE_AUGMENTATION                : True
MASK_TARGET_IN_SYS              : True
VIS_SUBDIR                      : visualizations
--------------------------------------------------
📄 Train CSV: /raid/candi/jiayi/RP/data/Unified_Dataset/splits/N3_PUB_TCIA_SBx_only_train.csv
📄 Val CSV:   /raid/candi/jiayi/RP/data/Unified_Dataset/splits/common_internal_evaluation.csv

Epoch 1/100
Curriculum/task status | Dense: 1 | Sparse TBx: 0 | Sys MIL: 0
Train | Loss: 0.8247 | L_Les: 0.8247 (Dense 1.0730, Sparse 0.0000, Sys 0.0000)
Val   | Loss: 0.3084 | Les-Dice: 0.1902 | Les-F1: 0.2136 | Patient-BAcc: 0.5290 | Region-BAcc: 0.5414
--- Lesion EM / Loss Multipliers ---
Dense: 1.000 | Sparse TBx: 0.000 | Sys MIL: 0.000
Selection metric (composite): 0.3627
--> Best Model Saved (Score: 0.3627)

Epoch 2/100
Curriculum/task status | Dense: 1 | Sparse TBx: 0 | Sys MIL: 0
Train | Loss: 0.8127 | L_Les: 0.8127 (Dense 0.9755, Sparse 0.0000, Sys 0.0000)
Val   | Loss: 0.2956 | Les-Dice: 0.1950 | Les-F1: 0.2365 | Patient-BAcc: 0.5655 | Region-BAcc: 0.5485
--- Lesion EM / Loss Multipliers ---
Dense: 1.000 | Sparse TBx: 0.000 | Sys MIL: 0.000
Selection metric (composite): 0.3760
--> Best Model Saved (Score: 0.3760)

Epoch 3/100
Curriculum/task status | Dense: 1 | Sparse TBx: 0 | Sys MIL: 0
Train | Loss: 0.7420 | L_Les: 0.7420 (Dense 0.9312, Sparse 0.0000, Sys 0.0000)
Val   | Loss: 0.2811 | Les-Dice: 0.2355 | Les-F1: 0.2666 | Patient-BAcc: 0.5306 | Region-BAcc: 0.5204
--- Lesion EM / Loss Multipliers ---
Dense: 1.000 | Sparse TBx: 0.000 | Sys MIL: 0.000
Selection metric (composite): 0.3805
--> Best Model Saved (Score: 0.3805)

Epoch 4/100
Curriculum/task status | Dense: 1 | Sparse TBx: 0 | Sys MIL: 0
Train | Loss: 0.7238 | L_Les: 0.7238 (Dense 0.9014, Sparse 0.0000, Sys 0.0000)
Val   | Loss: 0.2811 | Les-Dice: 0.2331 | Les-F1: 0.2549 | Patient-BAcc: 0.5000 | Region-BAcc: 0.5147
--- Lesion EM / Loss Multipliers ---
Dense: 1.000 | Sparse TBx: 0.000 | Sys MIL: 0.000
Selection metric (composite): 0.3702

Epoch 5/100
Curriculum/task status | Dense: 1 | Sparse TBx: 0 | Sys MIL: 0
Train | Loss: 0.7048 | L_Les: 0.7048 (Dense 0.8786, Sparse 0.0000, Sys 0.0000)
Val   | Loss: 0.2676 | Les-Dice: 0.2641 | Les-F1: 0.2888 | Patient-BAcc: 0.5163 | Region-BAcc: 0.5321
--- Lesion EM / Loss Multipliers ---
Dense: 1.000 | Sparse TBx: 0.000 | Sys MIL: 0.000
Selection metric (composite): 0.3942
--> Best Model Saved (Score: 0.3942)

Epoch 6/100
Curriculum/task status | Dense: 1 | Sparse TBx: 0 | Sys MIL: 0
Train | Loss: 0.6985 | L_Les: 0.6985 (Dense 0.8608, Sparse 0.0000, Sys 0.0000)
Val   | Loss: 0.2615 | Les-Dice: 0.2737 | Les-F1: 0.3015 | Patient-BAcc: 0.5000 | Region-BAcc: 0.5536
--- Lesion EM / Loss Multipliers ---
Dense: 1.000 | Sparse TBx: 0.000 | Sys MIL: 0.000
Selection metric (composite): 0.4003
--> Best Model Saved (Score: 0.4003)

Epoch 7/100
Curriculum/task status | Dense: 1 | Sparse TBx: 0 | Sys MIL: 0
Train | Loss: 0.6657 | L_Les: 0.6657 (Dense 0.8437, Sparse 0.0000, Sys 0.0000)
Val   | Loss: 0.2723 | Les-Dice: 0.2450 | Les-F1: 0.2667 | Patient-BAcc: 0.5000 | Region-BAcc: 0.5193
--- Lesion EM / Loss Multipliers ---
Dense: 1.000 | Sparse TBx: 0.000 | Sys MIL: 0.000
Selection metric (composite): 0.3773

Epoch 8/100
Curriculum/task status | Dense: 1 | Sparse TBx: 0 | Sys MIL: 0
Train | Loss: 0.6575 | L_Les: 0.6575 (Dense 0.8372, Sparse 0.0000, Sys 0.0000)
Val   | Loss: 0.2534 | Les-Dice: 0.3003 | Les-F1: 0.3311 | Patient-BAcc: 0.5000 | Region-BAcc: 0.5216
--- Lesion EM / Loss Multipliers ---
Dense: 1.000 | Sparse TBx: 0.000 | Sys MIL: 0.000
Selection metric (composite): 0.4056
--> Best Model Saved (Score: 0.4056)

Epoch 9/100
Curriculum/task status | Dense: 1 | Sparse TBx: 0 | Sys MIL: 0
Train | Loss: 0.6415 | L_Les: 0.6415 (Dense 0.8199, Sparse 0.0000, Sys 0.0000)
Val   | Loss: 0.2487 | Les-Dice: 0.3115 | Les-F1: 0.3471 | Patient-BAcc: 0.5000 | Region-BAcc: 0.5304
--- Lesion EM / Loss Multipliers ---
Dense: 1.000 | Sparse TBx: 0.000 | Sys MIL: 0.000
Selection metric (composite): 0.4134
--> Best Model Saved (Score: 0.4134)

Epoch 10/100
Curriculum/task status | Dense: 1 | Sparse TBx: 0 | Sys MIL: 0
Train | Loss: 0.6276 | L_Les: 0.6276 (Dense 0.8062, Sparse 0.0000, Sys 0.0000)
Val   | Loss: 0.2536 | Les-Dice: 0.2883 | Les-F1: 0.3226 | Patient-BAcc: 0.5000 | Region-BAcc: 0.5327
--- Lesion EM / Loss Multipliers ---
Dense: 1.000 | Sparse TBx: 0.000 | Sys MIL: 0.000
Selection metric (composite): 0.4023

Epoch 11/100
Curriculum/task status | Dense: 1 | Sparse TBx: 0 | Sys MIL: 0
Train | Loss: 0.6249 | L_Les: 0.6249 (Dense 0.7999, Sparse 0.0000, Sys 0.0000)
Val   | Loss: 0.2581 | Les-Dice: 0.2743 | Les-F1: 0.3031 | Patient-BAcc: 0.5000 | Region-BAcc: 0.5306
--- Lesion EM / Loss Multipliers ---
Dense: 1.000 | Sparse TBx: 0.000 | Sys MIL: 0.000
Selection metric (composite): 0.3948

Epoch 12/100
Curriculum/task status | Dense: 1 | Sparse TBx: 0 | Sys MIL: 0
Train | Loss: 0.6274 | L_Les: 0.6274 (Dense 0.7969, Sparse 0.0000, Sys 0.0000)
Val   | Loss: 0.2571 | Les-Dice: 0.2779 | Les-F1: 0.3057 | Patient-BAcc: 0.5020 | Region-BAcc: 0.5221
--- Lesion EM / Loss Multipliers ---
Dense: 1.000 | Sparse TBx: 0.000 | Sys MIL: 0.000
Selection metric (composite): 0.3949

Epoch 13/100
Curriculum/task status | Dense: 1 | Sparse TBx: 0 | Sys MIL: 0
Train | Loss: 0.6066 | L_Les: 0.6066 (Dense 0.7949, Sparse 0.0000, Sys 0.0000)
Val   | Loss: 0.2438 | Les-Dice: 0.3198 | Les-F1: 0.3551 | Patient-BAcc: 0.4972 | Region-BAcc: 0.5124
--- Lesion EM / Loss Multipliers ---
Dense: 1.000 | Sparse TBx: 0.000 | Sys MIL: 0.000
Selection metric (composite): 0.4123

Epoch 14/100
Curriculum/task status | Dense: 1 | Sparse TBx: 0 | Sys MIL: 0
Train | Loss: 0.6143 | L_Les: 0.6143 (Dense 0.7836, Sparse 0.0000, Sys 0.0000)
Val   | Loss: 0.2450 | Les-Dice: 0.3136 | Les-F1: 0.3540 | Patient-BAcc: 0.5095 | Region-BAcc: 0.5344
--- Lesion EM / Loss Multipliers ---
Dense: 1.000 | Sparse TBx: 0.000 | Sys MIL: 0.000
Selection metric (composite): 0.4178
--> Best Model Saved (Score: 0.4178)

Epoch 15/100
Curriculum/task status | Dense: 1 | Sparse TBx: 0 | Sys MIL: 1
Train | Loss: 0.8512 | L_Les: 1.3964 (Dense 0.8229, Sparse 0.0000, Sys 0.7486)
Val   | Loss: 0.3621 | Les-Dice: 0.3144 | Les-F1: 0.3504 | Patient-BAcc: 0.6909 | Region-BAcc: 0.5216
--- Lesion EM / Loss Multipliers ---
Dense: 1.000 | Sparse TBx: 0.000 | Sys MIL: 0.250
Selection metric (composite): 0.4603
--> Best Model Saved (Score: 0.4603)

Epoch 16/100
Curriculum/task status | Dense: 1 | Sparse TBx: 0 | Sys MIL: 1
Train | Loss: 0.7872 | L_Les: 1.2706 (Dense 0.7920, Sparse 0.0000, Sys 0.6624)
Val   | Loss: 0.3718 | Les-Dice: 0.2935 | Les-F1: 0.3341 | Patient-BAcc: 0.7115 | Region-BAcc: 0.5212
--- Lesion EM / Loss Multipliers ---
Dense: 1.000 | Sparse TBx: 0.000 | Sys MIL: 0.250
Selection metric (composite): 0.4549

Epoch 17/100
Curriculum/task status | Dense: 1 | Sparse TBx: 0 | Sys MIL: 1
Train | Loss: 0.8080 | L_Les: 1.2830 (Dense 0.7903, Sparse 0.0000, Sys 0.6675)
Val   | Loss: 0.3808 | Les-Dice: 0.2679 | Les-F1: 0.2915 | Patient-BAcc: 0.5706 | Region-BAcc: 0.5716
--- Lesion EM / Loss Multipliers ---
Dense: 1.000 | Sparse TBx: 0.000 | Sys MIL: 0.250
Selection metric (composite): 0.4195

Epoch 18/100
Curriculum/task status | Dense: 1 | Sparse TBx: 0 | Sys MIL: 1
Train | Loss: 0.7764 | L_Les: 1.2600 (Dense 0.7796, Sparse 0.0000, Sys 0.6599)
Val   | Loss: 0.3699 | Les-Dice: 0.2915 | Les-F1: 0.3507 | Patient-BAcc: 0.6901 | Region-BAcc: 0.5137
--- Lesion EM / Loss Multipliers ---
Dense: 1.000 | Sparse TBx: 0.000 | Sys MIL: 0.250
Selection metric (composite): 0.4467

Epoch 19/100
Curriculum/task status | Dense: 1 | Sparse TBx: 0 | Sys MIL: 1
Train | Loss: 0.7659 | L_Les: 1.2315 (Dense 0.7767, Sparse 0.0000, Sys 0.6510)
Val   | Loss: 0.3647 | Les-Dice: 0.3066 | Les-F1: 0.3386 | Patient-BAcc: 0.6853 | Region-BAcc: 0.5258
--- Lesion EM / Loss Multipliers ---
Dense: 1.000 | Sparse TBx: 0.000 | Sys MIL: 0.250
Selection metric (composite): 0.4561

Epoch 20/100
Curriculum/task status | Dense: 1 | Sparse TBx: 0 | Sys MIL: 1
Train | Loss: 0.7652 | L_Les: 1.2263 (Dense 0.7665, Sparse 0.0000, Sys 0.6478)
Val   | Loss: 0.3584 | Les-Dice: 0.3234 | Les-F1: 0.3724 | Patient-BAcc: 0.6548 | Region-BAcc: 0.5147
--- Lesion EM / Loss Multipliers ---
Dense: 1.000 | Sparse TBx: 0.000 | Sys MIL: 0.250
Selection metric (composite): 0.4540

Epoch 21/100
Curriculum/task status | Dense: 1 | Sparse TBx: 0 | Sys MIL: 1
Train | Loss: 0.7474 | L_Les: 1.2017 (Dense 0.7641, Sparse 0.0000, Sys 0.6267)
Val   | Loss: 0.3589 | Les-Dice: 0.3251 | Les-F1: 0.3654 | Patient-BAcc: 0.6921 | Region-BAcc: 0.5237
--- Lesion EM / Loss Multipliers ---
Dense: 1.000 | Sparse TBx: 0.000 | Sys MIL: 0.250
Selection metric (composite): 0.4665
--> Best Model Saved (Score: 0.4665)

Epoch 22/100
Curriculum/task status | Dense: 1 | Sparse TBx: 0 | Sys MIL: 1
Train | Loss: 0.7275 | L_Les: 1.1830 (Dense 0.7623, Sparse 0.0000, Sys 0.6523)
Val   | Loss: 0.3626 | Les-Dice: 0.3230 | Les-F1: 0.3574 | Patient-BAcc: 0.6782 | Region-BAcc: 0.5220
--- Lesion EM / Loss Multipliers ---
Dense: 1.000 | Sparse TBx: 0.000 | Sys MIL: 0.250
Selection metric (composite): 0.4615

Epoch 23/100
Curriculum/task status | Dense: 1 | Sparse TBx: 0 | Sys MIL: 1
Train | Loss: 0.7759 | L_Les: 1.2418 (Dense 0.7675, Sparse 0.0000, Sys 0.6387)
Val   | Loss: 0.3557 | Les-Dice: 0.3358 | Les-F1: 0.3774 | Patient-BAcc: 0.6730 | Region-BAcc: 0.5149
--- Lesion EM / Loss Multipliers ---
Dense: 1.000 | Sparse TBx: 0.000 | Sys MIL: 0.250
Selection metric (composite): 0.4649

Epoch 24/100
Curriculum/task status | Dense: 1 | Sparse TBx: 0 | Sys MIL: 1
Train | Loss: 0.7194 | L_Les: 1.1706 (Dense 0.7640, Sparse 0.0000, Sys 0.6296)
Val   | Loss: 0.3651 | Les-Dice: 0.3091 | Les-F1: 0.3597 | Patient-BAcc: 0.6964 | Region-BAcc: 0.5191
--- Lesion EM / Loss Multipliers ---
Dense: 1.000 | Sparse TBx: 0.000 | Sys MIL: 0.250
Selection metric (composite): 0.4584

Epoch 25/100
Curriculum/task status | Dense: 1 | Sparse TBx: 0 | Sys MIL: 1
Train | Loss: 0.7344 | L_Les: 1.2002 (Dense 0.7503, Sparse 0.0000, Sys 0.6375)
Val   | Loss: 0.3605 | Les-Dice: 0.3172 | Les-F1: 0.3678 | Patient-BAcc: 0.7238 | Region-BAcc: 0.5173
--- Lesion EM / Loss Multipliers ---
Dense: 1.000 | Sparse TBx: 0.000 | Sys MIL: 0.250
Selection metric (composite): 0.4689
--> Best Model Saved (Score: 0.4689)

Epoch 26/100
Curriculum/task status | Dense: 1 | Sparse TBx: 0 | Sys MIL: 1
Train | Loss: 0.7661 | L_Les: 1.2206 (Dense 0.7535, Sparse 0.0000, Sys 0.6301)
Val   | Loss: 0.3581 | Les-Dice: 0.3227 | Les-F1: 0.3667 | Patient-BAcc: 0.6873 | Region-BAcc: 0.5228
--- Lesion EM / Loss Multipliers ---
Dense: 1.000 | Sparse TBx: 0.000 | Sys MIL: 0.250
Selection metric (composite): 0.4639

Epoch 27/100
Curriculum/task status | Dense: 1 | Sparse TBx: 0 | Sys MIL: 1
Train | Loss: 0.7362 | L_Les: 1.2056 (Dense 0.7483, Sparse 0.0000, Sys 0.6407)
Val   | Loss: 0.3614 | Les-Dice: 0.3233 | Les-F1: 0.3658 | Patient-BAcc: 0.6754 | Region-BAcc: 0.5258
--- Lesion EM / Loss Multipliers ---
Dense: 1.000 | Sparse TBx: 0.000 | Sys MIL: 0.250
Selection metric (composite): 0.4620

Epoch 28/100
Curriculum/task status | Dense: 1 | Sparse TBx: 0 | Sys MIL: 1
Train | Loss: 0.7688 | L_Les: 1.2249 (Dense 0.7455, Sparse 0.0000, Sys 0.6248)
Val   | Loss: 0.3571 | Les-Dice: 0.3330 | Les-F1: 0.3699 | Patient-BAcc: 0.6401 | Region-BAcc: 0.5423
--- Lesion EM / Loss Multipliers ---
Dense: 1.000 | Sparse TBx: 0.000 | Sys MIL: 0.250
Selection metric (composite): 0.4621

Epoch 29/100
Curriculum/task status | Dense: 1 | Sparse TBx: 0 | Sys MIL: 1
Train | Loss: 0.7330 | L_Les: 1.1848 (Dense 0.7441, Sparse 0.0000, Sys 0.6202)
Val   | Loss: 0.3557 | Les-Dice: 0.3383 | Les-F1: 0.3748 | Patient-BAcc: 0.6992 | Region-BAcc: 0.5395
--- Lesion EM / Loss Multipliers ---
Dense: 1.000 | Sparse TBx: 0.000 | Sys MIL: 0.250
Selection metric (composite): 0.4789
--> Best Model Saved (Score: 0.4789)

Epoch 30/100
Curriculum/task status | Dense: 1 | Sparse TBx: 0 | Sys MIL: 1
Train | Loss: 0.7381 | L_Les: 1.1858 (Dense 0.7366, Sparse 0.0000, Sys 0.6147)
Val   | Loss: 0.3585 | Les-Dice: 0.3187 | Les-F1: 0.3521 | Patient-BAcc: 0.5556 | Region-BAcc: 0.5763
--- Lesion EM / Loss Multipliers ---
Dense: 1.000 | Sparse TBx: 0.000 | Sys MIL: 0.250
Selection metric (composite): 0.4423

Epoch 31/100
Curriculum/task status | Dense: 1 | Sparse TBx: 0 | Sys MIL: 1
Train | Loss: 0.7133 | L_Les: 1.1608 (Dense 0.7396, Sparse 0.0000, Sys 0.6245)
Val   | Loss: 0.3568 | Les-Dice: 0.3388 | Les-F1: 0.3818 | Patient-BAcc: 0.6024 | Region-BAcc: 0.5232
--- Lesion EM / Loss Multipliers ---
Dense: 1.000 | Sparse TBx: 0.000 | Sys MIL: 0.250
Selection metric (composite): 0.4508

Epoch 32/100
Curriculum/task status | Dense: 1 | Sparse TBx: 0 | Sys MIL: 1
Train | Loss: 0.7268 | L_Les: 1.1689 (Dense 0.7383, Sparse 0.0000, Sys 0.6101)
Val   | Loss: 0.3571 | Les-Dice: 0.3317 | Les-F1: 0.3705 | Patient-BAcc: 0.7206 | Region-BAcc: 0.5331
--- Lesion EM / Loss Multipliers ---
Dense: 1.000 | Sparse TBx: 0.000 | Sys MIL: 0.250
Selection metric (composite): 0.4793
--> Best Model Saved (Score: 0.4793)

Epoch 33/100
Curriculum/task status | Dense: 1 | Sparse TBx: 0 | Sys MIL: 1
Train | Loss: 0.7424 | L_Les: 1.1846 (Dense 0.7346, Sparse 0.0000, Sys 0.6200)
Val   | Loss: 0.3550 | Les-Dice: 0.3412 | Les-F1: 0.3848 | Patient-BAcc: 0.7282 | Region-BAcc: 0.5225
--- Lesion EM / Loss Multipliers ---
Dense: 1.000 | Sparse TBx: 0.000 | Sys MIL: 0.250
Selection metric (composite): 0.4833
--> Best Model Saved (Score: 0.4833)

Epoch 34/100
Curriculum/task status | Dense: 1 | Sparse TBx: 0 | Sys MIL: 1
Train | Loss: 0.7219 | L_Les: 1.1765 (Dense 0.7291, Sparse 0.0000, Sys 0.6175)
Val   | Loss: 0.3538 | Les-Dice: 0.3382 | Les-F1: 0.3806 | Patient-BAcc: 0.5325 | Region-BAcc: 0.5630
--- Lesion EM / Loss Multipliers ---
Dense: 1.000 | Sparse TBx: 0.000 | Sys MIL: 0.250
Selection metric (composite): 0.4430

Epoch 35/100
Curriculum/task status | Dense: 1 | Sparse TBx: 0 | Sys MIL: 1
Train | Loss: 0.7251 | L_Les: 1.1572 (Dense 0.7311, Sparse 0.0000, Sys 0.5987)
Val   | Loss: 0.3627 | Les-Dice: 0.3261 | Les-F1: 0.3717 | Patient-BAcc: 0.6921 | Region-BAcc: 0.5347
--- Lesion EM / Loss Multipliers ---
Dense: 1.000 | Sparse TBx: 0.000 | Sys MIL: 0.250
Selection metric (composite): 0.4697

Epoch 36/100
Curriculum/task status | Dense: 1 | Sparse TBx: 0 | Sys MIL: 1
Train | Loss: 0.7120 | L_Les: 1.1469 (Dense 0.7304, Sparse 0.0000, Sys 0.6157)
Val   | Loss: 0.3559 | Les-Dice: 0.3362 | Les-F1: 0.3838 | Patient-BAcc: 0.6230 | Region-BAcc: 0.5453
--- Lesion EM / Loss Multipliers ---
Dense: 1.000 | Sparse TBx: 0.000 | Sys MIL: 0.250
Selection metric (composite): 0.4602

Epoch 37/100
Curriculum/task status | Dense: 1 | Sparse TBx: 0 | Sys MIL: 1
Train | Loss: 0.7363 | L_Les: 1.1615 (Dense 0.7225, Sparse 0.0000, Sys 0.5915)
Val   | Loss: 0.3604 | Les-Dice: 0.3240 | Les-F1: 0.3791 | Patient-BAcc: 0.7024 | Region-BAcc: 0.5286
--- Lesion EM / Loss Multipliers ---
Dense: 1.000 | Sparse TBx: 0.000 | Sys MIL: 0.250
Selection metric (composite): 0.4697

Epoch 38/100
Curriculum/task status | Dense: 1 | Sparse TBx: 0 | Sys MIL: 1
Train | Loss: 0.7159 | L_Les: 1.1541 (Dense 0.7178, Sparse 0.0000, Sys 0.6091)
Val   | Loss: 0.3607 | Les-Dice: 0.3322 | Les-F1: 0.3825 | Patient-BAcc: 0.6948 | Region-BAcc: 0.5292
--- Lesion EM / Loss Multipliers ---
Dense: 1.000 | Sparse TBx: 0.000 | Sys MIL: 0.250
Selection metric (composite): 0.4721

Epoch 39/100
Curriculum/task status | Dense: 1 | Sparse TBx: 0 | Sys MIL: 1
Train | Loss: 0.7244 | L_Les: 1.1592 (Dense 0.7188, Sparse 0.0000, Sys 0.6011)
Val   | Loss: 0.3636 | Les-Dice: 0.3223 | Les-F1: 0.3688 | Patient-BAcc: 0.6571 | Region-BAcc: 0.5440
--- Lesion EM / Loss Multipliers ---
Dense: 1.000 | Sparse TBx: 0.000 | Sys MIL: 0.250
Selection metric (composite): 0.4614

Epoch 40/100
Curriculum/task status | Dense: 1 | Sparse TBx: 0 | Sys MIL: 1
Train | Loss: 0.7280 | L_Les: 1.1501 (Dense 0.7148, Sparse 0.0000, Sys 0.5885)
Val   | Loss: 0.3575 | Les-Dice: 0.3412 | Les-F1: 0.3782 | Patient-BAcc: 0.5317 | Region-BAcc: 0.5649
--- Lesion EM / Loss Multipliers ---
Dense: 1.000 | Sparse TBx: 0.000 | Sys MIL: 0.250
Selection metric (composite): 0.4447

Epoch 41/100
Curriculum/task status | Dense: 1 | Sparse TBx: 0 | Sys MIL: 1
Train | Loss: 0.6933 | L_Les: 1.1211 (Dense 0.7185, Sparse 0.0000, Sys 0.5929)
Val   | Loss: 0.3642 | Les-Dice: 0.3324 | Les-F1: 0.3643 | Patient-BAcc: 0.5365 | Region-BAcc: 0.5731
--- Lesion EM / Loss Multipliers ---
Dense: 1.000 | Sparse TBx: 0.000 | Sys MIL: 0.250
Selection metric (composite): 0.4436

Epoch 42/100
Curriculum/task status | Dense: 1 | Sparse TBx: 0 | Sys MIL: 1
Train | Loss: 0.7140 | L_Les: 1.1432 (Dense 0.7135, Sparse 0.0000, Sys 0.5908)
Val   | Loss: 0.3552 | Les-Dice: 0.3388 | Les-F1: 0.3854 | Patient-BAcc: 0.6329 | Region-BAcc: 0.5198
--- Lesion EM / Loss Multipliers ---
Dense: 1.000 | Sparse TBx: 0.000 | Sys MIL: 0.250
Selection metric (composite): 0.4576

Epoch 43/100
Curriculum/task status | Dense: 1 | Sparse TBx: 0 | Sys MIL: 1
Train | Loss: 0.6937 | L_Les: 1.1158 (Dense 0.6991, Sparse 0.0000, Sys 0.5875)
Val   | Loss: 0.3591 | Les-Dice: 0.3267 | Les-F1: 0.3756 | Patient-BAcc: 0.6071 | Region-BAcc: 0.5653
--- Lesion EM / Loss Multipliers ---
Dense: 1.000 | Sparse TBx: 0.000 | Sys MIL: 0.250
Selection metric (composite): 0.4565

Epoch 44/100
Curriculum/task status | Dense: 1 | Sparse TBx: 0 | Sys MIL: 1
Train | Loss: 0.7053 | L_Les: 1.1337 (Dense 0.7007, Sparse 0.0000, Sys 0.5848)
Val   | Loss: 0.3550 | Les-Dice: 0.3380 | Les-F1: 0.3965 | Patient-BAcc: 0.6659 | Region-BAcc: 0.5356
--- Lesion EM / Loss Multipliers ---
Dense: 1.000 | Sparse TBx: 0.000 | Sys MIL: 0.250
Selection metric (composite): 0.4694

Epoch 45/100
Curriculum/task status | Dense: 1 | Sparse TBx: 0 | Sys MIL: 1
Train | Loss: 0.6982 | L_Les: 1.1124 (Dense 0.6955, Sparse 0.0000, Sys 0.5700)
Val   | Loss: 0.3660 | Les-Dice: 0.3316 | Les-F1: 0.3904 | Patient-BAcc: 0.6726 | Region-BAcc: 0.5183
--- Lesion EM / Loss Multipliers ---
Dense: 1.000 | Sparse TBx: 0.000 | Sys MIL: 0.250
Selection metric (composite): 0.4635

Epoch 46/100
Curriculum/task status | Dense: 1 | Sparse TBx: 0 | Sys MIL: 1
Train | Loss: 0.6898 | L_Les: 1.0989 (Dense 0.6988, Sparse 0.0000, Sys 0.5618)
Val   | Loss: 0.3619 | Les-Dice: 0.3387 | Les-F1: 0.3822 | Patient-BAcc: 0.5560 | Region-BAcc: 0.5633
--- Lesion EM / Loss Multipliers ---
Dense: 1.000 | Sparse TBx: 0.000 | Sys MIL: 0.250
Selection metric (composite): 0.4492

Epoch 47/100
Curriculum/task status | Dense: 1 | Sparse TBx: 0 | Sys MIL: 1
Train | Loss: 0.7016 | L_Les: 1.1058 (Dense 0.6963, Sparse 0.0000, Sys 0.5538)
Val   | Loss: 0.3614 | Les-Dice: 0.3228 | Les-F1: 0.3782 | Patient-BAcc: 0.5865 | Region-BAcc: 0.5857
--- Lesion EM / Loss Multipliers ---
Dense: 1.000 | Sparse TBx: 0.000 | Sys MIL: 0.250
Selection metric (composite): 0.4544

Epoch 48/100
Curriculum/task status | Dense: 1 | Sparse TBx: 0 | Sys MIL: 1
Train | Loss: 0.6908 | L_Les: 1.1079 (Dense 0.6881, Sparse 0.0000, Sys 0.5795)
Val   | Loss: 0.3629 | Les-Dice: 0.3234 | Les-F1: 0.3786 | Patient-BAcc: 0.6345 | Region-BAcc: 0.5477
--- Lesion EM / Loss Multipliers ---
Dense: 1.000 | Sparse TBx: 0.000 | Sys MIL: 0.250
Selection metric (composite): 0.4573

Epoch 49/100
Curriculum/task status | Dense: 1 | Sparse TBx: 0 | Sys MIL: 1
Train | Loss: 0.6767 | L_Les: 1.0856 (Dense 0.6813, Sparse 0.0000, Sys 0.5639)
Val   | Loss: 0.3586 | Les-Dice: 0.3350 | Les-F1: 0.3872 | Patient-BAcc: 0.6071 | Region-BAcc: 0.5450
--- Lesion EM / Loss Multipliers ---
Dense: 1.000 | Sparse TBx: 0.000 | Sys MIL: 0.250
Selection metric (composite): 0.4556

Epoch 50/100
Curriculum/task status | Dense: 1 | Sparse TBx: 0 | Sys MIL: 1
Train | Loss: 0.6703 | L_Les: 1.0746 (Dense 0.6857, Sparse 0.0000, Sys 0.5566)
Val   | Loss: 0.3740 | Les-Dice: 0.3220 | Les-F1: 0.3741 | Patient-BAcc: 0.5500 | Region-BAcc: 0.5254
--- Lesion EM / Loss Multipliers ---
Dense: 1.000 | Sparse TBx: 0.000 | Sys MIL: 0.250
Selection metric (composite): 0.4299

Epoch 51/100
Curriculum/task status | Dense: 1 | Sparse TBx: 0 | Sys MIL: 1
Train | Loss: 0.6926 | L_Les: 1.0834 (Dense 0.6867, Sparse 0.0000, Sys 0.5456)
Val   | Loss: 0.3628 | Les-Dice: 0.3331 | Les-F1: 0.3805 | Patient-BAcc: 0.5433 | Region-BAcc: 0.5828
--- Lesion EM / Loss Multipliers ---
Dense: 1.000 | Sparse TBx: 0.000 | Sys MIL: 0.250
Selection metric (composite): 0.4481

Epoch 52/100
Curriculum/task status | Dense: 1 | Sparse TBx: 0 | Sys MIL: 1
Train | Loss: 0.6666 | L_Les: 1.0582 (Dense 0.6779, Sparse 0.0000, Sys 0.5455)
Val   | Loss: 0.3677 | Les-Dice: 0.3334 | Les-F1: 0.3927 | Patient-BAcc: 0.6040 | Region-BAcc: 0.5629
--- Lesion EM / Loss Multipliers ---
Dense: 1.000 | Sparse TBx: 0.000 | Sys MIL: 0.250
Selection metric (composite): 0.4584

Epoch 53/100
Curriculum/task status | Dense: 1 | Sparse TBx: 0 | Sys MIL: 1
Train | Loss: 0.6635 | L_Les: 1.0533 (Dense 0.6737, Sparse 0.0000, Sys 0.5394)
Val   | Loss: 0.3622 | Les-Dice: 0.3347 | Les-F1: 0.3884 | Patient-BAcc: 0.5722 | Region-BAcc: 0.5570
--- Lesion EM / Loss Multipliers ---
Dense: 1.000 | Sparse TBx: 0.000 | Sys MIL: 0.250
Selection metric (composite): 0.4497
Early stop triggered at epoch 53
