✅ Console outputs will be saved to: /raid/candi/jiayi/RP/Experiments/20260620_1333_N2_CM04_FixedW010_Curr15_P09N005_FixedW_LesDense_LesSparseTBx_NoClamp_Curr_EMlrX1_LR0.0001_composite/console_output.log
--------------------------------------------------
Experiment Configurations:
BASE_DIR                        : /raid/candi/jiayi/RP
UNIFIED_DATA_DIR                : /raid/candi/jiayi/RP/data/Unified_Dataset
SPLIT_DIR                       : /raid/candi/jiayi/RP/data/Unified_Dataset/splits
EXP_DIR                         : /raid/candi/jiayi/RP/Experiments
EXPERIMENT_MODE                 : N2_PUB_TCIA_TBX_ONLY
COMMON_INTERNAL_VAL_CSV         : /raid/candi/jiayi/RP/data/Unified_Dataset/splits/common_internal_evaluation.csv
COMMON_BEST_MODEL_METRIC        : composite
TRAIN_CSV                       : /raid/candi/jiayi/RP/data/Unified_Dataset/splits/N2_PUB_TCIA_TBx_only_train.csv
VAL_CSV                         : /raid/candi/jiayi/RP/data/Unified_Dataset/splits/common_internal_evaluation.csv
TEST_CSV                        : /raid/candi/jiayi/RP/data/Unified_Dataset/splits/N2_PROMIS_external_val.csv
TASK                            : mixed
DATASET_TASK                    : mixed
USE_GRADE_TBX_TASK              : False
USE_GRADE_SBX_TASK              : False
USE_LESION_DENSE_TASK           : True
USE_LESION_SPARSE_TASK          : True
USE_LESION_SYS_TASK             : False
USE_GLAND_TASK                  : False
USE_EM_WEIGHTING                : False
USE_CURRICULUM                  : True
LESION_DENSE_START_EPOCH        : 1
LESION_SPARSE_START_EPOCH       : 15
LESION_SYS_START_EPOCH          : 1
BEST_MODEL_METRIC               : composite
EXPERIMENT_TAG                  : N2_CM04_FixedW010_Curr15_P09N005
TARGET_SPACING                  : [1.0, 1.0, 2.24]
CROP_SIZE_SITK                  : [64, 64, 32]
INPUT_SHAPE                     : (3, 32, 64, 64)
NEEDLE_RADIUS                   : 2
IN_CHANNELS                     : 3
NUM_CLASSES                     : 7
BASE_CHANNELS                   : 32
MAX_ZONES                       : 20
MIL_POOLING                     : lme
LME_R                           : 8.0
DROPOUT_RATE                    : 0.2
CSPC_THRESHOLD                  : 3
LESION_POSITIVE_THRESHOLD       : 3
INVALID_SYS_LABEL               : -1
PRED_PROB_THRESHOLD             : 0.5
DEVICE                          : cuda
SEED                            : 42
NUM_EPOCHS                      : 100
BATCH_SIZE                      : 4
NUM_WORKERS                     : 2
LR                              : 0.0001
WEIGHT_DECAY                    : 0.0001
LR_SCHEDULER                    : CosineAnnealing
EARLY_STOP_PATIENCE             : 20
GRAD_CLIP_NORM                  : 12.0
POS_WEIGHT_VAL                  : 2
SYS_POS_WEIGHT_VAL              : 1.0
SYS_FOCAL_ALPHA                 : 0.75
SYS_FOCAL_GAMMA                 : 2.0
USE_SYS_CLASS_BALANCED_BCE      : True
EM_LR_MULTIPLIER                : 1.0
USE_LOGVAR_CLAMP                : False
LOGVAR_MIN                      : -2.0
LOGVAR_MAX                      : 2.0
FIXED_LOSS_WEIGHTS              : {'grade_tbx': 0.0, 'grade_sbx': 0.0, 'lesion_dense': 1.0, 'lesion_sparse': 0.1, 'lesion_sys': 1.0, 'gland': 0.0}
TBX_POSITIVE_SOFT_LABEL         : 0.9
TBX_NEGATIVE_SOFT_LABEL         : 0.05
GRADE_TBX_START_EPOCH           : 1
GRADE_SBX_START_EPOCH           : 1
GLAND_START_EPOCH               : 1
LESION_W_SMALL                  : 5
USE_AUGMENTATION                : True
MASK_TARGET_IN_SYS              : True
VIS_SUBDIR                      : visualizations
--------------------------------------------------
📄 Train CSV: /raid/candi/jiayi/RP/data/Unified_Dataset/splits/N2_PUB_TCIA_TBx_only_train.csv
📄 Val CSV:   /raid/candi/jiayi/RP/data/Unified_Dataset/splits/common_internal_evaluation.csv

Epoch 1/100
Curriculum/task status | Dense: 1 | Sparse TBx: 0 | Sys MIL: 0
Train | Loss: 0.7927 | L_Les: 0.7927 (Dense 1.0716, Sparse 0.0000, Sys 0.0000)
Val   | Loss: 0.3099 | Les-Dice: 0.1643 | Les-F1: 0.2028 | Patient-BAcc: 0.6940 | Region-BAcc: 0.5000
--- Lesion EM / Loss Multipliers ---
Dense: 1.000 | Sparse TBx: 0.000 | Sys MIL: 0.000
Selection metric (composite): 0.3807
--> Best Model Saved (Score: 0.3807)

Epoch 2/100
Curriculum/task status | Dense: 1 | Sparse TBx: 0 | Sys MIL: 0
Train | Loss: 0.7693 | L_Les: 0.7693 (Dense 0.9790, Sparse 0.0000, Sys 0.0000)
Val   | Loss: 0.2902 | Les-Dice: 0.2329 | Les-F1: 0.2592 | Patient-BAcc: 0.5238 | Region-BAcc: 0.5310
--- Lesion EM / Loss Multipliers ---
Dense: 1.000 | Sparse TBx: 0.000 | Sys MIL: 0.000
Selection metric (composite): 0.3801

Epoch 3/100
Curriculum/task status | Dense: 1 | Sparse TBx: 0 | Sys MIL: 0
Train | Loss: 0.7108 | L_Les: 0.7108 (Dense 0.9298, Sparse 0.0000, Sys 0.0000)
Val   | Loss: 0.2872 | Les-Dice: 0.2239 | Les-F1: 0.2444 | Patient-BAcc: 0.5000 | Region-BAcc: 0.5287
--- Lesion EM / Loss Multipliers ---
Dense: 1.000 | Sparse TBx: 0.000 | Sys MIL: 0.000
Selection metric (composite): 0.3691

Epoch 4/100
Curriculum/task status | Dense: 1 | Sparse TBx: 0 | Sys MIL: 0
Train | Loss: 0.6873 | L_Les: 0.6873 (Dense 0.8983, Sparse 0.0000, Sys 0.0000)
Val   | Loss: 0.2734 | Les-Dice: 0.2491 | Les-F1: 0.2790 | Patient-BAcc: 0.4964 | Region-BAcc: 0.4795
--- Lesion EM / Loss Multipliers ---
Dense: 1.000 | Sparse TBx: 0.000 | Sys MIL: 0.000
Selection metric (composite): 0.3685

Epoch 5/100
Curriculum/task status | Dense: 1 | Sparse TBx: 0 | Sys MIL: 0
Train | Loss: 0.6565 | L_Les: 0.6565 (Dense 0.8739, Sparse 0.0000, Sys 0.0000)
Val   | Loss: 0.2688 | Les-Dice: 0.2535 | Les-F1: 0.2919 | Patient-BAcc: 0.4944 | Region-BAcc: 0.5181
--- Lesion EM / Loss Multipliers ---
Dense: 1.000 | Sparse TBx: 0.000 | Sys MIL: 0.000
Selection metric (composite): 0.3799

Epoch 6/100
Curriculum/task status | Dense: 1 | Sparse TBx: 0 | Sys MIL: 0
Train | Loss: 0.6712 | L_Les: 0.6712 (Dense 0.8558, Sparse 0.0000, Sys 0.0000)
Val   | Loss: 0.2595 | Les-Dice: 0.2803 | Les-F1: 0.3152 | Patient-BAcc: 0.5000 | Region-BAcc: 0.5325
--- Lesion EM / Loss Multipliers ---
Dense: 1.000 | Sparse TBx: 0.000 | Sys MIL: 0.000
Selection metric (composite): 0.3983
--> Best Model Saved (Score: 0.3983)

Epoch 7/100
Curriculum/task status | Dense: 1 | Sparse TBx: 0 | Sys MIL: 0
Train | Loss: 0.6348 | L_Les: 0.6348 (Dense 0.8370, Sparse 0.0000, Sys 0.0000)
Val   | Loss: 0.2529 | Les-Dice: 0.2958 | Les-F1: 0.3306 | Patient-BAcc: 0.5115 | Region-BAcc: 0.5343
--- Lesion EM / Loss Multipliers ---
Dense: 1.000 | Sparse TBx: 0.000 | Sys MIL: 0.000
Selection metric (composite): 0.4093
--> Best Model Saved (Score: 0.4093)

Epoch 8/100
Curriculum/task status | Dense: 1 | Sparse TBx: 0 | Sys MIL: 0
Train | Loss: 0.6430 | L_Les: 0.6430 (Dense 0.8300, Sparse 0.0000, Sys 0.0000)
Val   | Loss: 0.2533 | Les-Dice: 0.2891 | Les-F1: 0.3360 | Patient-BAcc: 0.5020 | Region-BAcc: 0.5574
--- Lesion EM / Loss Multipliers ---
Dense: 1.000 | Sparse TBx: 0.000 | Sys MIL: 0.000
Selection metric (composite): 0.4094
--> Best Model Saved (Score: 0.4094)

Epoch 9/100
Curriculum/task status | Dense: 1 | Sparse TBx: 0 | Sys MIL: 0
Train | Loss: 0.6281 | L_Les: 0.6281 (Dense 0.8268, Sparse 0.0000, Sys 0.0000)
Val   | Loss: 0.2499 | Les-Dice: 0.3026 | Les-F1: 0.3408 | Patient-BAcc: 0.5060 | Region-BAcc: 0.5633
--- Lesion EM / Loss Multipliers ---
Dense: 1.000 | Sparse TBx: 0.000 | Sys MIL: 0.000
Selection metric (composite): 0.4186
--> Best Model Saved (Score: 0.4186)

Epoch 10/100
Curriculum/task status | Dense: 1 | Sparse TBx: 0 | Sys MIL: 0
Train | Loss: 0.6243 | L_Les: 0.6243 (Dense 0.8186, Sparse 0.0000, Sys 0.0000)
Val   | Loss: 0.2485 | Les-Dice: 0.3041 | Les-F1: 0.3442 | Patient-BAcc: 0.5175 | Region-BAcc: 0.5391
--- Lesion EM / Loss Multipliers ---
Dense: 1.000 | Sparse TBx: 0.000 | Sys MIL: 0.000
Selection metric (composite): 0.4162

Epoch 11/100
Curriculum/task status | Dense: 1 | Sparse TBx: 0 | Sys MIL: 0
Train | Loss: 0.6208 | L_Les: 0.6208 (Dense 0.8057, Sparse 0.0000, Sys 0.0000)
Val   | Loss: 0.2498 | Les-Dice: 0.2992 | Les-F1: 0.3411 | Patient-BAcc: 0.4972 | Region-BAcc: 0.5537
--- Lesion EM / Loss Multipliers ---
Dense: 1.000 | Sparse TBx: 0.000 | Sys MIL: 0.000
Selection metric (composite): 0.4123

Epoch 12/100
Curriculum/task status | Dense: 1 | Sparse TBx: 0 | Sys MIL: 0
Train | Loss: 0.6378 | L_Les: 0.6378 (Dense 0.7926, Sparse 0.0000, Sys 0.0000)
Val   | Loss: 0.2484 | Les-Dice: 0.3061 | Les-F1: 0.3476 | Patient-BAcc: 0.5175 | Region-BAcc: 0.5901
--- Lesion EM / Loss Multipliers ---
Dense: 1.000 | Sparse TBx: 0.000 | Sys MIL: 0.000
Selection metric (composite): 0.4299
--> Best Model Saved (Score: 0.4299)

Epoch 13/100
Curriculum/task status | Dense: 1 | Sparse TBx: 0 | Sys MIL: 0
Train | Loss: 0.5972 | L_Les: 0.5972 (Dense 0.7903, Sparse 0.0000, Sys 0.0000)
Val   | Loss: 0.2427 | Les-Dice: 0.3198 | Les-F1: 0.3631 | Patient-BAcc: 0.5254 | Region-BAcc: 0.5534
--- Lesion EM / Loss Multipliers ---
Dense: 1.000 | Sparse TBx: 0.000 | Sys MIL: 0.000
Selection metric (composite): 0.4296

Epoch 14/100
Curriculum/task status | Dense: 1 | Sparse TBx: 0 | Sys MIL: 0
Train | Loss: 0.6117 | L_Les: 0.6117 (Dense 0.7889, Sparse 0.0000, Sys 0.0000)
Val   | Loss: 0.2485 | Les-Dice: 0.2987 | Les-F1: 0.3449 | Patient-BAcc: 0.5067 | Region-BAcc: 0.5234
--- Lesion EM / Loss Multipliers ---
Dense: 1.000 | Sparse TBx: 0.000 | Sys MIL: 0.000
Selection metric (composite): 0.4069

Epoch 15/100
Curriculum/task status | Dense: 1 | Sparse TBx: 1 | Sys MIL: 0
Train | Loss: 0.7176 | L_Les: 1.7351 (Dense 0.8064, Sparse 1.1075, Sys 0.0000)
Val   | Loss: 0.3147 | Les-Dice: 0.3046 | Les-F1: 0.3454 | Patient-BAcc: 0.6472 | Region-BAcc: 0.5331
--- Lesion EM / Loss Multipliers ---
Dense: 1.000 | Sparse TBx: 0.100 | Sys MIL: 0.000
Selection metric (composite): 0.4474
--> Best Model Saved (Score: 0.4474)

Epoch 16/100
Curriculum/task status | Dense: 1 | Sparse TBx: 1 | Sys MIL: 0
Train | Loss: 0.7028 | L_Les: 1.5577 (Dense 0.7883, Sparse 0.9439, Sys 0.0000)
Val   | Loss: 0.3071 | Les-Dice: 0.3233 | Les-F1: 0.3612 | Patient-BAcc: 0.6321 | Region-BAcc: 0.5181
--- Lesion EM / Loss Multipliers ---
Dense: 1.000 | Sparse TBx: 0.100 | Sys MIL: 0.000
Selection metric (composite): 0.4492
--> Best Model Saved (Score: 0.4492)

Epoch 17/100
Curriculum/task status | Dense: 1 | Sparse TBx: 1 | Sys MIL: 0
Train | Loss: 0.6864 | L_Les: 1.5252 (Dense 0.7769, Sparse 0.9236, Sys 0.0000)
Val   | Loss: 0.3085 | Les-Dice: 0.3185 | Les-F1: 0.3721 | Patient-BAcc: 0.6841 | Region-BAcc: 0.5151
--- Lesion EM / Loss Multipliers ---
Dense: 1.000 | Sparse TBx: 0.100 | Sys MIL: 0.000
Selection metric (composite): 0.4590
--> Best Model Saved (Score: 0.4590)

Epoch 18/100
Curriculum/task status | Dense: 1 | Sparse TBx: 1 | Sys MIL: 0
Train | Loss: 0.7159 | L_Les: 1.5427 (Dense 0.7808, Sparse 0.9122, Sys 0.0000)
Val   | Loss: 0.3009 | Les-Dice: 0.3353 | Les-F1: 0.3752 | Patient-BAcc: 0.5738 | Region-BAcc: 0.5591
--- Lesion EM / Loss Multipliers ---
Dense: 1.000 | Sparse TBx: 0.100 | Sys MIL: 0.000
Selection metric (composite): 0.4509

Epoch 19/100
Curriculum/task status | Dense: 1 | Sparse TBx: 1 | Sys MIL: 0
Train | Loss: 0.6741 | L_Les: 1.4850 (Dense 0.7706, Sparse 0.8976, Sys 0.0000)
Val   | Loss: 0.3025 | Les-Dice: 0.3324 | Les-F1: 0.3665 | Patient-BAcc: 0.6810 | Region-BAcc: 0.5144
--- Lesion EM / Loss Multipliers ---
Dense: 1.000 | Sparse TBx: 0.100 | Sys MIL: 0.000
Selection metric (composite): 0.4650
--> Best Model Saved (Score: 0.4650)

Epoch 20/100
Curriculum/task status | Dense: 1 | Sparse TBx: 1 | Sys MIL: 0
Train | Loss: 0.6595 | L_Les: 1.4593 (Dense 0.7724, Sparse 0.8939, Sys 0.0000)
Val   | Loss: 0.3036 | Les-Dice: 0.3251 | Les-F1: 0.3642 | Patient-BAcc: 0.7135 | Region-BAcc: 0.5104
--- Lesion EM / Loss Multipliers ---
Dense: 1.000 | Sparse TBx: 0.100 | Sys MIL: 0.000
Selection metric (composite): 0.4685
--> Best Model Saved (Score: 0.4685)

Epoch 21/100
Curriculum/task status | Dense: 1 | Sparse TBx: 1 | Sys MIL: 0
Train | Loss: 0.6616 | L_Les: 1.4567 (Dense 0.7653, Sparse 0.8845, Sys 0.0000)
Val   | Loss: 0.3035 | Les-Dice: 0.3327 | Les-F1: 0.3686 | Patient-BAcc: 0.6163 | Region-BAcc: 0.5299
--- Lesion EM / Loss Multipliers ---
Dense: 1.000 | Sparse TBx: 0.100 | Sys MIL: 0.000
Selection metric (composite): 0.4529

Epoch 22/100
Curriculum/task status | Dense: 1 | Sparse TBx: 1 | Sys MIL: 0
Train | Loss: 0.6746 | L_Les: 1.4681 (Dense 0.7625, Sparse 0.8879, Sys 0.0000)
Val   | Loss: 0.3078 | Les-Dice: 0.3178 | Les-F1: 0.3568 | Patient-BAcc: 0.6738 | Region-BAcc: 0.5296
--- Lesion EM / Loss Multipliers ---
Dense: 1.000 | Sparse TBx: 0.100 | Sys MIL: 0.000
Selection metric (composite): 0.4598

Epoch 23/100
Curriculum/task status | Dense: 1 | Sparse TBx: 1 | Sys MIL: 0
Train | Loss: 0.6472 | L_Les: 1.4554 (Dense 0.7545, Sparse 0.8900, Sys 0.0000)
Val   | Loss: 0.2997 | Les-Dice: 0.3381 | Les-F1: 0.3775 | Patient-BAcc: 0.6429 | Region-BAcc: 0.5271
--- Lesion EM / Loss Multipliers ---
Dense: 1.000 | Sparse TBx: 0.100 | Sys MIL: 0.000
Selection metric (composite): 0.4615

Epoch 24/100
Curriculum/task status | Dense: 1 | Sparse TBx: 1 | Sys MIL: 0
Train | Loss: 0.6554 | L_Les: 1.4790 (Dense 0.7533, Sparse 0.8766, Sys 0.0000)
Val   | Loss: 0.3114 | Les-Dice: 0.3095 | Les-F1: 0.3500 | Patient-BAcc: 0.6433 | Region-BAcc: 0.5205
--- Lesion EM / Loss Multipliers ---
Dense: 1.000 | Sparse TBx: 0.100 | Sys MIL: 0.000
Selection metric (composite): 0.4457

Epoch 25/100
Curriculum/task status | Dense: 1 | Sparse TBx: 1 | Sys MIL: 0
Train | Loss: 0.6865 | L_Les: 1.4807 (Dense 0.7519, Sparse 0.8899, Sys 0.0000)
Val   | Loss: 0.3003 | Les-Dice: 0.3359 | Les-F1: 0.3737 | Patient-BAcc: 0.5766 | Region-BAcc: 0.5245
--- Lesion EM / Loss Multipliers ---
Dense: 1.000 | Sparse TBx: 0.100 | Sys MIL: 0.000
Selection metric (composite): 0.4432

Epoch 26/100
Curriculum/task status | Dense: 1 | Sparse TBx: 1 | Sys MIL: 0
Train | Loss: 0.6723 | L_Les: 1.4758 (Dense 0.7450, Sparse 0.8740, Sys 0.0000)
Val   | Loss: 0.3095 | Les-Dice: 0.3080 | Les-F1: 0.3535 | Patient-BAcc: 0.6071 | Region-BAcc: 0.5214
--- Lesion EM / Loss Multipliers ---
Dense: 1.000 | Sparse TBx: 0.100 | Sys MIL: 0.000
Selection metric (composite): 0.4361

Epoch 27/100
Curriculum/task status | Dense: 1 | Sparse TBx: 1 | Sys MIL: 0
Train | Loss: 0.6669 | L_Les: 1.4493 (Dense 0.7490, Sparse 0.8768, Sys 0.0000)
Val   | Loss: 0.2985 | Les-Dice: 0.3429 | Les-F1: 0.3848 | Patient-BAcc: 0.6841 | Region-BAcc: 0.5192
--- Lesion EM / Loss Multipliers ---
Dense: 1.000 | Sparse TBx: 0.100 | Sys MIL: 0.000
Selection metric (composite): 0.4723
--> Best Model Saved (Score: 0.4723)

Epoch 28/100
Curriculum/task status | Dense: 1 | Sparse TBx: 1 | Sys MIL: 0
Train | Loss: 0.6668 | L_Les: 1.4516 (Dense 0.7418, Sparse 0.8780, Sys 0.0000)
Val   | Loss: 0.3048 | Les-Dice: 0.3189 | Les-F1: 0.3594 | Patient-BAcc: 0.6381 | Region-BAcc: 0.5274
--- Lesion EM / Loss Multipliers ---
Dense: 1.000 | Sparse TBx: 0.100 | Sys MIL: 0.000
Selection metric (composite): 0.4508

Epoch 29/100
Curriculum/task status | Dense: 1 | Sparse TBx: 1 | Sys MIL: 0
Train | Loss: 0.6532 | L_Les: 1.4328 (Dense 0.7340, Sparse 0.8676, Sys 0.0000)
Val   | Loss: 0.3008 | Les-Dice: 0.3351 | Les-F1: 0.3774 | Patient-BAcc: 0.6944 | Region-BAcc: 0.5244
--- Lesion EM / Loss Multipliers ---
Dense: 1.000 | Sparse TBx: 0.100 | Sys MIL: 0.000
Selection metric (composite): 0.4722

Epoch 30/100
Curriculum/task status | Dense: 1 | Sparse TBx: 1 | Sys MIL: 0
Train | Loss: 0.6730 | L_Les: 1.4497 (Dense 0.7379, Sparse 0.8714, Sys 0.0000)
Val   | Loss: 0.3014 | Les-Dice: 0.3358 | Les-F1: 0.3830 | Patient-BAcc: 0.5667 | Region-BAcc: 0.5284
--- Lesion EM / Loss Multipliers ---
Dense: 1.000 | Sparse TBx: 0.100 | Sys MIL: 0.000
Selection metric (composite): 0.4417

Epoch 31/100
Curriculum/task status | Dense: 1 | Sparse TBx: 1 | Sys MIL: 0
Train | Loss: 0.6587 | L_Les: 1.4433 (Dense 0.7257, Sparse 0.8701, Sys 0.0000)
Val   | Loss: 0.3001 | Les-Dice: 0.3447 | Les-F1: 0.3879 | Patient-BAcc: 0.6940 | Region-BAcc: 0.5174
--- Lesion EM / Loss Multipliers ---
Dense: 1.000 | Sparse TBx: 0.100 | Sys MIL: 0.000
Selection metric (composite): 0.4752
--> Best Model Saved (Score: 0.4752)

Epoch 32/100
Curriculum/task status | Dense: 1 | Sparse TBx: 1 | Sys MIL: 0
Train | Loss: 0.6600 | L_Les: 1.4229 (Dense 0.7300, Sparse 0.8650, Sys 0.0000)
Val   | Loss: 0.2991 | Les-Dice: 0.3369 | Les-F1: 0.3788 | Patient-BAcc: 0.5873 | Region-BAcc: 0.5257
--- Lesion EM / Loss Multipliers ---
Dense: 1.000 | Sparse TBx: 0.100 | Sys MIL: 0.000
Selection metric (composite): 0.4467

Epoch 33/100
Curriculum/task status | Dense: 1 | Sparse TBx: 1 | Sys MIL: 0
Train | Loss: 0.6356 | L_Les: 1.4231 (Dense 0.7225, Sparse 0.8722, Sys 0.0000)
Val   | Loss: 0.2982 | Les-Dice: 0.3429 | Les-F1: 0.3849 | Patient-BAcc: 0.6861 | Region-BAcc: 0.5240
--- Lesion EM / Loss Multipliers ---
Dense: 1.000 | Sparse TBx: 0.100 | Sys MIL: 0.000
Selection metric (composite): 0.4740

Epoch 34/100
Curriculum/task status | Dense: 1 | Sparse TBx: 1 | Sys MIL: 0
Train | Loss: 0.6310 | L_Les: 1.4078 (Dense 0.7193, Sparse 0.8649, Sys 0.0000)
Val   | Loss: 0.3064 | Les-Dice: 0.3202 | Les-F1: 0.3589 | Patient-BAcc: 0.6980 | Region-BAcc: 0.5104
--- Lesion EM / Loss Multipliers ---
Dense: 1.000 | Sparse TBx: 0.100 | Sys MIL: 0.000
Selection metric (composite): 0.4622

Epoch 35/100
Curriculum/task status | Dense: 1 | Sparse TBx: 1 | Sys MIL: 0
Train | Loss: 0.6403 | L_Les: 1.4161 (Dense 0.7133, Sparse 0.8774, Sys 0.0000)
Val   | Loss: 0.2961 | Les-Dice: 0.3466 | Les-F1: 0.3910 | Patient-BAcc: 0.6425 | Region-BAcc: 0.5207
--- Lesion EM / Loss Multipliers ---
Dense: 1.000 | Sparse TBx: 0.100 | Sys MIL: 0.000
Selection metric (composite): 0.4641

Epoch 36/100
Curriculum/task status | Dense: 1 | Sparse TBx: 1 | Sys MIL: 0
Train | Loss: 0.6363 | L_Les: 1.4188 (Dense 0.7169, Sparse 0.8632, Sys 0.0000)
Val   | Loss: 0.2975 | Les-Dice: 0.3375 | Les-F1: 0.3814 | Patient-BAcc: 0.6881 | Region-BAcc: 0.5207
--- Lesion EM / Loss Multipliers ---
Dense: 1.000 | Sparse TBx: 0.100 | Sys MIL: 0.000
Selection metric (composite): 0.4709

Epoch 37/100
Curriculum/task status | Dense: 1 | Sparse TBx: 1 | Sys MIL: 0
Train | Loss: 0.6294 | L_Les: 1.4136 (Dense 0.6979, Sparse 0.8652, Sys 0.0000)
Val   | Loss: 0.3025 | Les-Dice: 0.3383 | Les-F1: 0.3850 | Patient-BAcc: 0.5956 | Region-BAcc: 0.5260
--- Lesion EM / Loss Multipliers ---
Dense: 1.000 | Sparse TBx: 0.100 | Sys MIL: 0.000
Selection metric (composite): 0.4496

Epoch 38/100
Curriculum/task status | Dense: 1 | Sparse TBx: 1 | Sys MIL: 0
Train | Loss: 0.6256 | L_Les: 1.4003 (Dense 0.7057, Sparse 0.8674, Sys 0.0000)
Val   | Loss: 0.2959 | Les-Dice: 0.3451 | Les-F1: 0.3890 | Patient-BAcc: 0.6663 | Region-BAcc: 0.5292
--- Lesion EM / Loss Multipliers ---
Dense: 1.000 | Sparse TBx: 0.100 | Sys MIL: 0.000
Selection metric (composite): 0.4714

Epoch 39/100
Curriculum/task status | Dense: 1 | Sparse TBx: 1 | Sys MIL: 0
Train | Loss: 0.6188 | L_Les: 1.3735 (Dense 0.7014, Sparse 0.8592, Sys 0.0000)
Val   | Loss: 0.3083 | Les-Dice: 0.3143 | Les-F1: 0.3610 | Patient-BAcc: 0.7373 | Region-BAcc: 0.5152
--- Lesion EM / Loss Multipliers ---
Dense: 1.000 | Sparse TBx: 0.100 | Sys MIL: 0.000
Selection metric (composite): 0.4703

Epoch 40/100
Curriculum/task status | Dense: 1 | Sparse TBx: 1 | Sys MIL: 0
Train | Loss: 0.6120 | L_Les: 1.3770 (Dense 0.6887, Sparse 0.8625, Sys 0.0000)
Val   | Loss: 0.3067 | Les-Dice: 0.3265 | Les-F1: 0.3662 | Patient-BAcc: 0.6337 | Region-BAcc: 0.5162
--- Lesion EM / Loss Multipliers ---
Dense: 1.000 | Sparse TBx: 0.100 | Sys MIL: 0.000
Selection metric (composite): 0.4507

Epoch 41/100
Curriculum/task status | Dense: 1 | Sparse TBx: 1 | Sys MIL: 0
Train | Loss: 0.6427 | L_Les: 1.4214 (Dense 0.6964, Sparse 0.8602, Sys 0.0000)
Val   | Loss: 0.2991 | Les-Dice: 0.3416 | Les-F1: 0.3895 | Patient-BAcc: 0.6397 | Region-BAcc: 0.5231
--- Lesion EM / Loss Multipliers ---
Dense: 1.000 | Sparse TBx: 0.100 | Sys MIL: 0.000
Selection metric (composite): 0.4615

Epoch 42/100
Curriculum/task status | Dense: 1 | Sparse TBx: 1 | Sys MIL: 0
Train | Loss: 0.6246 | L_Les: 1.4039 (Dense 0.6897, Sparse 0.8627, Sys 0.0000)
Val   | Loss: 0.2998 | Les-Dice: 0.3405 | Les-F1: 0.3812 | Patient-BAcc: 0.6306 | Region-BAcc: 0.5183
--- Lesion EM / Loss Multipliers ---
Dense: 1.000 | Sparse TBx: 0.100 | Sys MIL: 0.000
Selection metric (composite): 0.4575

Epoch 43/100
Curriculum/task status | Dense: 1 | Sparse TBx: 1 | Sys MIL: 0
Train | Loss: 0.6114 | L_Les: 1.3729 (Dense 0.6823, Sparse 0.8559, Sys 0.0000)
Val   | Loss: 0.2973 | Les-Dice: 0.3445 | Les-F1: 0.3947 | Patient-BAcc: 0.6258 | Region-BAcc: 0.5228
--- Lesion EM / Loss Multipliers ---
Dense: 1.000 | Sparse TBx: 0.100 | Sys MIL: 0.000
Selection metric (composite): 0.4594

Epoch 44/100
Curriculum/task status | Dense: 1 | Sparse TBx: 1 | Sys MIL: 0
Train | Loss: 0.5936 | L_Les: 1.3559 (Dense 0.6766, Sparse 0.8540, Sys 0.0000)
Val   | Loss: 0.2993 | Les-Dice: 0.3486 | Les-F1: 0.3974 | Patient-BAcc: 0.6294 | Region-BAcc: 0.5110
--- Lesion EM / Loss Multipliers ---
Dense: 1.000 | Sparse TBx: 0.100 | Sys MIL: 0.000
Selection metric (composite): 0.4594

Epoch 45/100
Curriculum/task status | Dense: 1 | Sparse TBx: 1 | Sys MIL: 0
Train | Loss: 0.5986 | L_Les: 1.3756 (Dense 0.6714, Sparse 0.8555, Sys 0.0000)
Val   | Loss: 0.2992 | Les-Dice: 0.3471 | Les-F1: 0.3953 | Patient-BAcc: 0.5758 | Region-BAcc: 0.5065
--- Lesion EM / Loss Multipliers ---
Dense: 1.000 | Sparse TBx: 0.100 | Sys MIL: 0.000
Selection metric (composite): 0.4441

Epoch 46/100
Curriculum/task status | Dense: 1 | Sparse TBx: 1 | Sys MIL: 0
Train | Loss: 0.5980 | L_Les: 1.3715 (Dense 0.6699, Sparse 0.8596, Sys 0.0000)
Val   | Loss: 0.3065 | Les-Dice: 0.3280 | Les-F1: 0.3783 | Patient-BAcc: 0.6337 | Region-BAcc: 0.5228
--- Lesion EM / Loss Multipliers ---
Dense: 1.000 | Sparse TBx: 0.100 | Sys MIL: 0.000
Selection metric (composite): 0.4531

Epoch 47/100
Curriculum/task status | Dense: 1 | Sparse TBx: 1 | Sys MIL: 0
Train | Loss: 0.6203 | L_Les: 1.3902 (Dense 0.6611, Sparse 0.8560, Sys 0.0000)
Val   | Loss: 0.2987 | Les-Dice: 0.3398 | Les-F1: 0.3841 | Patient-BAcc: 0.5663 | Region-BAcc: 0.5130
--- Lesion EM / Loss Multipliers ---
Dense: 1.000 | Sparse TBx: 0.100 | Sys MIL: 0.000
Selection metric (composite): 0.4397

Epoch 48/100
Curriculum/task status | Dense: 1 | Sparse TBx: 1 | Sys MIL: 0
Train | Loss: 0.5970 | L_Les: 1.3512 (Dense 0.6555, Sparse 0.8531, Sys 0.0000)
Val   | Loss: 0.2985 | Les-Dice: 0.3407 | Les-F1: 0.3860 | Patient-BAcc: 0.6095 | Region-BAcc: 0.5080
--- Lesion EM / Loss Multipliers ---
Dense: 1.000 | Sparse TBx: 0.100 | Sys MIL: 0.000
Selection metric (composite): 0.4498

Epoch 49/100
Curriculum/task status | Dense: 1 | Sparse TBx: 1 | Sys MIL: 0
Train | Loss: 0.6104 | L_Les: 1.3825 (Dense 0.6571, Sparse 0.8515, Sys 0.0000)
Val   | Loss: 0.3045 | Les-Dice: 0.3337 | Les-F1: 0.3883 | Patient-BAcc: 0.6028 | Region-BAcc: 0.5092
--- Lesion EM / Loss Multipliers ---
Dense: 1.000 | Sparse TBx: 0.100 | Sys MIL: 0.000
Selection metric (composite): 0.4448

Epoch 50/100
Curriculum/task status | Dense: 1 | Sparse TBx: 1 | Sys MIL: 0
Train | Loss: 0.5796 | L_Les: 1.3594 (Dense 0.6522, Sparse 0.8520, Sys 0.0000)
Val   | Loss: 0.3019 | Les-Dice: 0.3305 | Les-F1: 0.3830 | Patient-BAcc: 0.5960 | Region-BAcc: 0.5074
--- Lesion EM / Loss Multipliers ---
Dense: 1.000 | Sparse TBx: 0.100 | Sys MIL: 0.000
Selection metric (composite): 0.4411

Epoch 51/100
Curriculum/task status | Dense: 1 | Sparse TBx: 1 | Sys MIL: 0
Train | Loss: 0.6134 | L_Les: 1.3833 (Dense 0.6508, Sparse 0.8515, Sys 0.0000)
Val   | Loss: 0.3078 | Les-Dice: 0.3192 | Les-F1: 0.3650 | Patient-BAcc: 0.6127 | Region-BAcc: 0.5132
--- Lesion EM / Loss Multipliers ---
Dense: 1.000 | Sparse TBx: 0.100 | Sys MIL: 0.000
Selection metric (composite): 0.4411
Early stop triggered at epoch 51
