✅ Console outputs will be saved to: /raid/candi/jiayi/RP/Experiments/20260620_1205_N2_CM03_FixedW010_Curr10_P09N005_FixedW_LesDense_LesSparseTBx_NoClamp_Curr_EMlrX1_LR0.0001_composite/console_output.log
--------------------------------------------------
Experiment Configurations:
BASE_DIR                        : /raid/candi/jiayi/RP
UNIFIED_DATA_DIR                : /raid/candi/jiayi/RP/data/Unified_Dataset
SPLIT_DIR                       : /raid/candi/jiayi/RP/data/Unified_Dataset/splits
EXP_DIR                         : /raid/candi/jiayi/RP/Experiments
EXPERIMENT_MODE                 : N2_PUB_TCIA_TBX_ONLY
COMMON_INTERNAL_VAL_CSV         : /raid/candi/jiayi/RP/data/Unified_Dataset/splits/common_internal_evaluation.csv
COMMON_BEST_MODEL_METRIC        : composite
TRAIN_CSV                       : /raid/candi/jiayi/RP/data/Unified_Dataset/splits/N2_PUB_TCIA_TBx_only_train.csv
VAL_CSV                         : /raid/candi/jiayi/RP/data/Unified_Dataset/splits/common_internal_evaluation.csv
TEST_CSV                        : /raid/candi/jiayi/RP/data/Unified_Dataset/splits/N2_PROMIS_external_val.csv
TASK                            : mixed
DATASET_TASK                    : mixed
USE_GRADE_TBX_TASK              : False
USE_GRADE_SBX_TASK              : False
USE_LESION_DENSE_TASK           : True
USE_LESION_SPARSE_TASK          : True
USE_LESION_SYS_TASK             : False
USE_GLAND_TASK                  : False
USE_EM_WEIGHTING                : False
USE_CURRICULUM                  : True
LESION_DENSE_START_EPOCH        : 1
LESION_SPARSE_START_EPOCH       : 10
LESION_SYS_START_EPOCH          : 1
BEST_MODEL_METRIC               : composite
EXPERIMENT_TAG                  : N2_CM03_FixedW010_Curr10_P09N005
TARGET_SPACING                  : [1.0, 1.0, 2.24]
CROP_SIZE_SITK                  : [64, 64, 32]
INPUT_SHAPE                     : (3, 32, 64, 64)
NEEDLE_RADIUS                   : 2
IN_CHANNELS                     : 3
NUM_CLASSES                     : 7
BASE_CHANNELS                   : 32
MAX_ZONES                       : 20
MIL_POOLING                     : lme
LME_R                           : 8.0
DROPOUT_RATE                    : 0.2
CSPC_THRESHOLD                  : 3
LESION_POSITIVE_THRESHOLD       : 3
INVALID_SYS_LABEL               : -1
PRED_PROB_THRESHOLD             : 0.5
DEVICE                          : cuda
SEED                            : 42
NUM_EPOCHS                      : 100
BATCH_SIZE                      : 4
NUM_WORKERS                     : 2
LR                              : 0.0001
WEIGHT_DECAY                    : 0.0001
LR_SCHEDULER                    : CosineAnnealing
EARLY_STOP_PATIENCE             : 20
GRAD_CLIP_NORM                  : 12.0
POS_WEIGHT_VAL                  : 2
SYS_POS_WEIGHT_VAL              : 1.0
SYS_FOCAL_ALPHA                 : 0.75
SYS_FOCAL_GAMMA                 : 2.0
USE_SYS_CLASS_BALANCED_BCE      : True
EM_LR_MULTIPLIER                : 1.0
USE_LOGVAR_CLAMP                : False
LOGVAR_MIN                      : -2.0
LOGVAR_MAX                      : 2.0
FIXED_LOSS_WEIGHTS              : {'grade_tbx': 0.0, 'grade_sbx': 0.0, 'lesion_dense': 1.0, 'lesion_sparse': 0.1, 'lesion_sys': 1.0, 'gland': 0.0}
TBX_POSITIVE_SOFT_LABEL         : 0.9
TBX_NEGATIVE_SOFT_LABEL         : 0.05
GRADE_TBX_START_EPOCH           : 1
GRADE_SBX_START_EPOCH           : 1
GLAND_START_EPOCH               : 1
LESION_W_SMALL                  : 5
USE_AUGMENTATION                : True
MASK_TARGET_IN_SYS              : True
VIS_SUBDIR                      : visualizations
--------------------------------------------------
📄 Train CSV: /raid/candi/jiayi/RP/data/Unified_Dataset/splits/N2_PUB_TCIA_TBx_only_train.csv
📄 Val CSV:   /raid/candi/jiayi/RP/data/Unified_Dataset/splits/common_internal_evaluation.csv

Epoch 1/100
Curriculum/task status | Dense: 1 | Sparse TBx: 0 | Sys MIL: 0
Train | Loss: 0.7927 | L_Les: 0.7927 (Dense 1.0716, Sparse 0.0000, Sys 0.0000)
Val   | Loss: 0.3099 | Les-Dice: 0.1643 | Les-F1: 0.2028 | Patient-BAcc: 0.6940 | Region-BAcc: 0.5000
--- Lesion EM / Loss Multipliers ---
Dense: 1.000 | Sparse TBx: 0.000 | Sys MIL: 0.000
Selection metric (composite): 0.3807
--> Best Model Saved (Score: 0.3807)

Epoch 2/100
Curriculum/task status | Dense: 1 | Sparse TBx: 0 | Sys MIL: 0
Train | Loss: 0.7693 | L_Les: 0.7693 (Dense 0.9790, Sparse 0.0000, Sys 0.0000)
Val   | Loss: 0.2902 | Les-Dice: 0.2329 | Les-F1: 0.2592 | Patient-BAcc: 0.5238 | Region-BAcc: 0.5310
--- Lesion EM / Loss Multipliers ---
Dense: 1.000 | Sparse TBx: 0.000 | Sys MIL: 0.000
Selection metric (composite): 0.3801

Epoch 3/100
Curriculum/task status | Dense: 1 | Sparse TBx: 0 | Sys MIL: 0
Train | Loss: 0.7108 | L_Les: 0.7108 (Dense 0.9298, Sparse 0.0000, Sys 0.0000)
Val   | Loss: 0.2872 | Les-Dice: 0.2239 | Les-F1: 0.2444 | Patient-BAcc: 0.5000 | Region-BAcc: 0.5287
--- Lesion EM / Loss Multipliers ---
Dense: 1.000 | Sparse TBx: 0.000 | Sys MIL: 0.000
Selection metric (composite): 0.3691

Epoch 4/100
Curriculum/task status | Dense: 1 | Sparse TBx: 0 | Sys MIL: 0
Train | Loss: 0.6873 | L_Les: 0.6873 (Dense 0.8983, Sparse 0.0000, Sys 0.0000)
Val   | Loss: 0.2734 | Les-Dice: 0.2491 | Les-F1: 0.2790 | Patient-BAcc: 0.4964 | Region-BAcc: 0.4795
--- Lesion EM / Loss Multipliers ---
Dense: 1.000 | Sparse TBx: 0.000 | Sys MIL: 0.000
Selection metric (composite): 0.3685

Epoch 5/100
Curriculum/task status | Dense: 1 | Sparse TBx: 0 | Sys MIL: 0
Train | Loss: 0.6565 | L_Les: 0.6565 (Dense 0.8739, Sparse 0.0000, Sys 0.0000)
Val   | Loss: 0.2688 | Les-Dice: 0.2535 | Les-F1: 0.2919 | Patient-BAcc: 0.4944 | Region-BAcc: 0.5181
--- Lesion EM / Loss Multipliers ---
Dense: 1.000 | Sparse TBx: 0.000 | Sys MIL: 0.000
Selection metric (composite): 0.3799

Epoch 6/100
Curriculum/task status | Dense: 1 | Sparse TBx: 0 | Sys MIL: 0
Train | Loss: 0.6712 | L_Les: 0.6712 (Dense 0.8558, Sparse 0.0000, Sys 0.0000)
Val   | Loss: 0.2595 | Les-Dice: 0.2803 | Les-F1: 0.3152 | Patient-BAcc: 0.5000 | Region-BAcc: 0.5325
--- Lesion EM / Loss Multipliers ---
Dense: 1.000 | Sparse TBx: 0.000 | Sys MIL: 0.000
Selection metric (composite): 0.3983
--> Best Model Saved (Score: 0.3983)

Epoch 7/100
Curriculum/task status | Dense: 1 | Sparse TBx: 0 | Sys MIL: 0
Train | Loss: 0.6348 | L_Les: 0.6348 (Dense 0.8370, Sparse 0.0000, Sys 0.0000)
Val   | Loss: 0.2529 | Les-Dice: 0.2958 | Les-F1: 0.3306 | Patient-BAcc: 0.5115 | Region-BAcc: 0.5343
--- Lesion EM / Loss Multipliers ---
Dense: 1.000 | Sparse TBx: 0.000 | Sys MIL: 0.000
Selection metric (composite): 0.4093
--> Best Model Saved (Score: 0.4093)

Epoch 8/100
Curriculum/task status | Dense: 1 | Sparse TBx: 0 | Sys MIL: 0
Train | Loss: 0.6430 | L_Les: 0.6430 (Dense 0.8300, Sparse 0.0000, Sys 0.0000)
Val   | Loss: 0.2533 | Les-Dice: 0.2891 | Les-F1: 0.3360 | Patient-BAcc: 0.5020 | Region-BAcc: 0.5574
--- Lesion EM / Loss Multipliers ---
Dense: 1.000 | Sparse TBx: 0.000 | Sys MIL: 0.000
Selection metric (composite): 0.4094
--> Best Model Saved (Score: 0.4094)

Epoch 9/100
Curriculum/task status | Dense: 1 | Sparse TBx: 0 | Sys MIL: 0
Train | Loss: 0.6281 | L_Les: 0.6281 (Dense 0.8268, Sparse 0.0000, Sys 0.0000)
Val   | Loss: 0.2499 | Les-Dice: 0.3026 | Les-F1: 0.3408 | Patient-BAcc: 0.5060 | Region-BAcc: 0.5633
--- Lesion EM / Loss Multipliers ---
Dense: 1.000 | Sparse TBx: 0.000 | Sys MIL: 0.000
Selection metric (composite): 0.4186
--> Best Model Saved (Score: 0.4186)

Epoch 10/100
Curriculum/task status | Dense: 1 | Sparse TBx: 1 | Sys MIL: 0
Train | Loss: 0.7559 | L_Les: 1.8179 (Dense 0.8323, Sparse 1.1457, Sys 0.0000)
Val   | Loss: 0.3201 | Les-Dice: 0.2967 | Les-F1: 0.3385 | Patient-BAcc: 0.6079 | Region-BAcc: 0.5343
--- Lesion EM / Loss Multipliers ---
Dense: 1.000 | Sparse TBx: 0.100 | Sys MIL: 0.000
Selection metric (composite): 0.4339
--> Best Model Saved (Score: 0.4339)

Epoch 11/100
Curriculum/task status | Dense: 1 | Sparse TBx: 1 | Sys MIL: 0
Train | Loss: 0.7232 | L_Les: 1.5834 (Dense 0.8136, Sparse 0.9390, Sys 0.0000)
Val   | Loss: 0.3148 | Les-Dice: 0.2991 | Les-F1: 0.3425 | Patient-BAcc: 0.6274 | Region-BAcc: 0.5309
--- Lesion EM / Loss Multipliers ---
Dense: 1.000 | Sparse TBx: 0.100 | Sys MIL: 0.000
Selection metric (composite): 0.4391
--> Best Model Saved (Score: 0.4391)

Epoch 12/100
Curriculum/task status | Dense: 1 | Sparse TBx: 1 | Sys MIL: 0
Train | Loss: 0.7381 | L_Les: 1.5808 (Dense 0.8022, Sparse 0.9226, Sys 0.0000)
Val   | Loss: 0.3133 | Les-Dice: 0.3038 | Les-F1: 0.3444 | Patient-BAcc: 0.6587 | Region-BAcc: 0.5133
--- Lesion EM / Loss Multipliers ---
Dense: 1.000 | Sparse TBx: 0.100 | Sys MIL: 0.000
Selection metric (composite): 0.4449
--> Best Model Saved (Score: 0.4449)

Epoch 13/100
Curriculum/task status | Dense: 1 | Sparse TBx: 1 | Sys MIL: 0
Train | Loss: 0.6935 | L_Les: 1.5081 (Dense 0.7977, Sparse 0.9063, Sys 0.0000)
Val   | Loss: 0.3081 | Les-Dice: 0.3159 | Les-F1: 0.3581 | Patient-BAcc: 0.6028 | Region-BAcc: 0.5180
--- Lesion EM / Loss Multipliers ---
Dense: 1.000 | Sparse TBx: 0.100 | Sys MIL: 0.000
Selection metric (composite): 0.4381

Epoch 14/100
Curriculum/task status | Dense: 1 | Sparse TBx: 1 | Sys MIL: 0
Train | Loss: 0.7066 | L_Les: 1.5284 (Dense 0.7934, Sparse 0.9061, Sys 0.0000)
Val   | Loss: 0.3113 | Les-Dice: 0.3022 | Les-F1: 0.3418 | Patient-BAcc: 0.7103 | Region-BAcc: 0.5198
--- Lesion EM / Loss Multipliers ---
Dense: 1.000 | Sparse TBx: 0.100 | Sys MIL: 0.000
Selection metric (composite): 0.4586
--> Best Model Saved (Score: 0.4586)

Epoch 15/100
Curriculum/task status | Dense: 1 | Sparse TBx: 1 | Sys MIL: 0
Train | Loss: 0.6862 | L_Les: 1.5066 (Dense 0.7954, Sparse 0.8977, Sys 0.0000)
Val   | Loss: 0.3097 | Les-Dice: 0.3111 | Les-F1: 0.3528 | Patient-BAcc: 0.6567 | Region-BAcc: 0.5151
--- Lesion EM / Loss Multipliers ---
Dense: 1.000 | Sparse TBx: 0.100 | Sys MIL: 0.000
Selection metric (composite): 0.4485

Epoch 16/100
Curriculum/task status | Dense: 1 | Sparse TBx: 1 | Sys MIL: 0
Train | Loss: 0.6917 | L_Les: 1.4827 (Dense 0.7830, Sparse 0.8798, Sys 0.0000)
Val   | Loss: 0.3059 | Les-Dice: 0.3215 | Les-F1: 0.3596 | Patient-BAcc: 0.6687 | Region-BAcc: 0.5159
--- Lesion EM / Loss Multipliers ---
Dense: 1.000 | Sparse TBx: 0.100 | Sys MIL: 0.000
Selection metric (composite): 0.4569

Epoch 17/100
Curriculum/task status | Dense: 1 | Sparse TBx: 1 | Sys MIL: 0
Train | Loss: 0.6815 | L_Les: 1.4826 (Dense 0.7752, Sparse 0.8864, Sys 0.0000)
Val   | Loss: 0.3053 | Les-Dice: 0.3256 | Les-F1: 0.3692 | Patient-BAcc: 0.6730 | Region-BAcc: 0.5169
--- Lesion EM / Loss Multipliers ---
Dense: 1.000 | Sparse TBx: 0.100 | Sys MIL: 0.000
Selection metric (composite): 0.4602
--> Best Model Saved (Score: 0.4602)

Epoch 18/100
Curriculum/task status | Dense: 1 | Sparse TBx: 1 | Sys MIL: 0
Train | Loss: 0.7099 | L_Les: 1.5053 (Dense 0.7787, Sparse 0.8850, Sys 0.0000)
Val   | Loss: 0.3029 | Les-Dice: 0.3296 | Les-F1: 0.3675 | Patient-BAcc: 0.6226 | Region-BAcc: 0.5399
--- Lesion EM / Loss Multipliers ---
Dense: 1.000 | Sparse TBx: 0.100 | Sys MIL: 0.000
Selection metric (composite): 0.4555

Epoch 19/100
Curriculum/task status | Dense: 1 | Sparse TBx: 1 | Sys MIL: 0
Train | Loss: 0.6740 | L_Les: 1.4688 (Dense 0.7721, Sparse 0.8823, Sys 0.0000)
Val   | Loss: 0.3056 | Les-Dice: 0.3215 | Les-F1: 0.3584 | Patient-BAcc: 0.6734 | Region-BAcc: 0.5153
--- Lesion EM / Loss Multipliers ---
Dense: 1.000 | Sparse TBx: 0.100 | Sys MIL: 0.000
Selection metric (composite): 0.4579

Epoch 20/100
Curriculum/task status | Dense: 1 | Sparse TBx: 1 | Sys MIL: 0
Train | Loss: 0.6585 | L_Les: 1.4453 (Dense 0.7735, Sparse 0.8785, Sys 0.0000)
Val   | Loss: 0.3060 | Les-Dice: 0.3185 | Les-F1: 0.3557 | Patient-BAcc: 0.6754 | Region-BAcc: 0.5180
--- Lesion EM / Loss Multipliers ---
Dense: 1.000 | Sparse TBx: 0.100 | Sys MIL: 0.000
Selection metric (composite): 0.4576

Epoch 21/100
Curriculum/task status | Dense: 1 | Sparse TBx: 1 | Sys MIL: 0
Train | Loss: 0.6602 | L_Les: 1.4478 (Dense 0.7653, Sparse 0.8741, Sys 0.0000)
Val   | Loss: 0.3060 | Les-Dice: 0.3246 | Les-F1: 0.3600 | Patient-BAcc: 0.6409 | Region-BAcc: 0.5202
--- Lesion EM / Loss Multipliers ---
Dense: 1.000 | Sparse TBx: 0.100 | Sys MIL: 0.000
Selection metric (composite): 0.4526

Epoch 22/100
Curriculum/task status | Dense: 1 | Sparse TBx: 1 | Sys MIL: 0
Train | Loss: 0.6748 | L_Les: 1.4525 (Dense 0.7644, Sparse 0.8734, Sys 0.0000)
Val   | Loss: 0.3056 | Les-Dice: 0.3205 | Les-F1: 0.3612 | Patient-BAcc: 0.7020 | Region-BAcc: 0.5210
--- Lesion EM / Loss Multipliers ---
Dense: 1.000 | Sparse TBx: 0.100 | Sys MIL: 0.000
Selection metric (composite): 0.4660
--> Best Model Saved (Score: 0.4660)

Epoch 23/100
Curriculum/task status | Dense: 1 | Sparse TBx: 1 | Sys MIL: 0
Train | Loss: 0.6454 | L_Les: 1.4385 (Dense 0.7556, Sparse 0.8732, Sys 0.0000)
Val   | Loss: 0.3017 | Les-Dice: 0.3329 | Les-F1: 0.3721 | Patient-BAcc: 0.6472 | Region-BAcc: 0.5299
--- Lesion EM / Loss Multipliers ---
Dense: 1.000 | Sparse TBx: 0.100 | Sys MIL: 0.000
Selection metric (composite): 0.4607

Epoch 24/100
Curriculum/task status | Dense: 1 | Sparse TBx: 1 | Sys MIL: 0
Train | Loss: 0.6547 | L_Les: 1.4735 (Dense 0.7530, Sparse 0.8704, Sys 0.0000)
Val   | Loss: 0.3077 | Les-Dice: 0.3122 | Les-F1: 0.3505 | Patient-BAcc: 0.6603 | Region-BAcc: 0.5156
--- Lesion EM / Loss Multipliers ---
Dense: 1.000 | Sparse TBx: 0.100 | Sys MIL: 0.000
Selection metric (composite): 0.4501

Epoch 25/100
Curriculum/task status | Dense: 1 | Sparse TBx: 1 | Sys MIL: 0
Train | Loss: 0.6856 | L_Les: 1.4685 (Dense 0.7524, Sparse 0.8770, Sys 0.0000)
Val   | Loss: 0.3027 | Les-Dice: 0.3260 | Les-F1: 0.3639 | Patient-BAcc: 0.5944 | Region-BAcc: 0.5230
--- Lesion EM / Loss Multipliers ---
Dense: 1.000 | Sparse TBx: 0.100 | Sys MIL: 0.000
Selection metric (composite): 0.4424

Epoch 26/100
Curriculum/task status | Dense: 1 | Sparse TBx: 1 | Sys MIL: 0
Train | Loss: 0.6724 | L_Les: 1.4742 (Dense 0.7466, Sparse 0.8716, Sys 0.0000)
Val   | Loss: 0.3089 | Les-Dice: 0.3155 | Les-F1: 0.3525 | Patient-BAcc: 0.6548 | Region-BAcc: 0.5208
--- Lesion EM / Loss Multipliers ---
Dense: 1.000 | Sparse TBx: 0.100 | Sys MIL: 0.000
Selection metric (composite): 0.4517

Epoch 27/100
Curriculum/task status | Dense: 1 | Sparse TBx: 1 | Sys MIL: 0
Train | Loss: 0.6656 | L_Les: 1.4408 (Dense 0.7473, Sparse 0.8686, Sys 0.0000)
Val   | Loss: 0.2997 | Les-Dice: 0.3352 | Les-F1: 0.3767 | Patient-BAcc: 0.6194 | Region-BAcc: 0.5222
--- Lesion EM / Loss Multipliers ---
Dense: 1.000 | Sparse TBx: 0.100 | Sys MIL: 0.000
Selection metric (composite): 0.4530

Epoch 28/100
Curriculum/task status | Dense: 1 | Sparse TBx: 1 | Sys MIL: 0
Train | Loss: 0.6640 | L_Les: 1.4389 (Dense 0.7392, Sparse 0.8687, Sys 0.0000)
Val   | Loss: 0.3022 | Les-Dice: 0.3290 | Les-F1: 0.3694 | Patient-BAcc: 0.6726 | Region-BAcc: 0.5150
--- Lesion EM / Loss Multipliers ---
Dense: 1.000 | Sparse TBx: 0.100 | Sys MIL: 0.000
Selection metric (composite): 0.4614

Epoch 29/100
Curriculum/task status | Dense: 1 | Sparse TBx: 1 | Sys MIL: 0
Train | Loss: 0.6513 | L_Les: 1.4272 (Dense 0.7312, Sparse 0.8625, Sys 0.0000)
Val   | Loss: 0.3028 | Les-Dice: 0.3269 | Les-F1: 0.3681 | Patient-BAcc: 0.6952 | Region-BAcc: 0.5198
--- Lesion EM / Loss Multipliers ---
Dense: 1.000 | Sparse TBx: 0.100 | Sys MIL: 0.000
Selection metric (composite): 0.4672
--> Best Model Saved (Score: 0.4672)

Epoch 30/100
Curriculum/task status | Dense: 1 | Sparse TBx: 1 | Sys MIL: 0
Train | Loss: 0.6677 | L_Les: 1.4386 (Dense 0.7331, Sparse 0.8661, Sys 0.0000)
Val   | Loss: 0.2976 | Les-Dice: 0.3431 | Les-F1: 0.3906 | Patient-BAcc: 0.6615 | Region-BAcc: 0.5252
--- Lesion EM / Loss Multipliers ---
Dense: 1.000 | Sparse TBx: 0.100 | Sys MIL: 0.000
Selection metric (composite): 0.4682
--> Best Model Saved (Score: 0.4682)

Epoch 31/100
Curriculum/task status | Dense: 1 | Sparse TBx: 1 | Sys MIL: 0
Train | Loss: 0.6614 | L_Les: 1.4415 (Dense 0.7302, Sparse 0.8655, Sys 0.0000)
Val   | Loss: 0.3016 | Les-Dice: 0.3385 | Les-F1: 0.3852 | Patient-BAcc: 0.7067 | Region-BAcc: 0.5141
--- Lesion EM / Loss Multipliers ---
Dense: 1.000 | Sparse TBx: 0.100 | Sys MIL: 0.000
Selection metric (composite): 0.4745
--> Best Model Saved (Score: 0.4745)

Epoch 32/100
Curriculum/task status | Dense: 1 | Sparse TBx: 1 | Sys MIL: 0
Train | Loss: 0.6588 | L_Les: 1.4181 (Dense 0.7274, Sparse 0.8608, Sys 0.0000)
Val   | Loss: 0.2978 | Les-Dice: 0.3416 | Les-F1: 0.3850 | Patient-BAcc: 0.5869 | Region-BAcc: 0.5211
--- Lesion EM / Loss Multipliers ---
Dense: 1.000 | Sparse TBx: 0.100 | Sys MIL: 0.000
Selection metric (composite): 0.4478

Epoch 33/100
Curriculum/task status | Dense: 1 | Sparse TBx: 1 | Sys MIL: 0
Train | Loss: 0.6344 | L_Les: 1.4193 (Dense 0.7203, Sparse 0.8698, Sys 0.0000)
Val   | Loss: 0.2964 | Les-Dice: 0.3474 | Les-F1: 0.3881 | Patient-BAcc: 0.6944 | Region-BAcc: 0.5225
--- Lesion EM / Loss Multipliers ---
Dense: 1.000 | Sparse TBx: 0.100 | Sys MIL: 0.000
Selection metric (composite): 0.4780
--> Best Model Saved (Score: 0.4780)

Epoch 34/100
Curriculum/task status | Dense: 1 | Sparse TBx: 1 | Sys MIL: 0
Train | Loss: 0.6333 | L_Les: 1.4065 (Dense 0.7227, Sparse 0.8615, Sys 0.0000)
Val   | Loss: 0.3014 | Les-Dice: 0.3321 | Les-F1: 0.3749 | Patient-BAcc: 0.6952 | Region-BAcc: 0.5153
--- Lesion EM / Loss Multipliers ---
Dense: 1.000 | Sparse TBx: 0.100 | Sys MIL: 0.000
Selection metric (composite): 0.4687

Epoch 35/100
Curriculum/task status | Dense: 1 | Sparse TBx: 1 | Sys MIL: 0
Train | Loss: 0.6380 | L_Les: 1.4064 (Dense 0.7125, Sparse 0.8680, Sys 0.0000)
Val   | Loss: 0.2993 | Les-Dice: 0.3366 | Les-F1: 0.3836 | Patient-BAcc: 0.6563 | Region-BAcc: 0.5138
--- Lesion EM / Loss Multipliers ---
Dense: 1.000 | Sparse TBx: 0.100 | Sys MIL: 0.000
Selection metric (composite): 0.4608

Epoch 36/100
Curriculum/task status | Dense: 1 | Sparse TBx: 1 | Sys MIL: 0
Train | Loss: 0.6352 | L_Les: 1.4106 (Dense 0.7150, Sparse 0.8572, Sys 0.0000)
Val   | Loss: 0.2988 | Les-Dice: 0.3394 | Les-F1: 0.3789 | Patient-BAcc: 0.7024 | Region-BAcc: 0.5149
--- Lesion EM / Loss Multipliers ---
Dense: 1.000 | Sparse TBx: 0.100 | Sys MIL: 0.000
Selection metric (composite): 0.4740

Epoch 37/100
Curriculum/task status | Dense: 1 | Sparse TBx: 1 | Sys MIL: 0
Train | Loss: 0.6285 | L_Les: 1.4125 (Dense 0.6997, Sparse 0.8614, Sys 0.0000)
Val   | Loss: 0.3006 | Les-Dice: 0.3412 | Les-F1: 0.3846 | Patient-BAcc: 0.6210 | Region-BAcc: 0.5199
--- Lesion EM / Loss Multipliers ---
Dense: 1.000 | Sparse TBx: 0.100 | Sys MIL: 0.000
Selection metric (composite): 0.4558

Epoch 38/100
Curriculum/task status | Dense: 1 | Sparse TBx: 1 | Sys MIL: 0
Train | Loss: 0.6195 | L_Les: 1.3888 (Dense 0.6991, Sparse 0.8624, Sys 0.0000)
Val   | Loss: 0.2965 | Les-Dice: 0.3451 | Les-F1: 0.3874 | Patient-BAcc: 0.6853 | Region-BAcc: 0.5292
--- Lesion EM / Loss Multipliers ---
Dense: 1.000 | Sparse TBx: 0.100 | Sys MIL: 0.000
Selection metric (composite): 0.4762

Epoch 39/100
Curriculum/task status | Dense: 1 | Sparse TBx: 1 | Sys MIL: 0
Train | Loss: 0.6181 | L_Les: 1.3742 (Dense 0.7003, Sparse 0.8592, Sys 0.0000)
Val   | Loss: 0.3055 | Les-Dice: 0.3246 | Les-F1: 0.3703 | Patient-BAcc: 0.6774 | Region-BAcc: 0.5147
--- Lesion EM / Loss Multipliers ---
Dense: 1.000 | Sparse TBx: 0.100 | Sys MIL: 0.000
Selection metric (composite): 0.4603

Epoch 40/100
Curriculum/task status | Dense: 1 | Sparse TBx: 1 | Sys MIL: 0
Train | Loss: 0.6124 | L_Les: 1.3719 (Dense 0.6924, Sparse 0.8561, Sys 0.0000)
Val   | Loss: 0.3046 | Les-Dice: 0.3274 | Les-F1: 0.3717 | Patient-BAcc: 0.6413 | Region-BAcc: 0.5138
--- Lesion EM / Loss Multipliers ---
Dense: 1.000 | Sparse TBx: 0.100 | Sys MIL: 0.000
Selection metric (composite): 0.4525

Epoch 41/100
Curriculum/task status | Dense: 1 | Sparse TBx: 1 | Sys MIL: 0
Train | Loss: 0.6373 | L_Les: 1.4148 (Dense 0.6907, Sparse 0.8591, Sys 0.0000)
Val   | Loss: 0.3038 | Les-Dice: 0.3228 | Les-F1: 0.3694 | Patient-BAcc: 0.6825 | Region-BAcc: 0.5143
--- Lesion EM / Loss Multipliers ---
Dense: 1.000 | Sparse TBx: 0.100 | Sys MIL: 0.000
Selection metric (composite): 0.4606

Epoch 42/100
Curriculum/task status | Dense: 1 | Sparse TBx: 1 | Sys MIL: 0
Train | Loss: 0.6145 | L_Les: 1.3898 (Dense 0.6792, Sparse 0.8584, Sys 0.0000)
Val   | Loss: 0.3007 | Les-Dice: 0.3370 | Les-F1: 0.3837 | Patient-BAcc: 0.6460 | Region-BAcc: 0.5186
--- Lesion EM / Loss Multipliers ---
Dense: 1.000 | Sparse TBx: 0.100 | Sys MIL: 0.000
Selection metric (composite): 0.4596

Epoch 43/100
Curriculum/task status | Dense: 1 | Sparse TBx: 1 | Sys MIL: 0
Train | Loss: 0.6127 | L_Les: 1.3762 (Dense 0.6840, Sparse 0.8570, Sys 0.0000)
Val   | Loss: 0.2991 | Les-Dice: 0.3370 | Les-F1: 0.3837 | Patient-BAcc: 0.6516 | Region-BAcc: 0.5162
--- Lesion EM / Loss Multipliers ---
Dense: 1.000 | Sparse TBx: 0.100 | Sys MIL: 0.000
Selection metric (composite): 0.4604

Epoch 44/100
Curriculum/task status | Dense: 1 | Sparse TBx: 1 | Sys MIL: 0
Train | Loss: 0.5919 | L_Les: 1.3543 (Dense 0.6775, Sparse 0.8520, Sys 0.0000)
Val   | Loss: 0.3010 | Les-Dice: 0.3399 | Les-F1: 0.3883 | Patient-BAcc: 0.6579 | Region-BAcc: 0.5108
--- Lesion EM / Loss Multipliers ---
Dense: 1.000 | Sparse TBx: 0.100 | Sys MIL: 0.000
Selection metric (composite): 0.4621

Epoch 45/100
Curriculum/task status | Dense: 1 | Sparse TBx: 1 | Sys MIL: 0
Train | Loss: 0.5942 | L_Les: 1.3701 (Dense 0.6711, Sparse 0.8532, Sys 0.0000)
Val   | Loss: 0.3114 | Les-Dice: 0.3137 | Les-F1: 0.3711 | Patient-BAcc: 0.6341 | Region-BAcc: 0.5017
--- Lesion EM / Loss Multipliers ---
Dense: 1.000 | Sparse TBx: 0.100 | Sys MIL: 0.000
Selection metric (composite): 0.4408

Epoch 46/100
Curriculum/task status | Dense: 1 | Sparse TBx: 1 | Sys MIL: 0
Train | Loss: 0.5976 | L_Les: 1.3681 (Dense 0.6708, Sparse 0.8538, Sys 0.0000)
Val   | Loss: 0.3037 | Les-Dice: 0.3306 | Les-F1: 0.3830 | Patient-BAcc: 0.6052 | Region-BAcc: 0.5123
--- Lesion EM / Loss Multipliers ---
Dense: 1.000 | Sparse TBx: 0.100 | Sys MIL: 0.000
Selection metric (composite): 0.4447

Epoch 47/100
Curriculum/task status | Dense: 1 | Sparse TBx: 1 | Sys MIL: 0
Train | Loss: 0.6182 | L_Les: 1.3845 (Dense 0.6598, Sparse 0.8512, Sys 0.0000)
Val   | Loss: 0.3014 | Les-Dice: 0.3346 | Les-F1: 0.3788 | Patient-BAcc: 0.5881 | Region-BAcc: 0.5187
--- Lesion EM / Loss Multipliers ---
Dense: 1.000 | Sparse TBx: 0.100 | Sys MIL: 0.000
Selection metric (composite): 0.4440

Epoch 48/100
Curriculum/task status | Dense: 1 | Sparse TBx: 1 | Sys MIL: 0
Train | Loss: 0.5974 | L_Les: 1.3511 (Dense 0.6546, Sparse 0.8536, Sys 0.0000)
Val   | Loss: 0.2999 | Les-Dice: 0.3395 | Les-F1: 0.3855 | Patient-BAcc: 0.6583 | Region-BAcc: 0.5134
--- Lesion EM / Loss Multipliers ---
Dense: 1.000 | Sparse TBx: 0.100 | Sys MIL: 0.000
Selection metric (composite): 0.4627

Epoch 49/100
Curriculum/task status | Dense: 1 | Sparse TBx: 1 | Sys MIL: 0
Train | Loss: 0.6094 | L_Les: 1.3796 (Dense 0.6558, Sparse 0.8483, Sys 0.0000)
Val   | Loss: 0.3066 | Les-Dice: 0.3297 | Les-F1: 0.3811 | Patient-BAcc: 0.6183 | Region-BAcc: 0.5008
--- Lesion EM / Loss Multipliers ---
Dense: 1.000 | Sparse TBx: 0.100 | Sys MIL: 0.000
Selection metric (composite): 0.4446

Epoch 50/100
Curriculum/task status | Dense: 1 | Sparse TBx: 1 | Sys MIL: 0
Train | Loss: 0.5753 | L_Les: 1.3550 (Dense 0.6477, Sparse 0.8539, Sys 0.0000)
Val   | Loss: 0.3007 | Les-Dice: 0.3378 | Les-F1: 0.3827 | Patient-BAcc: 0.6556 | Region-BAcc: 0.5165
--- Lesion EM / Loss Multipliers ---
Dense: 1.000 | Sparse TBx: 0.100 | Sys MIL: 0.000
Selection metric (composite): 0.4619

Epoch 51/100
Curriculum/task status | Dense: 1 | Sparse TBx: 1 | Sys MIL: 0
Train | Loss: 0.6099 | L_Les: 1.3767 (Dense 0.6437, Sparse 0.8491, Sys 0.0000)
Val   | Loss: 0.3091 | Les-Dice: 0.3103 | Les-F1: 0.3520 | Patient-BAcc: 0.5782 | Region-BAcc: 0.5208
--- Lesion EM / Loss Multipliers ---
Dense: 1.000 | Sparse TBx: 0.100 | Sys MIL: 0.000
Selection metric (composite): 0.4299

Epoch 52/100
Curriculum/task status | Dense: 1 | Sparse TBx: 1 | Sys MIL: 0
Train | Loss: 0.5879 | L_Les: 1.3519 (Dense 0.6432, Sparse 0.8446, Sys 0.0000)
Val   | Loss: 0.3073 | Les-Dice: 0.3236 | Les-F1: 0.3702 | Patient-BAcc: 0.5528 | Region-BAcc: 0.5125
--- Lesion EM / Loss Multipliers ---
Dense: 1.000 | Sparse TBx: 0.100 | Sys MIL: 0.000
Selection metric (composite): 0.4281

Epoch 53/100
Curriculum/task status | Dense: 1 | Sparse TBx: 1 | Sys MIL: 0
Train | Loss: 0.5819 | L_Les: 1.3453 (Dense 0.6427, Sparse 0.8475, Sys 0.0000)
Val   | Loss: 0.3058 | Les-Dice: 0.3248 | Les-F1: 0.3691 | Patient-BAcc: 0.5972 | Region-BAcc: 0.5059
--- Lesion EM / Loss Multipliers ---
Dense: 1.000 | Sparse TBx: 0.100 | Sys MIL: 0.000
Selection metric (composite): 0.4382
Early stop triggered at epoch 53
