✅ Console outputs will be saved to: /raid/candi/jiayi/RP/Experiments/20260620_0850_N2_CM01_FixedW025_NoCurr_P09N005_FixedW_LesDense_LesSparseTBx_NoClamp_NoCurr_EMlrX1_LR0.0001_composite/console_output.log
--------------------------------------------------
Experiment Configurations:
BASE_DIR                        : /raid/candi/jiayi/RP
UNIFIED_DATA_DIR                : /raid/candi/jiayi/RP/data/Unified_Dataset
SPLIT_DIR                       : /raid/candi/jiayi/RP/data/Unified_Dataset/splits
EXP_DIR                         : /raid/candi/jiayi/RP/Experiments
EXPERIMENT_MODE                 : N2_PUB_TCIA_TBX_ONLY
COMMON_INTERNAL_VAL_CSV         : /raid/candi/jiayi/RP/data/Unified_Dataset/splits/common_internal_evaluation.csv
COMMON_BEST_MODEL_METRIC        : composite
TRAIN_CSV                       : /raid/candi/jiayi/RP/data/Unified_Dataset/splits/N2_PUB_TCIA_TBx_only_train.csv
VAL_CSV                         : /raid/candi/jiayi/RP/data/Unified_Dataset/splits/common_internal_evaluation.csv
TEST_CSV                        : /raid/candi/jiayi/RP/data/Unified_Dataset/splits/N2_PROMIS_external_val.csv
TASK                            : mixed
DATASET_TASK                    : mixed
USE_GRADE_TBX_TASK              : False
USE_GRADE_SBX_TASK              : False
USE_LESION_DENSE_TASK           : True
USE_LESION_SPARSE_TASK          : True
USE_LESION_SYS_TASK             : False
USE_GLAND_TASK                  : False
USE_EM_WEIGHTING                : False
USE_CURRICULUM                  : False
LESION_DENSE_START_EPOCH        : 1
LESION_SPARSE_START_EPOCH       : 1
LESION_SYS_START_EPOCH          : 1
BEST_MODEL_METRIC               : composite
EXPERIMENT_TAG                  : N2_CM01_FixedW025_NoCurr_P09N005
TARGET_SPACING                  : [1.0, 1.0, 2.24]
CROP_SIZE_SITK                  : [64, 64, 32]
INPUT_SHAPE                     : (3, 32, 64, 64)
NEEDLE_RADIUS                   : 2
IN_CHANNELS                     : 3
NUM_CLASSES                     : 7
BASE_CHANNELS                   : 32
MAX_ZONES                       : 20
MIL_POOLING                     : lme
LME_R                           : 8.0
DROPOUT_RATE                    : 0.2
CSPC_THRESHOLD                  : 3
LESION_POSITIVE_THRESHOLD       : 3
INVALID_SYS_LABEL               : -1
PRED_PROB_THRESHOLD             : 0.5
DEVICE                          : cuda
SEED                            : 42
NUM_EPOCHS                      : 100
BATCH_SIZE                      : 4
NUM_WORKERS                     : 2
LR                              : 0.0001
WEIGHT_DECAY                    : 0.0001
LR_SCHEDULER                    : CosineAnnealing
EARLY_STOP_PATIENCE             : 20
GRAD_CLIP_NORM                  : 12.0
POS_WEIGHT_VAL                  : 2
SYS_POS_WEIGHT_VAL              : 1.0
SYS_FOCAL_ALPHA                 : 0.75
SYS_FOCAL_GAMMA                 : 2.0
USE_SYS_CLASS_BALANCED_BCE      : True
EM_LR_MULTIPLIER                : 1.0
USE_LOGVAR_CLAMP                : False
LOGVAR_MIN                      : -2.0
LOGVAR_MAX                      : 2.0
FIXED_LOSS_WEIGHTS              : {'grade_tbx': 0.0, 'grade_sbx': 0.0, 'lesion_dense': 1.0, 'lesion_sparse': 0.25, 'lesion_sys': 1.0, 'gland': 0.0}
TBX_POSITIVE_SOFT_LABEL         : 0.9
TBX_NEGATIVE_SOFT_LABEL         : 0.05
GRADE_TBX_START_EPOCH           : 1
GRADE_SBX_START_EPOCH           : 1
GLAND_START_EPOCH               : 1
LESION_W_SMALL                  : 5
USE_AUGMENTATION                : True
MASK_TARGET_IN_SYS              : True
VIS_SUBDIR                      : visualizations
--------------------------------------------------
📄 Train CSV: /raid/candi/jiayi/RP/data/Unified_Dataset/splits/N2_PUB_TCIA_TBx_only_train.csv
📄 Val CSV:   /raid/candi/jiayi/RP/data/Unified_Dataset/splits/common_internal_evaluation.csv

Epoch 1/100
Curriculum/task status | Dense: 1 | Sparse TBx: 1 | Sys MIL: 0
Train | Loss: 1.0361 | L_Les: 1.7232 (Dense 1.0903, Sparse 0.9064, Sys 0.0000)
Val   | Loss: 0.4786 | Les-Dice: 0.0119 | Les-F1: 0.0148 | Patient-BAcc: 0.5659 | Region-BAcc: 0.5000
--- Lesion EM / Loss Multipliers ---
Dense: 1.000 | Sparse TBx: 0.250 | Sys MIL: 0.000
Selection metric (composite): 0.2724
--> Best Model Saved (Score: 0.2724)

Epoch 2/100
Curriculum/task status | Dense: 1 | Sparse TBx: 1 | Sys MIL: 0
Train | Loss: 1.0082 | L_Les: 1.6686 (Dense 1.0023, Sparse 0.8950, Sys 0.0000)
Val   | Loss: 0.4629 | Les-Dice: 0.1798 | Les-F1: 0.2164 | Patient-BAcc: 0.5524 | Region-BAcc: 0.5289
--- Lesion EM / Loss Multipliers ---
Dense: 1.000 | Sparse TBx: 0.250 | Sys MIL: 0.000
Selection metric (composite): 0.3602
--> Best Model Saved (Score: 0.3602)

Epoch 3/100
Curriculum/task status | Dense: 1 | Sparse TBx: 1 | Sys MIL: 0
Train | Loss: 0.9481 | L_Les: 1.6105 (Dense 0.9510, Sparse 0.8806, Sys 0.0000)
Val   | Loss: 0.4540 | Les-Dice: 0.2137 | Les-F1: 0.2366 | Patient-BAcc: 0.6742 | Region-BAcc: 0.5192
--- Lesion EM / Loss Multipliers ---
Dense: 1.000 | Sparse TBx: 0.250 | Sys MIL: 0.000
Selection metric (composite): 0.4052
--> Best Model Saved (Score: 0.4052)

Epoch 4/100
Curriculum/task status | Dense: 1 | Sparse TBx: 1 | Sys MIL: 0
Train | Loss: 0.9207 | L_Les: 1.5792 (Dense 0.9150, Sparse 0.8840, Sys 0.0000)
Val   | Loss: 0.4317 | Les-Dice: 0.2499 | Les-F1: 0.2876 | Patient-BAcc: 0.7008 | Region-BAcc: 0.5222
--- Lesion EM / Loss Multipliers ---
Dense: 1.000 | Sparse TBx: 0.250 | Sys MIL: 0.000
Selection metric (composite): 0.4307
--> Best Model Saved (Score: 0.4307)

Epoch 5/100
Curriculum/task status | Dense: 1 | Sparse TBx: 1 | Sys MIL: 0
Train | Loss: 0.8823 | L_Les: 1.5391 (Dense 0.8827, Sparse 0.8693, Sys 0.0000)
Val   | Loss: 0.4348 | Les-Dice: 0.2581 | Les-F1: 0.2873 | Patient-BAcc: 0.5579 | Region-BAcc: 0.5483
--- Lesion EM / Loss Multipliers ---
Dense: 1.000 | Sparse TBx: 0.250 | Sys MIL: 0.000
Selection metric (composite): 0.4056

Epoch 6/100
Curriculum/task status | Dense: 1 | Sparse TBx: 1 | Sys MIL: 0
Train | Loss: 0.8881 | L_Les: 1.5401 (Dense 0.8567, Sparse 0.8827, Sys 0.0000)
Val   | Loss: 0.4176 | Les-Dice: 0.2766 | Les-F1: 0.3171 | Patient-BAcc: 0.6687 | Region-BAcc: 0.5150
--- Lesion EM / Loss Multipliers ---
Dense: 1.000 | Sparse TBx: 0.250 | Sys MIL: 0.000
Selection metric (composite): 0.4342
--> Best Model Saved (Score: 0.4342)

Epoch 7/100
Curriculum/task status | Dense: 1 | Sparse TBx: 1 | Sys MIL: 0
Train | Loss: 0.8601 | L_Les: 1.5221 (Dense 0.8458, Sparse 0.8731, Sys 0.0000)
Val   | Loss: 0.4147 | Les-Dice: 0.2901 | Les-F1: 0.3257 | Patient-BAcc: 0.6687 | Region-BAcc: 0.5174
--- Lesion EM / Loss Multipliers ---
Dense: 1.000 | Sparse TBx: 0.250 | Sys MIL: 0.000
Selection metric (composite): 0.4416
--> Best Model Saved (Score: 0.4416)

Epoch 8/100
Curriculum/task status | Dense: 1 | Sparse TBx: 1 | Sys MIL: 0
Train | Loss: 0.8622 | L_Les: 1.5090 (Dense 0.8327, Sparse 0.8610, Sys 0.0000)
Val   | Loss: 0.4077 | Les-Dice: 0.3001 | Les-F1: 0.3378 | Patient-BAcc: 0.6187 | Region-BAcc: 0.5117
--- Lesion EM / Loss Multipliers ---
Dense: 1.000 | Sparse TBx: 0.250 | Sys MIL: 0.000
Selection metric (composite): 0.4327

Epoch 9/100
Curriculum/task status | Dense: 1 | Sparse TBx: 1 | Sys MIL: 0
Train | Loss: 0.8361 | L_Les: 1.4830 (Dense 0.8173, Sparse 0.8579, Sys 0.0000)
Val   | Loss: 0.4098 | Les-Dice: 0.2941 | Les-F1: 0.3273 | Patient-BAcc: 0.6853 | Region-BAcc: 0.5129
--- Lesion EM / Loss Multipliers ---
Dense: 1.000 | Sparse TBx: 0.250 | Sys MIL: 0.000
Selection metric (composite): 0.4466
--> Best Model Saved (Score: 0.4466)

Epoch 10/100
Curriculum/task status | Dense: 1 | Sparse TBx: 1 | Sys MIL: 0
Train | Loss: 0.8487 | L_Les: 1.5097 (Dense 0.8192, Sparse 0.8578, Sys 0.0000)
Val   | Loss: 0.4075 | Les-Dice: 0.2960 | Les-F1: 0.3319 | Patient-BAcc: 0.6929 | Region-BAcc: 0.5210
--- Lesion EM / Loss Multipliers ---
Dense: 1.000 | Sparse TBx: 0.250 | Sys MIL: 0.000
Selection metric (composite): 0.4515
--> Best Model Saved (Score: 0.4515)

Epoch 11/100
Curriculum/task status | Dense: 1 | Sparse TBx: 1 | Sys MIL: 0
Train | Loss: 0.8353 | L_Les: 1.4834 (Dense 0.8050, Sparse 0.8560, Sys 0.0000)
Val   | Loss: 0.4087 | Les-Dice: 0.2972 | Les-F1: 0.3336 | Patient-BAcc: 0.6278 | Region-BAcc: 0.5123
--- Lesion EM / Loss Multipliers ---
Dense: 1.000 | Sparse TBx: 0.250 | Sys MIL: 0.000
Selection metric (composite): 0.4336

Epoch 12/100
Curriculum/task status | Dense: 1 | Sparse TBx: 1 | Sys MIL: 0
Train | Loss: 0.8566 | L_Les: 1.5062 (Dense 0.7947, Sparse 0.8516, Sys 0.0000)
Val   | Loss: 0.4072 | Les-Dice: 0.2884 | Les-F1: 0.3290 | Patient-BAcc: 0.6008 | Region-BAcc: 0.5123
--- Lesion EM / Loss Multipliers ---
Dense: 1.000 | Sparse TBx: 0.250 | Sys MIL: 0.000
Selection metric (composite): 0.4225

Epoch 13/100
Curriculum/task status | Dense: 1 | Sparse TBx: 1 | Sys MIL: 0
Train | Loss: 0.8122 | L_Les: 1.4516 (Dense 0.7900, Sparse 0.8512, Sys 0.0000)
Val   | Loss: 0.4011 | Les-Dice: 0.3176 | Les-F1: 0.3525 | Patient-BAcc: 0.6218 | Region-BAcc: 0.5351
--- Lesion EM / Loss Multipliers ---
Dense: 1.000 | Sparse TBx: 0.250 | Sys MIL: 0.000
Selection metric (composite): 0.4481

Epoch 14/100
Curriculum/task status | Dense: 1 | Sparse TBx: 1 | Sys MIL: 0
Train | Loss: 0.8253 | L_Les: 1.4638 (Dense 0.7879, Sparse 0.8519, Sys 0.0000)
Val   | Loss: 0.3982 | Les-Dice: 0.3154 | Les-F1: 0.3575 | Patient-BAcc: 0.5948 | Region-BAcc: 0.5081
--- Lesion EM / Loss Multipliers ---
Dense: 1.000 | Sparse TBx: 0.250 | Sys MIL: 0.000
Selection metric (composite): 0.4334

Epoch 15/100
Curriculum/task status | Dense: 1 | Sparse TBx: 1 | Sys MIL: 0
Train | Loss: 0.8006 | L_Les: 1.4437 (Dense 0.7864, Sparse 0.8474, Sys 0.0000)
Val   | Loss: 0.4021 | Les-Dice: 0.3125 | Les-F1: 0.3505 | Patient-BAcc: 0.6512 | Region-BAcc: 0.5275
--- Lesion EM / Loss Multipliers ---
Dense: 1.000 | Sparse TBx: 0.250 | Sys MIL: 0.000
Selection metric (composite): 0.4509

Epoch 16/100
Curriculum/task status | Dense: 1 | Sparse TBx: 1 | Sys MIL: 0
Train | Loss: 0.8060 | L_Les: 1.4340 (Dense 0.7771, Sparse 0.8408, Sys 0.0000)
Val   | Loss: 0.3980 | Les-Dice: 0.3205 | Les-F1: 0.3617 | Patient-BAcc: 0.5504 | Region-BAcc: 0.5130
--- Lesion EM / Loss Multipliers ---
Dense: 1.000 | Sparse TBx: 0.250 | Sys MIL: 0.000
Selection metric (composite): 0.4261

Epoch 17/100
Curriculum/task status | Dense: 1 | Sparse TBx: 1 | Sys MIL: 0
Train | Loss: 0.7998 | L_Les: 1.4328 (Dense 0.7697, Sparse 0.8525, Sys 0.0000)
Val   | Loss: 0.4042 | Les-Dice: 0.3043 | Les-F1: 0.3433 | Patient-BAcc: 0.6012 | Region-BAcc: 0.5162
--- Lesion EM / Loss Multipliers ---
Dense: 1.000 | Sparse TBx: 0.250 | Sys MIL: 0.000
Selection metric (composite): 0.4315

Epoch 18/100
Curriculum/task status | Dense: 1 | Sparse TBx: 1 | Sys MIL: 0
Train | Loss: 0.8245 | L_Les: 1.4564 (Dense 0.7706, Sparse 0.8410, Sys 0.0000)
Val   | Loss: 0.3949 | Les-Dice: 0.3233 | Les-F1: 0.3623 | Patient-BAcc: 0.5437 | Region-BAcc: 0.5173
--- Lesion EM / Loss Multipliers ---
Dense: 1.000 | Sparse TBx: 0.250 | Sys MIL: 0.000
Selection metric (composite): 0.4269

Epoch 19/100
Curriculum/task status | Dense: 1 | Sparse TBx: 1 | Sys MIL: 0
Train | Loss: 0.7945 | L_Les: 1.4283 (Dense 0.7690, Sparse 0.8424, Sys 0.0000)
Val   | Loss: 0.3938 | Les-Dice: 0.3269 | Les-F1: 0.3658 | Patient-BAcc: 0.6194 | Region-BAcc: 0.5004
--- Lesion EM / Loss Multipliers ---
Dense: 1.000 | Sparse TBx: 0.250 | Sys MIL: 0.000
Selection metric (composite): 0.4434

Epoch 20/100
Curriculum/task status | Dense: 1 | Sparse TBx: 1 | Sys MIL: 0
Train | Loss: 0.7709 | L_Les: 1.4008 (Dense 0.7600, Sparse 0.8411, Sys 0.0000)
Val   | Loss: 0.3988 | Les-Dice: 0.3108 | Les-F1: 0.3485 | Patient-BAcc: 0.6373 | Region-BAcc: 0.5102
--- Lesion EM / Loss Multipliers ---
Dense: 1.000 | Sparse TBx: 0.250 | Sys MIL: 0.000
Selection metric (composite): 0.4423

Epoch 21/100
Curriculum/task status | Dense: 1 | Sparse TBx: 1 | Sys MIL: 0
Train | Loss: 0.7755 | L_Les: 1.4053 (Dense 0.7550, Sparse 0.8369, Sys 0.0000)
Val   | Loss: 0.3971 | Les-Dice: 0.3218 | Les-F1: 0.3633 | Patient-BAcc: 0.6091 | Region-BAcc: 0.5084
--- Lesion EM / Loss Multipliers ---
Dense: 1.000 | Sparse TBx: 0.250 | Sys MIL: 0.000
Selection metric (composite): 0.4403

Epoch 22/100
Curriculum/task status | Dense: 1 | Sparse TBx: 1 | Sys MIL: 0
Train | Loss: 0.7908 | L_Les: 1.4120 (Dense 0.7559, Sparse 0.8361, Sys 0.0000)
Val   | Loss: 0.3981 | Les-Dice: 0.3171 | Les-F1: 0.3525 | Patient-BAcc: 0.6484 | Region-BAcc: 0.5183
--- Lesion EM / Loss Multipliers ---
Dense: 1.000 | Sparse TBx: 0.250 | Sys MIL: 0.000
Selection metric (composite): 0.4502

Epoch 23/100
Curriculum/task status | Dense: 1 | Sparse TBx: 1 | Sys MIL: 0
Train | Loss: 0.7579 | L_Les: 1.3865 (Dense 0.7434, Sparse 0.8414, Sys 0.0000)
Val   | Loss: 0.3915 | Les-Dice: 0.3334 | Les-F1: 0.3689 | Patient-BAcc: 0.5956 | Region-BAcc: 0.5135
--- Lesion EM / Loss Multipliers ---
Dense: 1.000 | Sparse TBx: 0.250 | Sys MIL: 0.000
Selection metric (composite): 0.4440

Epoch 24/100
Curriculum/task status | Dense: 1 | Sparse TBx: 1 | Sys MIL: 0
Train | Loss: 0.7708 | L_Les: 1.4032 (Dense 0.7486, Sparse 0.8289, Sys 0.0000)
Val   | Loss: 0.4008 | Les-Dice: 0.3130 | Les-F1: 0.3561 | Patient-BAcc: 0.5242 | Region-BAcc: 0.5390
--- Lesion EM / Loss Multipliers ---
Dense: 1.000 | Sparse TBx: 0.250 | Sys MIL: 0.000
Selection metric (composite): 0.4223

Epoch 25/100
Curriculum/task status | Dense: 1 | Sparse TBx: 1 | Sys MIL: 0
Train | Loss: 0.8008 | L_Les: 1.4230 (Dense 0.7468, Sparse 0.8319, Sys 0.0000)
Val   | Loss: 0.3938 | Les-Dice: 0.3305 | Les-F1: 0.3634 | Patient-BAcc: 0.5615 | Region-BAcc: 0.5541
--- Lesion EM / Loss Multipliers ---
Dense: 1.000 | Sparse TBx: 0.250 | Sys MIL: 0.000
Selection metric (composite): 0.4441

Epoch 26/100
Curriculum/task status | Dense: 1 | Sparse TBx: 1 | Sys MIL: 0
Train | Loss: 0.7869 | L_Les: 1.4287 (Dense 0.7321, Sparse 0.8369, Sys 0.0000)
Val   | Loss: 0.3961 | Les-Dice: 0.3181 | Les-F1: 0.3577 | Patient-BAcc: 0.5853 | Region-BAcc: 0.5032
--- Lesion EM / Loss Multipliers ---
Dense: 1.000 | Sparse TBx: 0.250 | Sys MIL: 0.000
Selection metric (composite): 0.4312

Epoch 27/100
Curriculum/task status | Dense: 1 | Sparse TBx: 1 | Sys MIL: 0
Train | Loss: 0.7736 | L_Les: 1.3914 (Dense 0.7302, Sparse 0.8286, Sys 0.0000)
Val   | Loss: 0.3973 | Les-Dice: 0.3156 | Les-F1: 0.3573 | Patient-BAcc: 0.6258 | Region-BAcc: 0.5123
--- Lesion EM / Loss Multipliers ---
Dense: 1.000 | Sparse TBx: 0.250 | Sys MIL: 0.000
Selection metric (composite): 0.4423

Epoch 28/100
Curriculum/task status | Dense: 1 | Sparse TBx: 1 | Sys MIL: 0
Train | Loss: 0.7780 | L_Les: 1.4022 (Dense 0.7276, Sparse 0.8331, Sys 0.0000)
Val   | Loss: 0.4035 | Les-Dice: 0.3264 | Les-F1: 0.3611 | Patient-BAcc: 0.6433 | Region-BAcc: 0.5285
--- Lesion EM / Loss Multipliers ---
Dense: 1.000 | Sparse TBx: 0.250 | Sys MIL: 0.000
Selection metric (composite): 0.4561
--> Best Model Saved (Score: 0.4561)

Epoch 29/100
Curriculum/task status | Dense: 1 | Sparse TBx: 1 | Sys MIL: 0
Train | Loss: 0.7665 | L_Les: 1.3858 (Dense 0.7257, Sparse 0.8290, Sys 0.0000)
Val   | Loss: 0.3978 | Les-Dice: 0.3173 | Les-F1: 0.3536 | Patient-BAcc: 0.6532 | Region-BAcc: 0.5044
--- Lesion EM / Loss Multipliers ---
Dense: 1.000 | Sparse TBx: 0.250 | Sys MIL: 0.000
Selection metric (composite): 0.4480

Epoch 30/100
Curriculum/task status | Dense: 1 | Sparse TBx: 1 | Sys MIL: 0
Train | Loss: 0.7782 | L_Les: 1.3956 (Dense 0.7193, Sparse 0.8297, Sys 0.0000)
Val   | Loss: 0.3983 | Les-Dice: 0.3239 | Les-F1: 0.3600 | Patient-BAcc: 0.6210 | Region-BAcc: 0.5096
--- Lesion EM / Loss Multipliers ---
Dense: 1.000 | Sparse TBx: 0.250 | Sys MIL: 0.000
Selection metric (composite): 0.4446

Epoch 31/100
Curriculum/task status | Dense: 1 | Sparse TBx: 1 | Sys MIL: 0
Train | Loss: 0.7762 | L_Les: 1.3956 (Dense 0.7198, Sparse 0.8223, Sys 0.0000)
Val   | Loss: 0.4019 | Les-Dice: 0.3145 | Les-F1: 0.3562 | Patient-BAcc: 0.6135 | Region-BAcc: 0.5035
--- Lesion EM / Loss Multipliers ---
Dense: 1.000 | Sparse TBx: 0.250 | Sys MIL: 0.000
Selection metric (composite): 0.4365

Epoch 32/100
Curriculum/task status | Dense: 1 | Sparse TBx: 1 | Sys MIL: 0
Train | Loss: 0.7646 | L_Les: 1.3740 (Dense 0.7118, Sparse 0.8258, Sys 0.0000)
Val   | Loss: 0.3959 | Les-Dice: 0.3259 | Les-F1: 0.3662 | Patient-BAcc: 0.5968 | Region-BAcc: 0.5094
--- Lesion EM / Loss Multipliers ---
Dense: 1.000 | Sparse TBx: 0.250 | Sys MIL: 0.000
Selection metric (composite): 0.4395

Epoch 33/100
Curriculum/task status | Dense: 1 | Sparse TBx: 1 | Sys MIL: 0
Train | Loss: 0.7479 | L_Les: 1.3646 (Dense 0.7120, Sparse 0.8217, Sys 0.0000)
Val   | Loss: 0.3927 | Les-Dice: 0.3313 | Les-F1: 0.3677 | Patient-BAcc: 0.5734 | Region-BAcc: 0.5172
--- Lesion EM / Loss Multipliers ---
Dense: 1.000 | Sparse TBx: 0.250 | Sys MIL: 0.000
Selection metric (composite): 0.4383

Epoch 34/100
Curriculum/task status | Dense: 1 | Sparse TBx: 1 | Sys MIL: 0
Train | Loss: 0.7503 | L_Les: 1.3666 (Dense 0.7189, Sparse 0.8245, Sys 0.0000)
Val   | Loss: 0.3954 | Les-Dice: 0.3278 | Les-F1: 0.3688 | Patient-BAcc: 0.5560 | Region-BAcc: 0.5320
--- Lesion EM / Loss Multipliers ---
Dense: 1.000 | Sparse TBx: 0.250 | Sys MIL: 0.000
Selection metric (composite): 0.4359

Epoch 35/100
Curriculum/task status | Dense: 1 | Sparse TBx: 1 | Sys MIL: 0
Train | Loss: 0.7511 | L_Les: 1.3578 (Dense 0.7029, Sparse 0.8229, Sys 0.0000)
Val   | Loss: 0.3945 | Les-Dice: 0.3314 | Les-F1: 0.3745 | Patient-BAcc: 0.5897 | Region-BAcc: 0.5063
--- Lesion EM / Loss Multipliers ---
Dense: 1.000 | Sparse TBx: 0.250 | Sys MIL: 0.000
Selection metric (composite): 0.4397

Epoch 36/100
Curriculum/task status | Dense: 1 | Sparse TBx: 1 | Sys MIL: 0
Train | Loss: 0.7381 | L_Les: 1.3578 (Dense 0.6936, Sparse 0.8174, Sys 0.0000)
Val   | Loss: 0.3957 | Les-Dice: 0.3307 | Les-F1: 0.3697 | Patient-BAcc: 0.6147 | Region-BAcc: 0.5051
--- Lesion EM / Loss Multipliers ---
Dense: 1.000 | Sparse TBx: 0.250 | Sys MIL: 0.000
Selection metric (composite): 0.4453

Epoch 37/100
Curriculum/task status | Dense: 1 | Sparse TBx: 1 | Sys MIL: 0
Train | Loss: 0.7470 | L_Les: 1.3686 (Dense 0.6976, Sparse 0.8185, Sys 0.0000)
Val   | Loss: 0.4025 | Les-Dice: 0.3214 | Les-F1: 0.3681 | Patient-BAcc: 0.5675 | Region-BAcc: 0.5342
--- Lesion EM / Loss Multipliers ---
Dense: 1.000 | Sparse TBx: 0.250 | Sys MIL: 0.000
Selection metric (composite): 0.4361

Epoch 38/100
Curriculum/task status | Dense: 1 | Sparse TBx: 1 | Sys MIL: 0
Train | Loss: 0.7339 | L_Les: 1.3417 (Dense 0.6981, Sparse 0.8190, Sys 0.0000)
Val   | Loss: 0.3953 | Les-Dice: 0.3274 | Les-F1: 0.3717 | Patient-BAcc: 0.6151 | Region-BAcc: 0.5330
--- Lesion EM / Loss Multipliers ---
Dense: 1.000 | Sparse TBx: 0.250 | Sys MIL: 0.000
Selection metric (composite): 0.4507

Epoch 39/100
Curriculum/task status | Dense: 1 | Sparse TBx: 1 | Sys MIL: 0
Train | Loss: 0.7229 | L_Les: 1.3125 (Dense 0.6937, Sparse 0.8124, Sys 0.0000)
Val   | Loss: 0.4090 | Les-Dice: 0.3087 | Les-F1: 0.3588 | Patient-BAcc: 0.6254 | Region-BAcc: 0.5278
--- Lesion EM / Loss Multipliers ---
Dense: 1.000 | Sparse TBx: 0.250 | Sys MIL: 0.000
Selection metric (composite): 0.4426

Epoch 40/100
Curriculum/task status | Dense: 1 | Sparse TBx: 1 | Sys MIL: 0
Train | Loss: 0.7277 | L_Les: 1.3267 (Dense 0.6900, Sparse 0.8125, Sys 0.0000)
Val   | Loss: 0.4003 | Les-Dice: 0.3139 | Les-F1: 0.3641 | Patient-BAcc: 0.6306 | Region-BAcc: 0.5409
--- Lesion EM / Loss Multipliers ---
Dense: 1.000 | Sparse TBx: 0.250 | Sys MIL: 0.000
Selection metric (composite): 0.4498

Epoch 41/100
Curriculum/task status | Dense: 1 | Sparse TBx: 1 | Sys MIL: 0
Train | Loss: 0.7523 | L_Les: 1.3680 (Dense 0.6858, Sparse 0.8144, Sys 0.0000)
Val   | Loss: 0.3999 | Les-Dice: 0.3224 | Les-F1: 0.3690 | Patient-BAcc: 0.6298 | Region-BAcc: 0.5275
--- Lesion EM / Loss Multipliers ---
Dense: 1.000 | Sparse TBx: 0.250 | Sys MIL: 0.000
Selection metric (composite): 0.4505

Epoch 42/100
Curriculum/task status | Dense: 1 | Sparse TBx: 1 | Sys MIL: 0
Train | Loss: 0.7339 | L_Les: 1.3448 (Dense 0.6824, Sparse 0.8099, Sys 0.0000)
Val   | Loss: 0.4003 | Les-Dice: 0.3198 | Les-F1: 0.3622 | Patient-BAcc: 0.6060 | Region-BAcc: 0.5437
--- Lesion EM / Loss Multipliers ---
Dense: 1.000 | Sparse TBx: 0.250 | Sys MIL: 0.000
Selection metric (composite): 0.4473

Epoch 43/100
Curriculum/task status | Dense: 1 | Sparse TBx: 1 | Sys MIL: 0
Train | Loss: 0.7195 | L_Les: 1.3198 (Dense 0.6745, Sparse 0.8135, Sys 0.0000)
Val   | Loss: 0.3923 | Les-Dice: 0.3305 | Les-F1: 0.3702 | Patient-BAcc: 0.5861 | Region-BAcc: 0.5270
--- Lesion EM / Loss Multipliers ---
Dense: 1.000 | Sparse TBx: 0.250 | Sys MIL: 0.000
Selection metric (composite): 0.4435

Epoch 44/100
Curriculum/task status | Dense: 1 | Sparse TBx: 1 | Sys MIL: 0
Train | Loss: 0.7058 | L_Les: 1.3065 (Dense 0.6751, Sparse 0.8060, Sys 0.0000)
Val   | Loss: 0.3964 | Les-Dice: 0.3340 | Les-F1: 0.3832 | Patient-BAcc: 0.6496 | Region-BAcc: 0.5263
--- Lesion EM / Loss Multipliers ---
Dense: 1.000 | Sparse TBx: 0.250 | Sys MIL: 0.000
Selection metric (composite): 0.4610
--> Best Model Saved (Score: 0.4610)

Epoch 45/100
Curriculum/task status | Dense: 1 | Sparse TBx: 1 | Sys MIL: 0
Train | Loss: 0.7090 | L_Les: 1.3157 (Dense 0.6663, Sparse 0.8079, Sys 0.0000)
Val   | Loss: 0.4125 | Les-Dice: 0.3281 | Les-F1: 0.3824 | Patient-BAcc: 0.6218 | Region-BAcc: 0.5866
--- Lesion EM / Loss Multipliers ---
Dense: 1.000 | Sparse TBx: 0.250 | Sys MIL: 0.000
Selection metric (composite): 0.4662
--> Best Model Saved (Score: 0.4662)

Epoch 46/100
Curriculum/task status | Dense: 1 | Sparse TBx: 1 | Sys MIL: 0
Train | Loss: 0.7205 | L_Les: 1.3360 (Dense 0.6770, Sparse 0.8158, Sys 0.0000)
Val   | Loss: 0.3945 | Les-Dice: 0.3365 | Les-F1: 0.3842 | Patient-BAcc: 0.5925 | Region-BAcc: 0.5422
--- Lesion EM / Loss Multipliers ---
Dense: 1.000 | Sparse TBx: 0.250 | Sys MIL: 0.000
Selection metric (composite): 0.4519

Epoch 47/100
Curriculum/task status | Dense: 1 | Sparse TBx: 1 | Sys MIL: 0
Train | Loss: 0.7439 | L_Les: 1.3499 (Dense 0.6717, Sparse 0.8036, Sys 0.0000)
Val   | Loss: 0.3950 | Les-Dice: 0.3336 | Les-F1: 0.3760 | Patient-BAcc: 0.6151 | Region-BAcc: 0.5595
--- Lesion EM / Loss Multipliers ---
Dense: 1.000 | Sparse TBx: 0.250 | Sys MIL: 0.000
Selection metric (composite): 0.4604

Epoch 48/100
Curriculum/task status | Dense: 1 | Sparse TBx: 1 | Sys MIL: 0
Train | Loss: 0.7145 | L_Les: 1.3044 (Dense 0.6634, Sparse 0.8007, Sys 0.0000)
Val   | Loss: 0.3985 | Les-Dice: 0.3261 | Les-F1: 0.3718 | Patient-BAcc: 0.5706 | Region-BAcc: 0.5548
--- Lesion EM / Loss Multipliers ---
Dense: 1.000 | Sparse TBx: 0.250 | Sys MIL: 0.000
Selection metric (composite): 0.4444

Epoch 49/100
Curriculum/task status | Dense: 1 | Sparse TBx: 1 | Sys MIL: 0
Train | Loss: 0.7254 | L_Les: 1.3328 (Dense 0.6581, Sparse 0.7988, Sys 0.0000)
Val   | Loss: 0.4029 | Les-Dice: 0.3198 | Les-F1: 0.3724 | Patient-BAcc: 0.6397 | Region-BAcc: 0.5385
--- Lesion EM / Loss Multipliers ---
Dense: 1.000 | Sparse TBx: 0.250 | Sys MIL: 0.000
Selection metric (composite): 0.4544

Epoch 50/100
Curriculum/task status | Dense: 1 | Sparse TBx: 1 | Sys MIL: 0
Train | Loss: 0.7005 | L_Les: 1.3144 (Dense 0.6595, Sparse 0.8024, Sys 0.0000)
Val   | Loss: 0.3992 | Les-Dice: 0.3160 | Les-F1: 0.3605 | Patient-BAcc: 0.6373 | Region-BAcc: 0.5482
--- Lesion EM / Loss Multipliers ---
Dense: 1.000 | Sparse TBx: 0.250 | Sys MIL: 0.000
Selection metric (composite): 0.4544

Epoch 51/100
Curriculum/task status | Dense: 1 | Sparse TBx: 1 | Sys MIL: 0
Train | Loss: 0.7326 | L_Les: 1.3335 (Dense 0.6514, Sparse 0.7963, Sys 0.0000)
Val   | Loss: 0.4040 | Les-Dice: 0.3151 | Les-F1: 0.3545 | Patient-BAcc: 0.5615 | Region-BAcc: 0.5704
--- Lesion EM / Loss Multipliers ---
Dense: 1.000 | Sparse TBx: 0.250 | Sys MIL: 0.000
Selection metric (composite): 0.4405

Epoch 52/100
Curriculum/task status | Dense: 1 | Sparse TBx: 1 | Sys MIL: 0
Train | Loss: 0.7061 | L_Les: 1.3053 (Dense 0.6469, Sparse 0.7960, Sys 0.0000)
Val   | Loss: 0.3982 | Les-Dice: 0.3335 | Les-F1: 0.3789 | Patient-BAcc: 0.5607 | Region-BAcc: 0.5925
--- Lesion EM / Loss Multipliers ---
Dense: 1.000 | Sparse TBx: 0.250 | Sys MIL: 0.000
Selection metric (composite): 0.4551

Epoch 53/100
Curriculum/task status | Dense: 1 | Sparse TBx: 1 | Sys MIL: 0
Train | Loss: 0.6910 | L_Les: 1.2864 (Dense 0.6418, Sparse 0.7923, Sys 0.0000)
Val   | Loss: 0.4002 | Les-Dice: 0.3233 | Les-F1: 0.3717 | Patient-BAcc: 0.6000 | Region-BAcc: 0.5562
--- Lesion EM / Loss Multipliers ---
Dense: 1.000 | Sparse TBx: 0.250 | Sys MIL: 0.000
Selection metric (composite): 0.4507

Epoch 54/100
Curriculum/task status | Dense: 1 | Sparse TBx: 1 | Sys MIL: 0
Train | Loss: 0.6920 | L_Les: 1.2710 (Dense 0.6336, Sparse 0.7900, Sys 0.0000)
Val   | Loss: 0.4100 | Les-Dice: 0.3107 | Les-F1: 0.3493 | Patient-BAcc: 0.5857 | Region-BAcc: 0.5614
--- Lesion EM / Loss Multipliers ---
Dense: 1.000 | Sparse TBx: 0.250 | Sys MIL: 0.000
Selection metric (composite): 0.4421

Epoch 55/100
Curriculum/task status | Dense: 1 | Sparse TBx: 1 | Sys MIL: 0
Train | Loss: 0.6987 | L_Les: 1.3037 (Dense 0.6368, Sparse 0.7949, Sys 0.0000)
Val   | Loss: 0.4075 | Les-Dice: 0.3097 | Les-F1: 0.3526 | Patient-BAcc: 0.5829 | Region-BAcc: 0.5641
--- Lesion EM / Loss Multipliers ---
Dense: 1.000 | Sparse TBx: 0.250 | Sys MIL: 0.000
Selection metric (composite): 0.4416

Epoch 56/100
Curriculum/task status | Dense: 1 | Sparse TBx: 1 | Sys MIL: 0
Train | Loss: 0.6916 | L_Les: 1.2859 (Dense 0.6310, Sparse 0.7866, Sys 0.0000)
Val   | Loss: 0.4029 | Les-Dice: 0.3158 | Les-F1: 0.3613 | Patient-BAcc: 0.5817 | Region-BAcc: 0.5792
--- Lesion EM / Loss Multipliers ---
Dense: 1.000 | Sparse TBx: 0.250 | Sys MIL: 0.000
Selection metric (composite): 0.4481

Epoch 57/100
Curriculum/task status | Dense: 1 | Sparse TBx: 1 | Sys MIL: 0
Train | Loss: 0.6831 | L_Les: 1.2652 (Dense 0.6289, Sparse 0.7847, Sys 0.0000)
Val   | Loss: 0.4026 | Les-Dice: 0.3239 | Les-F1: 0.3698 | Patient-BAcc: 0.5829 | Region-BAcc: 0.5572
--- Lesion EM / Loss Multipliers ---
Dense: 1.000 | Sparse TBx: 0.250 | Sys MIL: 0.000
Selection metric (composite): 0.4470

Epoch 58/100
Curriculum/task status | Dense: 1 | Sparse TBx: 1 | Sys MIL: 0
Train | Loss: 0.6728 | L_Les: 1.2584 (Dense 0.6264, Sparse 0.7831, Sys 0.0000)
Val   | Loss: 0.4047 | Les-Dice: 0.3190 | Les-F1: 0.3608 | Patient-BAcc: 0.5992 | Region-BAcc: 0.5514
--- Lesion EM / Loss Multipliers ---
Dense: 1.000 | Sparse TBx: 0.250 | Sys MIL: 0.000
Selection metric (composite): 0.4472

Epoch 59/100
Curriculum/task status | Dense: 1 | Sparse TBx: 1 | Sys MIL: 0
Train | Loss: 0.6893 | L_Les: 1.2958 (Dense 0.6184, Sparse 0.7872, Sys 0.0000)
Val   | Loss: 0.3968 | Les-Dice: 0.3272 | Les-F1: 0.3713 | Patient-BAcc: 0.5722 | Region-BAcc: 0.5602
--- Lesion EM / Loss Multipliers ---
Dense: 1.000 | Sparse TBx: 0.250 | Sys MIL: 0.000
Selection metric (composite): 0.4467

Epoch 60/100
Curriculum/task status | Dense: 1 | Sparse TBx: 1 | Sys MIL: 0
Train | Loss: 0.6528 | L_Les: 1.2286 (Dense 0.6170, Sparse 0.7827, Sys 0.0000)
Val   | Loss: 0.3998 | Les-Dice: 0.3220 | Les-F1: 0.3685 | Patient-BAcc: 0.5821 | Region-BAcc: 0.5554
--- Lesion EM / Loss Multipliers ---
Dense: 1.000 | Sparse TBx: 0.250 | Sys MIL: 0.000
Selection metric (composite): 0.4454

Epoch 61/100
Curriculum/task status | Dense: 1 | Sparse TBx: 1 | Sys MIL: 0
Train | Loss: 0.6537 | L_Les: 1.2387 (Dense 0.6133, Sparse 0.7799, Sys 0.0000)
Val   | Loss: 0.4050 | Les-Dice: 0.3166 | Les-F1: 0.3628 | Patient-BAcc: 0.5655 | Region-BAcc: 0.5732
--- Lesion EM / Loss Multipliers ---
Dense: 1.000 | Sparse TBx: 0.250 | Sys MIL: 0.000
Selection metric (composite): 0.4430

Epoch 62/100
Curriculum/task status | Dense: 1 | Sparse TBx: 1 | Sys MIL: 0
Train | Loss: 0.6654 | L_Les: 1.2337 (Dense 0.6115, Sparse 0.7793, Sys 0.0000)
Val   | Loss: 0.4076 | Les-Dice: 0.3128 | Les-F1: 0.3601 | Patient-BAcc: 0.5810 | Region-BAcc: 0.5525
--- Lesion EM / Loss Multipliers ---
Dense: 1.000 | Sparse TBx: 0.250 | Sys MIL: 0.000
Selection metric (composite): 0.4398

Epoch 63/100
Curriculum/task status | Dense: 1 | Sparse TBx: 1 | Sys MIL: 0
Train | Loss: 0.6771 | L_Les: 1.2756 (Dense 0.6094, Sparse 0.7859, Sys 0.0000)
Val   | Loss: 0.4106 | Les-Dice: 0.3075 | Les-F1: 0.3497 | Patient-BAcc: 0.5925 | Region-BAcc: 0.5523
--- Lesion EM / Loss Multipliers ---
Dense: 1.000 | Sparse TBx: 0.250 | Sys MIL: 0.000
Selection metric (composite): 0.4400

Epoch 64/100
Curriculum/task status | Dense: 1 | Sparse TBx: 1 | Sys MIL: 0
Train | Loss: 0.6682 | L_Les: 1.2501 (Dense 0.6057, Sparse 0.7733, Sys 0.0000)
Val   | Loss: 0.4000 | Les-Dice: 0.3257 | Les-F1: 0.3745 | Patient-BAcc: 0.5806 | Region-BAcc: 0.5637
--- Lesion EM / Loss Multipliers ---
Dense: 1.000 | Sparse TBx: 0.250 | Sys MIL: 0.000
Selection metric (composite): 0.4489

Epoch 65/100
Curriculum/task status | Dense: 1 | Sparse TBx: 1 | Sys MIL: 0
Train | Loss: 0.6654 | L_Les: 1.2435 (Dense 0.6001, Sparse 0.7700, Sys 0.0000)
Val   | Loss: 0.4096 | Les-Dice: 0.3083 | Les-F1: 0.3653 | Patient-BAcc: 0.5671 | Region-BAcc: 0.5718
--- Lesion EM / Loss Multipliers ---
Dense: 1.000 | Sparse TBx: 0.250 | Sys MIL: 0.000
Selection metric (composite): 0.4389
Early stop triggered at epoch 65
