✅ Console outputs will be saved to: /raid/candi/jiayi/RP/Experiments/20260620_1753_N2_CM07_EM1_Curr15_ClampN05P1_P09N005_EM_LesDense_LesSparseTBx_Clamp_Curr_EMlrX1_LR0.0001_composite/console_output.log
--------------------------------------------------
Experiment Configurations:
BASE_DIR                        : /raid/candi/jiayi/RP
UNIFIED_DATA_DIR                : /raid/candi/jiayi/RP/data/Unified_Dataset
SPLIT_DIR                       : /raid/candi/jiayi/RP/data/Unified_Dataset/splits
EXP_DIR                         : /raid/candi/jiayi/RP/Experiments
EXPERIMENT_MODE                 : N2_PUB_TCIA_TBX_ONLY
COMMON_INTERNAL_VAL_CSV         : /raid/candi/jiayi/RP/data/Unified_Dataset/splits/common_internal_evaluation.csv
COMMON_BEST_MODEL_METRIC        : composite
TRAIN_CSV                       : /raid/candi/jiayi/RP/data/Unified_Dataset/splits/N2_PUB_TCIA_TBx_only_train.csv
VAL_CSV                         : /raid/candi/jiayi/RP/data/Unified_Dataset/splits/common_internal_evaluation.csv
TEST_CSV                        : /raid/candi/jiayi/RP/data/Unified_Dataset/splits/N2_PROMIS_external_val.csv
TASK                            : mixed
DATASET_TASK                    : mixed
USE_GRADE_TBX_TASK              : False
USE_GRADE_SBX_TASK              : False
USE_LESION_DENSE_TASK           : True
USE_LESION_SPARSE_TASK          : True
USE_LESION_SYS_TASK             : False
USE_GLAND_TASK                  : False
USE_EM_WEIGHTING                : True
USE_CURRICULUM                  : True
LESION_DENSE_START_EPOCH        : 1
LESION_SPARSE_START_EPOCH       : 15
LESION_SYS_START_EPOCH          : 1
BEST_MODEL_METRIC               : composite
EXPERIMENT_TAG                  : N2_CM07_EM1_Curr15_ClampN05P1_P09N005
TARGET_SPACING                  : [1.0, 1.0, 2.24]
CROP_SIZE_SITK                  : [64, 64, 32]
INPUT_SHAPE                     : (3, 32, 64, 64)
NEEDLE_RADIUS                   : 2
IN_CHANNELS                     : 3
NUM_CLASSES                     : 7
BASE_CHANNELS                   : 32
MAX_ZONES                       : 20
MIL_POOLING                     : lme
LME_R                           : 8.0
DROPOUT_RATE                    : 0.2
CSPC_THRESHOLD                  : 3
LESION_POSITIVE_THRESHOLD       : 3
INVALID_SYS_LABEL               : -1
PRED_PROB_THRESHOLD             : 0.5
DEVICE                          : cuda
SEED                            : 42
NUM_EPOCHS                      : 100
BATCH_SIZE                      : 4
NUM_WORKERS                     : 2
LR                              : 0.0001
WEIGHT_DECAY                    : 0.0001
LR_SCHEDULER                    : CosineAnnealing
EARLY_STOP_PATIENCE             : 20
GRAD_CLIP_NORM                  : 12.0
POS_WEIGHT_VAL                  : 2
SYS_POS_WEIGHT_VAL              : 1.0
SYS_FOCAL_ALPHA                 : 0.75
SYS_FOCAL_GAMMA                 : 2.0
USE_SYS_CLASS_BALANCED_BCE      : True
EM_LR_MULTIPLIER                : 1.0
USE_LOGVAR_CLAMP                : True
LOGVAR_MIN                      : -0.5
LOGVAR_MAX                      : 1.0
FIXED_LOSS_WEIGHTS              : {'grade_tbx': 0.0, 'grade_sbx': 0.0, 'lesion_dense': 1.0, 'lesion_sparse': 0.25, 'lesion_sys': 1.0, 'gland': 0.0}
TBX_POSITIVE_SOFT_LABEL         : 0.9
TBX_NEGATIVE_SOFT_LABEL         : 0.05
GRADE_TBX_START_EPOCH           : 1
GRADE_SBX_START_EPOCH           : 1
GLAND_START_EPOCH               : 1
LESION_W_SMALL                  : 5
USE_AUGMENTATION                : True
MASK_TARGET_IN_SYS              : True
VIS_SUBDIR                      : visualizations
--------------------------------------------------
📄 Train CSV: /raid/candi/jiayi/RP/data/Unified_Dataset/splits/N2_PUB_TCIA_TBx_only_train.csv
📄 Val CSV:   /raid/candi/jiayi/RP/data/Unified_Dataset/splits/common_internal_evaluation.csv

Epoch 1/100
Curriculum/task status | Dense: 1 | Sparse TBx: 0 | Sys MIL: 0
Train | Loss: 0.7925 | L_Les: 0.7927 (Dense 1.0716, Sparse 0.0000, Sys 0.0000)
Val   | Loss: 0.3099 | Les-Dice: 0.1637 | Les-F1: 0.2019 | Patient-BAcc: 0.7091 | Region-BAcc: 0.5000
--- Lesion EM / Loss Multipliers ---
Dense: 0.993 | Sparse TBx: 0.000 | Sys MIL: 0.000
Selection metric (composite): 0.3841
--> Best Model Saved (Score: 0.3841)

Epoch 2/100
Curriculum/task status | Dense: 1 | Sparse TBx: 0 | Sys MIL: 0
Train | Loss: 0.7727 | L_Les: 0.7727 (Dense 0.9836, Sparse 0.0000, Sys 0.0000)
Val   | Loss: 0.2928 | Les-Dice: 0.2254 | Les-F1: 0.2473 | Patient-BAcc: 0.5190 | Region-BAcc: 0.5226
--- Lesion EM / Loss Multipliers ---
Dense: 0.998 | Sparse TBx: 0.000 | Sys MIL: 0.000
Selection metric (composite): 0.3731

Epoch 3/100
Curriculum/task status | Dense: 1 | Sparse TBx: 0 | Sys MIL: 0
Train | Loss: 0.7128 | L_Les: 0.7130 (Dense 0.9326, Sparse 0.0000, Sys 0.0000)
Val   | Loss: 0.2907 | Les-Dice: 0.2145 | Les-F1: 0.2319 | Patient-BAcc: 0.5000 | Region-BAcc: 0.5274
--- Lesion EM / Loss Multipliers ---
Dense: 1.011 | Sparse TBx: 0.000 | Sys MIL: 0.000
Selection metric (composite): 0.3641

Epoch 4/100
Curriculum/task status | Dense: 1 | Sparse TBx: 0 | Sys MIL: 0
Train | Loss: 0.6891 | L_Les: 0.6904 (Dense 0.9012, Sparse 0.0000, Sys 0.0000)
Val   | Loss: 0.2729 | Les-Dice: 0.2484 | Les-F1: 0.2787 | Patient-BAcc: 0.4964 | Region-BAcc: 0.4858
--- Lesion EM / Loss Multipliers ---
Dense: 1.026 | Sparse TBx: 0.000 | Sys MIL: 0.000
Selection metric (composite): 0.3698

Epoch 5/100
Curriculum/task status | Dense: 1 | Sparse TBx: 0 | Sys MIL: 0
Train | Loss: 0.6567 | L_Les: 0.6595 (Dense 0.8770, Sparse 0.0000, Sys 0.0000)
Val   | Loss: 0.2658 | Les-Dice: 0.2577 | Les-F1: 0.2949 | Patient-BAcc: 0.5012 | Region-BAcc: 0.5536
--- Lesion EM / Loss Multipliers ---
Dense: 1.041 | Sparse TBx: 0.000 | Sys MIL: 0.000
Selection metric (composite): 0.3926
--> Best Model Saved (Score: 0.3926)

Epoch 6/100
Curriculum/task status | Dense: 1 | Sparse TBx: 0 | Sys MIL: 0
Train | Loss: 0.6689 | L_Les: 0.6731 (Dense 0.8596, Sparse 0.0000, Sys 0.0000)
Val   | Loss: 0.2608 | Les-Dice: 0.2670 | Les-F1: 0.3003 | Patient-BAcc: 0.5000 | Region-BAcc: 0.5498
--- Lesion EM / Loss Multipliers ---
Dense: 1.056 | Sparse TBx: 0.000 | Sys MIL: 0.000
Selection metric (composite): 0.3960
--> Best Model Saved (Score: 0.3960)

Epoch 7/100
Curriculum/task status | Dense: 1 | Sparse TBx: 0 | Sys MIL: 0
Train | Loss: 0.6311 | L_Les: 0.6375 (Dense 0.8413, Sparse 0.0000, Sys 0.0000)
Val   | Loss: 0.2515 | Les-Dice: 0.2930 | Les-F1: 0.3235 | Patient-BAcc: 0.5040 | Region-BAcc: 0.5314
--- Lesion EM / Loss Multipliers ---
Dense: 1.072 | Sparse TBx: 0.000 | Sys MIL: 0.000
Selection metric (composite): 0.4053
--> Best Model Saved (Score: 0.4053)

Epoch 8/100
Curriculum/task status | Dense: 1 | Sparse TBx: 0 | Sys MIL: 0
Train | Loss: 0.6375 | L_Les: 0.6455 (Dense 0.8332, Sparse 0.0000, Sys 0.0000)
Val   | Loss: 0.2483 | Les-Dice: 0.2946 | Les-F1: 0.3400 | Patient-BAcc: 0.5063 | Region-BAcc: 0.5493
--- Lesion EM / Loss Multipliers ---
Dense: 1.085 | Sparse TBx: 0.000 | Sys MIL: 0.000
Selection metric (composite): 0.4112
--> Best Model Saved (Score: 0.4112)

Epoch 9/100
Curriculum/task status | Dense: 1 | Sparse TBx: 0 | Sys MIL: 0
Train | Loss: 0.6165 | L_Les: 0.6264 (Dense 0.8244, Sparse 0.0000, Sys 0.0000)
Val   | Loss: 0.2490 | Les-Dice: 0.2921 | Les-F1: 0.3294 | Patient-BAcc: 0.5020 | Region-BAcc: 0.5395
--- Lesion EM / Loss Multipliers ---
Dense: 1.100 | Sparse TBx: 0.000 | Sys MIL: 0.000
Selection metric (composite): 0.4064

Epoch 10/100
Curriculum/task status | Dense: 1 | Sparse TBx: 0 | Sys MIL: 0
Train | Loss: 0.6149 | L_Les: 0.6258 (Dense 0.8201, Sparse 0.0000, Sys 0.0000)
Val   | Loss: 0.2445 | Les-Dice: 0.3021 | Les-F1: 0.3425 | Patient-BAcc: 0.5012 | Region-BAcc: 0.5600
--- Lesion EM / Loss Multipliers ---
Dense: 1.112 | Sparse TBx: 0.000 | Sys MIL: 0.000
Selection metric (composite): 0.4163
--> Best Model Saved (Score: 0.4163)

Epoch 11/100
Curriculum/task status | Dense: 1 | Sparse TBx: 0 | Sys MIL: 0
Train | Loss: 0.6086 | L_Les: 0.6215 (Dense 0.8061, Sparse 0.0000, Sys 0.0000)
Val   | Loss: 0.2453 | Les-Dice: 0.2982 | Les-F1: 0.3408 | Patient-BAcc: 0.4944 | Region-BAcc: 0.5500
--- Lesion EM / Loss Multipliers ---
Dense: 1.124 | Sparse TBx: 0.000 | Sys MIL: 0.000
Selection metric (composite): 0.4102

Epoch 12/100
Curriculum/task status | Dense: 1 | Sparse TBx: 0 | Sys MIL: 0
Train | Loss: 0.6248 | L_Les: 0.6397 (Dense 0.7941, Sparse 0.0000, Sys 0.0000)
Val   | Loss: 0.2450 | Les-Dice: 0.2987 | Les-F1: 0.3413 | Patient-BAcc: 0.5048 | Region-BAcc: 0.5760
--- Lesion EM / Loss Multipliers ---
Dense: 1.136 | Sparse TBx: 0.000 | Sys MIL: 0.000
Selection metric (composite): 0.4195
--> Best Model Saved (Score: 0.4195)

Epoch 13/100
Curriculum/task status | Dense: 1 | Sparse TBx: 0 | Sys MIL: 0
Train | Loss: 0.5820 | L_Les: 0.5975 (Dense 0.7897, Sparse 0.0000, Sys 0.0000)
Val   | Loss: 0.2365 | Les-Dice: 0.3187 | Les-F1: 0.3595 | Patient-BAcc: 0.4976 | Region-BAcc: 0.5268
--- Lesion EM / Loss Multipliers ---
Dense: 1.148 | Sparse TBx: 0.000 | Sys MIL: 0.000
Selection metric (composite): 0.4155

Epoch 14/100
Curriculum/task status | Dense: 1 | Sparse TBx: 0 | Sys MIL: 0
Train | Loss: 0.5899 | L_Les: 0.6081 (Dense 0.7834, Sparse 0.0000, Sys 0.0000)
Val   | Loss: 0.2429 | Les-Dice: 0.2991 | Les-F1: 0.3469 | Patient-BAcc: 0.5048 | Region-BAcc: 0.5409
--- Lesion EM / Loss Multipliers ---
Dense: 1.159 | Sparse TBx: 0.000 | Sys MIL: 0.000
Selection metric (composite): 0.4109

Epoch 15/100
Curriculum/task status | Dense: 1 | Sparse TBx: 1 | Sys MIL: 0
Train | Loss: 1.6611 | L_Les: 1.6632 (Dense 0.9099, Sparse 0.9590, Sys 0.0000)
Val   | Loss: 0.8828 | Les-Dice: 0.2922 | Les-F1: 0.3313 | Patient-BAcc: 0.7060 | Region-BAcc: 0.5155
--- Lesion EM / Loss Multipliers ---
Dense: 1.154 | Sparse TBx: 1.000 | Sys MIL: 0.000
Selection metric (composite): 0.4515
--> Best Model Saved (Score: 0.4515)

Epoch 16/100
Curriculum/task status | Dense: 1 | Sparse TBx: 1 | Sys MIL: 0
Train | Loss: 1.4843 | L_Les: 1.4974 (Dense 0.8190, Sparse 0.8751, Sys 0.0000)
Val   | Loss: 0.8836 | Les-Dice: 0.3021 | Les-F1: 0.3339 | Patient-BAcc: 0.5448 | Region-BAcc: 0.5566
--- Lesion EM / Loss Multipliers ---
Dense: 1.159 | Sparse TBx: 1.006 | Sys MIL: 0.000
Selection metric (composite): 0.4264

Epoch 17/100
Curriculum/task status | Dense: 1 | Sparse TBx: 1 | Sys MIL: 0
Train | Loss: 1.4461 | L_Les: 1.4634 (Dense 0.7971, Sparse 0.8644, Sys 0.0000)
Val   | Loss: 0.8711 | Les-Dice: 0.3197 | Les-F1: 0.3650 | Patient-BAcc: 0.6730 | Region-BAcc: 0.5226
--- Lesion EM / Loss Multipliers ---
Dense: 1.167 | Sparse TBx: 1.012 | Sys MIL: 0.000
Selection metric (composite): 0.4587
--> Best Model Saved (Score: 0.4587)

Epoch 18/100
Curriculum/task status | Dense: 1 | Sparse TBx: 1 | Sys MIL: 0
Train | Loss: 1.4795 | L_Les: 1.4975 (Dense 0.7965, Sparse 0.8584, Sys 0.0000)
Val   | Loss: 0.8538 | Les-Dice: 0.3192 | Les-F1: 0.3547 | Patient-BAcc: 0.6067 | Region-BAcc: 0.5238
--- Lesion EM / Loss Multipliers ---
Dense: 1.175 | Sparse TBx: 1.020 | Sys MIL: 0.000
Selection metric (composite): 0.4423

Epoch 19/100
Curriculum/task status | Dense: 1 | Sparse TBx: 1 | Sys MIL: 0
Train | Loss: 1.4301 | L_Les: 1.4519 (Dense 0.7841, Sparse 0.8541, Sys 0.0000)
Val   | Loss: 0.8556 | Les-Dice: 0.3285 | Les-F1: 0.3665 | Patient-BAcc: 0.6726 | Region-BAcc: 0.5222
--- Lesion EM / Loss Multipliers ---
Dense: 1.183 | Sparse TBx: 1.028 | Sys MIL: 0.000
Selection metric (composite): 0.4630
--> Best Model Saved (Score: 0.4630)

Epoch 20/100
Curriculum/task status | Dense: 1 | Sparse TBx: 1 | Sys MIL: 0
Train | Loss: 1.4075 | L_Les: 1.4307 (Dense 0.7870, Sparse 0.8527, Sys 0.0000)
Val   | Loss: 0.8600 | Les-Dice: 0.3021 | Les-F1: 0.3395 | Patient-BAcc: 0.6956 | Region-BAcc: 0.5189
--- Lesion EM / Loss Multipliers ---
Dense: 1.192 | Sparse TBx: 1.036 | Sys MIL: 0.000
Selection metric (composite): 0.4547

Epoch 21/100
Curriculum/task status | Dense: 1 | Sparse TBx: 1 | Sys MIL: 0
Train | Loss: 1.4063 | L_Les: 1.4327 (Dense 0.7743, Sparse 0.8466, Sys 0.0000)
Val   | Loss: 0.8528 | Les-Dice: 0.3125 | Les-F1: 0.3589 | Patient-BAcc: 0.6504 | Region-BAcc: 0.5156
--- Lesion EM / Loss Multipliers ---
Dense: 1.201 | Sparse TBx: 1.044 | Sys MIL: 0.000
Selection metric (composite): 0.4477

Epoch 22/100
Curriculum/task status | Dense: 1 | Sparse TBx: 1 | Sys MIL: 0
Train | Loss: 1.4072 | L_Les: 1.4344 (Dense 0.7751, Sparse 0.8484, Sys 0.0000)
Val   | Loss: 0.8463 | Les-Dice: 0.3155 | Les-F1: 0.3524 | Patient-BAcc: 0.6885 | Region-BAcc: 0.5223
--- Lesion EM / Loss Multipliers ---
Dense: 1.208 | Sparse TBx: 1.052 | Sys MIL: 0.000
Selection metric (composite): 0.4604

Epoch 23/100
Curriculum/task status | Dense: 1 | Sparse TBx: 1 | Sys MIL: 0
Train | Loss: 1.3853 | L_Les: 1.4139 (Dense 0.7668, Sparse 0.8491, Sys 0.0000)
Val   | Loss: 0.8448 | Les-Dice: 0.3189 | Les-F1: 0.3561 | Patient-BAcc: 0.6036 | Region-BAcc: 0.5184
--- Lesion EM / Loss Multipliers ---
Dense: 1.215 | Sparse TBx: 1.059 | Sys MIL: 0.000
Selection metric (composite): 0.4400

Epoch 24/100
Curriculum/task status | Dense: 1 | Sparse TBx: 1 | Sys MIL: 0
Train | Loss: 1.4043 | L_Les: 1.4343 (Dense 0.7671, Sparse 0.8423, Sys 0.0000)
Val   | Loss: 0.8454 | Les-Dice: 0.3080 | Les-F1: 0.3482 | Patient-BAcc: 0.6012 | Region-BAcc: 0.5221
--- Lesion EM / Loss Multipliers ---
Dense: 1.223 | Sparse TBx: 1.065 | Sys MIL: 0.000
Selection metric (composite): 0.4348

Epoch 25/100
Curriculum/task status | Dense: 1 | Sparse TBx: 1 | Sys MIL: 0
Train | Loss: 1.4144 | L_Les: 1.4479 (Dense 0.7622, Sparse 0.8478, Sys 0.0000)
Val   | Loss: 0.8382 | Les-Dice: 0.3313 | Les-F1: 0.3692 | Patient-BAcc: 0.5746 | Region-BAcc: 0.5294
--- Lesion EM / Loss Multipliers ---
Dense: 1.230 | Sparse TBx: 1.072 | Sys MIL: 0.000
Selection metric (composite): 0.4416

Epoch 26/100
Curriculum/task status | Dense: 1 | Sparse TBx: 1 | Sys MIL: 0
Train | Loss: 1.4181 | L_Les: 1.4514 (Dense 0.7540, Sparse 0.8429, Sys 0.0000)
Val   | Loss: 0.8480 | Les-Dice: 0.3076 | Les-F1: 0.3581 | Patient-BAcc: 0.6210 | Region-BAcc: 0.5268
--- Lesion EM / Loss Multipliers ---
Dense: 1.237 | Sparse TBx: 1.077 | Sys MIL: 0.000
Selection metric (composite): 0.4408

Epoch 27/100
Curriculum/task status | Dense: 1 | Sparse TBx: 1 | Sys MIL: 0
Train | Loss: 1.3868 | L_Les: 1.4192 (Dense 0.7591, Sparse 0.8372, Sys 0.0000)
Val   | Loss: 0.8377 | Les-Dice: 0.3302 | Les-F1: 0.3752 | Patient-BAcc: 0.6790 | Region-BAcc: 0.5159
--- Lesion EM / Loss Multipliers ---
Dense: 1.242 | Sparse TBx: 1.083 | Sys MIL: 0.000
Selection metric (composite): 0.4638
--> Best Model Saved (Score: 0.4638)

Epoch 28/100
Curriculum/task status | Dense: 1 | Sparse TBx: 1 | Sys MIL: 0
Train | Loss: 1.3839 | L_Les: 1.4206 (Dense 0.7533, Sparse 0.8352, Sys 0.0000)
Val   | Loss: 0.8387 | Les-Dice: 0.3251 | Les-F1: 0.3658 | Patient-BAcc: 0.6901 | Region-BAcc: 0.5219
--- Lesion EM / Loss Multipliers ---
Dense: 1.248 | Sparse TBx: 1.089 | Sys MIL: 0.000
Selection metric (composite): 0.4656
--> Best Model Saved (Score: 0.4656)

Epoch 29/100
Curriculum/task status | Dense: 1 | Sparse TBx: 1 | Sys MIL: 0
Train | Loss: 1.3599 | L_Les: 1.3989 (Dense 0.7447, Sparse 0.8289, Sys 0.0000)
Val   | Loss: 0.8449 | Les-Dice: 0.3172 | Les-F1: 0.3631 | Patient-BAcc: 0.7079 | Region-BAcc: 0.5174
--- Lesion EM / Loss Multipliers ---
Dense: 1.254 | Sparse TBx: 1.096 | Sys MIL: 0.000
Selection metric (composite): 0.4649

Epoch 30/100
Curriculum/task status | Dense: 1 | Sparse TBx: 1 | Sys MIL: 0
Train | Loss: 1.3778 | L_Les: 1.4163 (Dense 0.7520, Sparse 0.8279, Sys 0.0000)
Val   | Loss: 0.8441 | Les-Dice: 0.3285 | Les-F1: 0.3780 | Patient-BAcc: 0.6000 | Region-BAcc: 0.5472
--- Lesion EM / Loss Multipliers ---
Dense: 1.259 | Sparse TBx: 1.101 | Sys MIL: 0.000
Selection metric (composite): 0.4511

Epoch 31/100
Curriculum/task status | Dense: 1 | Sparse TBx: 1 | Sys MIL: 0
Train | Loss: 1.3842 | L_Les: 1.4241 (Dense 0.7465, Sparse 0.8291, Sys 0.0000)
Val   | Loss: 0.8406 | Les-Dice: 0.3307 | Les-F1: 0.3723 | Patient-BAcc: 0.6540 | Region-BAcc: 0.5353
--- Lesion EM / Loss Multipliers ---
Dense: 1.264 | Sparse TBx: 1.106 | Sys MIL: 0.000
Selection metric (composite): 0.4627

Epoch 32/100
Curriculum/task status | Dense: 1 | Sparse TBx: 1 | Sys MIL: 0
Train | Loss: 1.3561 | L_Les: 1.4000 (Dense 0.7368, Sparse 0.8328, Sys 0.0000)
Val   | Loss: 0.8366 | Les-Dice: 0.3295 | Les-F1: 0.3783 | Patient-BAcc: 0.6270 | Region-BAcc: 0.5375
--- Lesion EM / Loss Multipliers ---
Dense: 1.270 | Sparse TBx: 1.112 | Sys MIL: 0.000
Selection metric (composite): 0.4559

Epoch 33/100
Curriculum/task status | Dense: 1 | Sparse TBx: 1 | Sys MIL: 0
Train | Loss: 1.3446 | L_Les: 1.3867 (Dense 0.7379, Sparse 0.8251, Sys 0.0000)
Val   | Loss: 0.8377 | Les-Dice: 0.3262 | Les-F1: 0.3704 | Patient-BAcc: 0.5849 | Region-BAcc: 0.5416
--- Lesion EM / Loss Multipliers ---
Dense: 1.276 | Sparse TBx: 1.116 | Sys MIL: 0.000
Selection metric (composite): 0.4447

Epoch 34/100
Curriculum/task status | Dense: 1 | Sparse TBx: 1 | Sys MIL: 0
Train | Loss: 1.3317 | L_Les: 1.3749 (Dense 0.7415, Sparse 0.8191, Sys 0.0000)
Val   | Loss: 0.8446 | Les-Dice: 0.3155 | Les-F1: 0.3567 | Patient-BAcc: 0.6135 | Region-BAcc: 0.5375
--- Lesion EM / Loss Multipliers ---
Dense: 1.280 | Sparse TBx: 1.121 | Sys MIL: 0.000
Selection metric (composite): 0.4455

Epoch 35/100
Curriculum/task status | Dense: 1 | Sparse TBx: 1 | Sys MIL: 0
Train | Loss: 1.3268 | L_Les: 1.3737 (Dense 0.7304, Sparse 0.8202, Sys 0.0000)
Val   | Loss: 0.8363 | Les-Dice: 0.3397 | Les-F1: 0.3808 | Patient-BAcc: 0.6270 | Region-BAcc: 0.5487
--- Lesion EM / Loss Multipliers ---
Dense: 1.284 | Sparse TBx: 1.127 | Sys MIL: 0.000
Selection metric (composite): 0.4638

Epoch 36/100
Curriculum/task status | Dense: 1 | Sparse TBx: 1 | Sys MIL: 0
Train | Loss: 1.3384 | L_Les: 1.3832 (Dense 0.7298, Sparse 0.8179, Sys 0.0000)
Val   | Loss: 0.8429 | Les-Dice: 0.3372 | Les-F1: 0.3834 | Patient-BAcc: 0.6452 | Region-BAcc: 0.5442
--- Lesion EM / Loss Multipliers ---
Dense: 1.289 | Sparse TBx: 1.131 | Sys MIL: 0.000
Selection metric (composite): 0.4659
--> Best Model Saved (Score: 0.4659)

Epoch 37/100
Curriculum/task status | Dense: 1 | Sparse TBx: 1 | Sys MIL: 0
Train | Loss: 1.3346 | L_Les: 1.3828 (Dense 0.7208, Sparse 0.8136, Sys 0.0000)
Val   | Loss: 0.8597 | Les-Dice: 0.3212 | Les-F1: 0.3726 | Patient-BAcc: 0.5623 | Region-BAcc: 0.5889
--- Lesion EM / Loss Multipliers ---
Dense: 1.294 | Sparse TBx: 1.135 | Sys MIL: 0.000
Selection metric (composite): 0.4484

Epoch 38/100
Curriculum/task status | Dense: 1 | Sparse TBx: 1 | Sys MIL: 0
Train | Loss: 1.3025 | L_Les: 1.3531 (Dense 0.7201, Sparse 0.8108, Sys 0.0000)
Val   | Loss: 0.8598 | Les-Dice: 0.3254 | Les-F1: 0.3764 | Patient-BAcc: 0.5960 | Region-BAcc: 0.5381
--- Lesion EM / Loss Multipliers ---
Dense: 1.299 | Sparse TBx: 1.139 | Sys MIL: 0.000
Selection metric (composite): 0.4462

Epoch 39/100
Curriculum/task status | Dense: 1 | Sparse TBx: 1 | Sys MIL: 0
Train | Loss: 1.2818 | L_Les: 1.3323 (Dense 0.7236, Sparse 0.8113, Sys 0.0000)
Val   | Loss: 0.8422 | Les-Dice: 0.3371 | Les-F1: 0.3835 | Patient-BAcc: 0.6571 | Region-BAcc: 0.5083
--- Lesion EM / Loss Multipliers ---
Dense: 1.304 | Sparse TBx: 1.143 | Sys MIL: 0.000
Selection metric (composite): 0.4599

Epoch 40/100
Curriculum/task status | Dense: 1 | Sparse TBx: 1 | Sys MIL: 0
Train | Loss: 1.2844 | L_Les: 1.3385 (Dense 0.7144, Sparse 0.8041, Sys 0.0000)
Val   | Loss: 0.8525 | Les-Dice: 0.3037 | Les-F1: 0.3575 | Patient-BAcc: 0.6143 | Region-BAcc: 0.5323
--- Lesion EM / Loss Multipliers ---
Dense: 1.309 | Sparse TBx: 1.147 | Sys MIL: 0.000
Selection metric (composite): 0.4385

Epoch 41/100
Curriculum/task status | Dense: 1 | Sparse TBx: 1 | Sys MIL: 0
Train | Loss: 1.3258 | L_Les: 1.3824 (Dense 0.7185, Sparse 0.8001, Sys 0.0000)
Val   | Loss: 0.8816 | Les-Dice: 0.2972 | Les-F1: 0.3545 | Patient-BAcc: 0.6206 | Region-BAcc: 0.5458
--- Lesion EM / Loss Multipliers ---
Dense: 1.313 | Sparse TBx: 1.152 | Sys MIL: 0.000
Selection metric (composite): 0.4402

Epoch 42/100
Curriculum/task status | Dense: 1 | Sparse TBx: 1 | Sys MIL: 0
Train | Loss: 1.3017 | L_Les: 1.3578 (Dense 0.7059, Sparse 0.7991, Sys 0.0000)
Val   | Loss: 0.8486 | Les-Dice: 0.3279 | Les-F1: 0.3703 | Patient-BAcc: 0.6302 | Region-BAcc: 0.5782
--- Lesion EM / Loss Multipliers ---
Dense: 1.318 | Sparse TBx: 1.155 | Sys MIL: 0.000
Selection metric (composite): 0.4661
--> Best Model Saved (Score: 0.4661)

Epoch 43/100
Curriculum/task status | Dense: 1 | Sparse TBx: 1 | Sys MIL: 0
Train | Loss: 1.2656 | L_Les: 1.3260 (Dense 0.7043, Sparse 0.7989, Sys 0.0000)
Val   | Loss: 0.8669 | Les-Dice: 0.3209 | Les-F1: 0.3715 | Patient-BAcc: 0.6298 | Region-BAcc: 0.5564
--- Lesion EM / Loss Multipliers ---
Dense: 1.323 | Sparse TBx: 1.159 | Sys MIL: 0.000
Selection metric (composite): 0.4570

Epoch 44/100
Curriculum/task status | Dense: 1 | Sparse TBx: 1 | Sys MIL: 0
Train | Loss: 1.2531 | L_Les: 1.3120 (Dense 0.6977, Sparse 0.8023, Sys 0.0000)
Val   | Loss: 0.8685 | Les-Dice: 0.3183 | Les-F1: 0.3723 | Patient-BAcc: 0.6254 | Region-BAcc: 0.5673
--- Lesion EM / Loss Multipliers ---
Dense: 1.327 | Sparse TBx: 1.164 | Sys MIL: 0.000
Selection metric (composite): 0.4573

Epoch 45/100
Curriculum/task status | Dense: 1 | Sparse TBx: 1 | Sys MIL: 0
Train | Loss: 1.2566 | L_Les: 1.3181 (Dense 0.6964, Sparse 0.7887, Sys 0.0000)
Val   | Loss: 0.8785 | Les-Dice: 0.3121 | Les-F1: 0.3799 | Patient-BAcc: 0.5595 | Region-BAcc: 0.5478
--- Lesion EM / Loss Multipliers ---
Dense: 1.331 | Sparse TBx: 1.168 | Sys MIL: 0.000
Selection metric (composite): 0.4329

Epoch 46/100
Curriculum/task status | Dense: 1 | Sparse TBx: 1 | Sys MIL: 0
Train | Loss: 1.2619 | L_Les: 1.3225 (Dense 0.6930, Sparse 0.7958, Sys 0.0000)
Val   | Loss: 0.8614 | Les-Dice: 0.3337 | Les-F1: 0.3863 | Patient-BAcc: 0.5528 | Region-BAcc: 0.6045
--- Lesion EM / Loss Multipliers ---
Dense: 1.335 | Sparse TBx: 1.171 | Sys MIL: 0.000
Selection metric (composite): 0.4562

Epoch 47/100
Curriculum/task status | Dense: 1 | Sparse TBx: 1 | Sys MIL: 0
Train | Loss: 1.2619 | L_Les: 1.3323 (Dense 0.6915, Sparse 0.7722, Sys 0.0000)
Val   | Loss: 0.8484 | Les-Dice: 0.3242 | Les-F1: 0.3696 | Patient-BAcc: 0.5798 | Region-BAcc: 0.5812
--- Lesion EM / Loss Multipliers ---
Dense: 1.340 | Sparse TBx: 1.175 | Sys MIL: 0.000
Selection metric (composite): 0.4523

Epoch 48/100
Curriculum/task status | Dense: 1 | Sparse TBx: 1 | Sys MIL: 0
Train | Loss: 1.2310 | L_Les: 1.3008 (Dense 0.6900, Sparse 0.7758, Sys 0.0000)
Val   | Loss: 0.8615 | Les-Dice: 0.3273 | Les-F1: 0.3759 | Patient-BAcc: 0.5679 | Region-BAcc: 0.5892
--- Lesion EM / Loss Multipliers ---
Dense: 1.345 | Sparse TBx: 1.180 | Sys MIL: 0.000
Selection metric (composite): 0.4529

Epoch 49/100
Curriculum/task status | Dense: 1 | Sparse TBx: 1 | Sys MIL: 0
Train | Loss: 1.2593 | L_Les: 1.3293 (Dense 0.6911, Sparse 0.7701, Sys 0.0000)
Val   | Loss: 0.9043 | Les-Dice: 0.3046 | Les-F1: 0.3629 | Patient-BAcc: 0.6107 | Region-BAcc: 0.5689
--- Lesion EM / Loss Multipliers ---
Dense: 1.349 | Sparse TBx: 1.184 | Sys MIL: 0.000
Selection metric (composite): 0.4472

Epoch 50/100
Curriculum/task status | Dense: 1 | Sparse TBx: 1 | Sys MIL: 0
Train | Loss: 1.2200 | L_Les: 1.2907 (Dense 0.6746, Sparse 0.7701, Sys 0.0000)
Val   | Loss: 0.8703 | Les-Dice: 0.3074 | Les-F1: 0.3644 | Patient-BAcc: 0.5802 | Region-BAcc: 0.5565
--- Lesion EM / Loss Multipliers ---
Dense: 1.354 | Sparse TBx: 1.187 | Sys MIL: 0.000
Selection metric (composite): 0.4379

Epoch 51/100
Curriculum/task status | Dense: 1 | Sparse TBx: 1 | Sys MIL: 0
Train | Loss: 1.2381 | L_Les: 1.3158 (Dense 0.6713, Sparse 0.7668, Sys 0.0000)
Val   | Loss: 0.8673 | Les-Dice: 0.3188 | Les-F1: 0.3717 | Patient-BAcc: 0.5897 | Region-BAcc: 0.5507
--- Lesion EM / Loss Multipliers ---
Dense: 1.358 | Sparse TBx: 1.191 | Sys MIL: 0.000
Selection metric (composite): 0.4445

Epoch 52/100
Curriculum/task status | Dense: 1 | Sparse TBx: 1 | Sys MIL: 0
Train | Loss: 1.2151 | L_Les: 1.2910 (Dense 0.6796, Sparse 0.7565, Sys 0.0000)
Val   | Loss: 0.9077 | Les-Dice: 0.3209 | Les-F1: 0.3674 | Patient-BAcc: 0.5357 | Region-BAcc: 0.5484
--- Lesion EM / Loss Multipliers ---
Dense: 1.362 | Sparse TBx: 1.195 | Sys MIL: 0.000
Selection metric (composite): 0.4315

Epoch 53/100
Curriculum/task status | Dense: 1 | Sparse TBx: 1 | Sys MIL: 0
Train | Loss: 1.1893 | L_Les: 1.2675 (Dense 0.6750, Sparse 0.7477, Sys 0.0000)
Val   | Loss: 0.8951 | Les-Dice: 0.3262 | Les-F1: 0.3771 | Patient-BAcc: 0.5508 | Region-BAcc: 0.5564
--- Lesion EM / Loss Multipliers ---
Dense: 1.365 | Sparse TBx: 1.200 | Sys MIL: 0.000
Selection metric (composite): 0.4399

Epoch 54/100
Curriculum/task status | Dense: 1 | Sparse TBx: 1 | Sys MIL: 0
Train | Loss: 1.1547 | L_Les: 1.2480 (Dense 0.6599, Sparse 0.7452, Sys 0.0000)
Val   | Loss: 0.9116 | Les-Dice: 0.3074 | Les-F1: 0.3665 | Patient-BAcc: 0.5671 | Region-BAcc: 0.5734
--- Lesion EM / Loss Multipliers ---
Dense: 1.371 | Sparse TBx: 1.205 | Sys MIL: 0.000
Selection metric (composite): 0.4388

Epoch 55/100
Curriculum/task status | Dense: 1 | Sparse TBx: 1 | Sys MIL: 0
Train | Loss: 1.1887 | L_Les: 1.2724 (Dense 0.6659, Sparse 0.7416, Sys 0.0000)
Val   | Loss: 0.8978 | Les-Dice: 0.3017 | Les-F1: 0.3603 | Patient-BAcc: 0.5381 | Region-BAcc: 0.5744
--- Lesion EM / Loss Multipliers ---
Dense: 1.375 | Sparse TBx: 1.209 | Sys MIL: 0.000
Selection metric (composite): 0.4289

Epoch 56/100
Curriculum/task status | Dense: 1 | Sparse TBx: 1 | Sys MIL: 0
Train | Loss: 1.1644 | L_Les: 1.2532 (Dense 0.6575, Sparse 0.7355, Sys 0.0000)
Val   | Loss: 0.9093 | Les-Dice: 0.3150 | Les-F1: 0.3680 | Patient-BAcc: 0.5631 | Region-BAcc: 0.5584
--- Lesion EM / Loss Multipliers ---
Dense: 1.379 | Sparse TBx: 1.213 | Sys MIL: 0.000
Selection metric (composite): 0.4379

Epoch 57/100
Curriculum/task status | Dense: 1 | Sparse TBx: 1 | Sys MIL: 0
Train | Loss: 1.1268 | L_Les: 1.2205 (Dense 0.6541, Sparse 0.7243, Sys 0.0000)
Val   | Loss: 0.8911 | Les-Dice: 0.3250 | Les-F1: 0.3801 | Patient-BAcc: 0.5464 | Region-BAcc: 0.5575
--- Lesion EM / Loss Multipliers ---
Dense: 1.383 | Sparse TBx: 1.219 | Sys MIL: 0.000
Selection metric (composite): 0.4385

Epoch 58/100
Curriculum/task status | Dense: 1 | Sparse TBx: 1 | Sys MIL: 0
Train | Loss: 1.1233 | L_Les: 1.2224 (Dense 0.6555, Sparse 0.7272, Sys 0.0000)
Val   | Loss: 0.9183 | Les-Dice: 0.3079 | Les-F1: 0.3658 | Patient-BAcc: 0.5262 | Region-BAcc: 0.5473
--- Lesion EM / Loss Multipliers ---
Dense: 1.387 | Sparse TBx: 1.223 | Sys MIL: 0.000
Selection metric (composite): 0.4223

Epoch 59/100
Curriculum/task status | Dense: 1 | Sparse TBx: 1 | Sys MIL: 0
Train | Loss: 1.1627 | L_Les: 1.2563 (Dense 0.6469, Sparse 0.7222, Sys 0.0000)
Val   | Loss: 0.8938 | Les-Dice: 0.3277 | Les-F1: 0.3752 | Patient-BAcc: 0.5250 | Region-BAcc: 0.5724
--- Lesion EM / Loss Multipliers ---
Dense: 1.391 | Sparse TBx: 1.226 | Sys MIL: 0.000
Selection metric (composite): 0.4382

Epoch 60/100
Curriculum/task status | Dense: 1 | Sparse TBx: 1 | Sys MIL: 0
Train | Loss: 1.0819 | L_Les: 1.1801 (Dense 0.6477, Sparse 0.7160, Sys 0.0000)
Val   | Loss: 0.9073 | Les-Dice: 0.3142 | Les-F1: 0.3711 | Patient-BAcc: 0.5242 | Region-BAcc: 0.5488
--- Lesion EM / Loss Multipliers ---
Dense: 1.395 | Sparse TBx: 1.230 | Sys MIL: 0.000
Selection metric (composite): 0.4253

Epoch 61/100
Curriculum/task status | Dense: 1 | Sparse TBx: 1 | Sys MIL: 0
Train | Loss: 1.0899 | L_Les: 1.1901 (Dense 0.6442, Sparse 0.7102, Sys 0.0000)
Val   | Loss: 0.9250 | Les-Dice: 0.3152 | Les-F1: 0.3718 | Patient-BAcc: 0.5250 | Region-BAcc: 0.5487
--- Lesion EM / Loss Multipliers ---
Dense: 1.398 | Sparse TBx: 1.235 | Sys MIL: 0.000
Selection metric (composite): 0.4260

Epoch 62/100
Curriculum/task status | Dense: 1 | Sparse TBx: 1 | Sys MIL: 0
Train | Loss: 1.0668 | L_Les: 1.1744 (Dense 0.6338, Sparse 0.7036, Sys 0.0000)
Val   | Loss: 0.9246 | Les-Dice: 0.3120 | Les-F1: 0.3648 | Patient-BAcc: 0.5508 | Region-BAcc: 0.5350
--- Lesion EM / Loss Multipliers ---
Dense: 1.402 | Sparse TBx: 1.239 | Sys MIL: 0.000
Selection metric (composite): 0.4275
Early stop triggered at epoch 62
