✅ Console outputs will be saved to: /raid/candi/jiayi/RP/Experiments/20260619_0751_N2_PUB_TCIA_TBxOnly_CommonEval_EM_LesDense_LesSparseTBx_Clamp_Curr_EMlrX10_LR0.0001_composite/console_output.log
--------------------------------------------------
Experiment Configurations:
BASE_DIR                        : /raid/candi/jiayi/RP
UNIFIED_DATA_DIR                : /raid/candi/jiayi/RP/data/Unified_Dataset
SPLIT_DIR                       : /raid/candi/jiayi/RP/data/Unified_Dataset/splits
EXP_DIR                         : /raid/candi/jiayi/RP/Experiments
EXPERIMENT_MODE                 : N2_PUB_TCIA_TBX_ONLY
COMMON_INTERNAL_VAL_CSV         : /raid/candi/jiayi/RP/data/Unified_Dataset/splits/common_internal_evaluation.csv
COMMON_BEST_MODEL_METRIC        : composite
TRAIN_CSV                       : /raid/candi/jiayi/RP/data/Unified_Dataset/splits/N2_PUB_TCIA_TBx_only_train.csv
VAL_CSV                         : /raid/candi/jiayi/RP/data/Unified_Dataset/splits/common_internal_evaluation.csv
TEST_CSV                        : /raid/candi/jiayi/RP/data/Unified_Dataset/splits/N2_PROMIS_external_val.csv
TASK                            : mixed
DATASET_TASK                    : mixed
USE_GRADE_TBX_TASK              : False
USE_GRADE_SBX_TASK              : False
USE_LESION_DENSE_TASK           : True
USE_LESION_SPARSE_TASK          : True
USE_LESION_SYS_TASK             : False
USE_GLAND_TASK                  : False
USE_EM_WEIGHTING                : True
USE_CURRICULUM                  : True
LESION_DENSE_START_EPOCH        : 1
LESION_SPARSE_START_EPOCH       : 10
LESION_SYS_START_EPOCH          : 1
BEST_MODEL_METRIC               : composite
EXPERIMENT_TAG                  : N2_PUB_TCIA_TBxOnly_CommonEval
TARGET_SPACING                  : [1.0, 1.0, 2.24]
CROP_SIZE_SITK                  : [64, 64, 32]
INPUT_SHAPE                     : (3, 32, 64, 64)
NEEDLE_RADIUS                   : 2
IN_CHANNELS                     : 3
NUM_CLASSES                     : 7
BASE_CHANNELS                   : 32
MAX_ZONES                       : 20
MIL_POOLING                     : lme
LME_R                           : 8.0
DROPOUT_RATE                    : 0.2
CSPC_THRESHOLD                  : 3
LESION_POSITIVE_THRESHOLD       : 3
INVALID_SYS_LABEL               : -1
PRED_PROB_THRESHOLD             : 0.5
DEVICE                          : cuda
SEED                            : 42
NUM_EPOCHS                      : 100
BATCH_SIZE                      : 4
NUM_WORKERS                     : 2
LR                              : 0.0001
WEIGHT_DECAY                    : 0.0001
LR_SCHEDULER                    : CosineAnnealing
EARLY_STOP_PATIENCE             : 20
GRAD_CLIP_NORM                  : 12.0
POS_WEIGHT_VAL                  : 2
SYS_POS_WEIGHT_VAL              : 1.0
SYS_FOCAL_ALPHA                 : 0.75
SYS_FOCAL_GAMMA                 : 2.0
USE_SYS_CLASS_BALANCED_BCE      : True
EM_LR_MULTIPLIER                : 10.0
USE_LOGVAR_CLAMP                : True
LOGVAR_MIN                      : -2.0
LOGVAR_MAX                      : 2.0
FIXED_LOSS_WEIGHTS              : {'grade_tbx': 0.0, 'grade_sbx': 0.0, 'lesion_dense': 1.0, 'lesion_sparse': 0.25, 'lesion_sys': 1.0, 'gland': 0.0}
TBX_POSITIVE_SOFT_LABEL         : 0.9
TBX_NEGATIVE_SOFT_LABEL         : 0.05
GRADE_TBX_START_EPOCH           : 1
GRADE_SBX_START_EPOCH           : 1
GLAND_START_EPOCH               : 1
LESION_W_SMALL                  : 5
USE_AUGMENTATION                : True
MASK_TARGET_IN_SYS              : True
VIS_SUBDIR                      : visualizations
--------------------------------------------------
📄 Train CSV: /raid/candi/jiayi/RP/data/Unified_Dataset/splits/N2_PUB_TCIA_TBx_only_train.csv
📄 Val CSV:   /raid/candi/jiayi/RP/data/Unified_Dataset/splits/common_internal_evaluation.csv

Epoch 1/100
Curriculum/task status | Dense: 1 | Sparse TBx: 0 | Sys MIL: 0
Train | Loss: 0.7921 | L_Les: 0.7929 (Dense 1.0719, Sparse 0.0000, Sys 0.0000)
Val   | Loss: 0.3102 | Les-Dice: 0.1625 | Les-F1: 0.2004 | Patient-BAcc: 0.6921 | Region-BAcc: 0.5000
--- Lesion EM / Loss Multipliers ---
Dense: 0.967 | Sparse TBx: 0.000 | Sys MIL: 0.000
Selection metric (composite): 0.3793
--> Best Model Saved (Score: 0.3793)

Epoch 2/100
Curriculum/task status | Dense: 1 | Sparse TBx: 0 | Sys MIL: 0
Train | Loss: 0.7713 | L_Les: 0.7713 (Dense 0.9815, Sparse 0.0000, Sys 0.0000)
Val   | Loss: 0.2915 | Les-Dice: 0.2258 | Les-F1: 0.2492 | Patient-BAcc: 0.5238 | Region-BAcc: 0.5242
--- Lesion EM / Loss Multipliers ---
Dense: 1.023 | Sparse TBx: 0.000 | Sys MIL: 0.000
Selection metric (composite): 0.3749

Epoch 3/100
Curriculum/task status | Dense: 1 | Sparse TBx: 0 | Sys MIL: 0
Train | Loss: 0.7091 | L_Les: 0.7109 (Dense 0.9300, Sparse 0.0000, Sys 0.0000)
Val   | Loss: 0.2906 | Les-Dice: 0.2146 | Les-F1: 0.2324 | Patient-BAcc: 0.5000 | Region-BAcc: 0.5213
--- Lesion EM / Loss Multipliers ---
Dense: 1.078 | Sparse TBx: 0.000 | Sys MIL: 0.000
Selection metric (composite): 0.3626

Epoch 4/100
Curriculum/task status | Dense: 1 | Sparse TBx: 0 | Sys MIL: 0
Train | Loss: 0.6837 | L_Les: 0.6880 (Dense 0.8984, Sparse 0.0000, Sys 0.0000)
Val   | Loss: 0.2688 | Les-Dice: 0.2570 | Les-F1: 0.2868 | Patient-BAcc: 0.4889 | Region-BAcc: 0.5104
--- Lesion EM / Loss Multipliers ---
Dense: 1.113 | Sparse TBx: 0.000 | Sys MIL: 0.000
Selection metric (composite): 0.3783

Epoch 5/100
Curriculum/task status | Dense: 1 | Sparse TBx: 0 | Sys MIL: 0
Train | Loss: 0.6508 | L_Les: 0.6572 (Dense 0.8740, Sparse 0.0000, Sys 0.0000)
Val   | Loss: 0.2640 | Les-Dice: 0.2595 | Les-F1: 0.2995 | Patient-BAcc: 0.5500 | Region-BAcc: 0.5584
--- Lesion EM / Loss Multipliers ---
Dense: 1.141 | Sparse TBx: 0.000 | Sys MIL: 0.000
Selection metric (composite): 0.4069
--> Best Model Saved (Score: 0.4069)

Epoch 6/100
Curriculum/task status | Dense: 1 | Sparse TBx: 0 | Sys MIL: 0
Train | Loss: 0.6660 | L_Les: 0.6736 (Dense 0.8584, Sparse 0.0000, Sys 0.0000)
Val   | Loss: 0.2553 | Les-Dice: 0.2797 | Les-F1: 0.3147 | Patient-BAcc: 0.5000 | Region-BAcc: 0.5216
--- Lesion EM / Loss Multipliers ---
Dense: 1.159 | Sparse TBx: 0.000 | Sys MIL: 0.000
Selection metric (composite): 0.3953

Epoch 7/100
Curriculum/task status | Dense: 1 | Sparse TBx: 0 | Sys MIL: 0
Train | Loss: 0.6246 | L_Les: 0.6359 (Dense 0.8388, Sparse 0.0000, Sys 0.0000)
Val   | Loss: 0.2481 | Les-Dice: 0.2949 | Les-F1: 0.3294 | Patient-BAcc: 0.5190 | Region-BAcc: 0.5566
--- Lesion EM / Loss Multipliers ---
Dense: 1.190 | Sparse TBx: 0.000 | Sys MIL: 0.000
Selection metric (composite): 0.4164
--> Best Model Saved (Score: 0.4164)

Epoch 8/100
Curriculum/task status | Dense: 1 | Sparse TBx: 0 | Sys MIL: 0
Train | Loss: 0.6353 | L_Les: 0.6474 (Dense 0.8350, Sparse 0.0000, Sys 0.0000)
Val   | Loss: 0.2455 | Les-Dice: 0.2949 | Les-F1: 0.3483 | Patient-BAcc: 0.5337 | Region-BAcc: 0.5596
--- Lesion EM / Loss Multipliers ---
Dense: 1.196 | Sparse TBx: 0.000 | Sys MIL: 0.000
Selection metric (composite): 0.4208
--> Best Model Saved (Score: 0.4208)

Epoch 9/100
Curriculum/task status | Dense: 1 | Sparse TBx: 0 | Sys MIL: 0
Train | Loss: 0.6143 | L_Les: 0.6284 (Dense 0.8260, Sparse 0.0000, Sys 0.0000)
Val   | Loss: 0.2465 | Les-Dice: 0.2932 | Les-F1: 0.3310 | Patient-BAcc: 0.5210 | Region-BAcc: 0.5573
--- Lesion EM / Loss Multipliers ---
Dense: 1.217 | Sparse TBx: 0.000 | Sys MIL: 0.000
Selection metric (composite): 0.4162

Epoch 10/100
Curriculum/task status | Dense: 1 | Sparse TBx: 1 | Sys MIL: 0
Train | Loss: 1.7038 | L_Les: 1.6997 (Dense 0.9628, Sparse 0.9474, Sys 0.0000)
Val   | Loss: 0.8923 | Les-Dice: 0.2882 | Les-F1: 0.3278 | Patient-BAcc: 0.6996 | Region-BAcc: 0.5225
--- Lesion EM / Loss Multipliers ---
Dense: 1.094 | Sparse TBx: 1.015 | Sys MIL: 0.000
Selection metric (composite): 0.4496
--> Best Model Saved (Score: 0.4496)

Epoch 11/100
Curriculum/task status | Dense: 1 | Sparse TBx: 1 | Sys MIL: 0
Train | Loss: 1.5366 | L_Les: 1.5481 (Dense 0.8540, Sparse 0.8769, Sys 0.0000)
Val   | Loss: 0.8821 | Les-Dice: 0.2834 | Les-F1: 0.3291 | Patient-BAcc: 0.6897 | Region-BAcc: 0.5326
--- Lesion EM / Loss Multipliers ---
Dense: 1.150 | Sparse TBx: 1.060 | Sys MIL: 0.000
Selection metric (composite): 0.4473

Epoch 12/100
Curriculum/task status | Dense: 1 | Sparse TBx: 1 | Sys MIL: 0
Train | Loss: 1.5269 | L_Les: 1.5457 (Dense 0.8269, Sparse 0.8685, Sys 0.0000)
Val   | Loss: 0.9134 | Les-Dice: 0.2793 | Les-F1: 0.3223 | Patient-BAcc: 0.6448 | Region-BAcc: 0.5407
--- Lesion EM / Loss Multipliers ---
Dense: 1.194 | Sparse TBx: 1.096 | Sys MIL: 0.000
Selection metric (composite): 0.4360

Epoch 13/100
Curriculum/task status | Dense: 1 | Sparse TBx: 1 | Sys MIL: 0
Train | Loss: 1.4616 | L_Les: 1.4832 (Dense 0.8192, Sparse 0.8634, Sys 0.0000)
Val   | Loss: 0.8598 | Les-Dice: 0.2990 | Les-F1: 0.3379 | Patient-BAcc: 0.6242 | Region-BAcc: 0.5409
--- Lesion EM / Loss Multipliers ---
Dense: 1.208 | Sparse TBx: 1.118 | Sys MIL: 0.000
Selection metric (composite): 0.4408

Epoch 14/100
Curriculum/task status | Dense: 1 | Sparse TBx: 1 | Sys MIL: 0
Train | Loss: 1.4640 | L_Les: 1.4886 (Dense 0.8132, Sparse 0.8546, Sys 0.0000)
Val   | Loss: 0.8735 | Les-Dice: 0.2917 | Les-F1: 0.3278 | Patient-BAcc: 0.6960 | Region-BAcc: 0.5252
--- Lesion EM / Loss Multipliers ---
Dense: 1.233 | Sparse TBx: 1.136 | Sys MIL: 0.000
Selection metric (composite): 0.4512
--> Best Model Saved (Score: 0.4512)

Epoch 15/100
Curriculum/task status | Dense: 1 | Sparse TBx: 1 | Sys MIL: 0
Train | Loss: 1.4445 | L_Les: 1.4686 (Dense 0.8111, Sparse 0.8523, Sys 0.0000)
Val   | Loss: 0.8568 | Les-Dice: 0.2994 | Les-F1: 0.3409 | Patient-BAcc: 0.6655 | Region-BAcc: 0.5378
--- Lesion EM / Loss Multipliers ---
Dense: 1.237 | Sparse TBx: 1.136 | Sys MIL: 0.000
Selection metric (composite): 0.4505

Epoch 16/100
Curriculum/task status | Dense: 1 | Sparse TBx: 1 | Sys MIL: 0
Train | Loss: 1.4237 | L_Les: 1.4507 (Dense 0.7959, Sparse 0.8408, Sys 0.0000)
Val   | Loss: 0.8662 | Les-Dice: 0.3112 | Les-F1: 0.3464 | Patient-BAcc: 0.5774 | Region-BAcc: 0.5638
--- Lesion EM / Loss Multipliers ---
Dense: 1.235 | Sparse TBx: 1.148 | Sys MIL: 0.000
Selection metric (composite): 0.4409

Epoch 17/100
Curriculum/task status | Dense: 1 | Sparse TBx: 1 | Sys MIL: 0
Train | Loss: 1.4128 | L_Les: 1.4425 (Dense 0.7900, Sparse 0.8462, Sys 0.0000)
Val   | Loss: 0.8510 | Les-Dice: 0.3052 | Les-F1: 0.3496 | Patient-BAcc: 0.6294 | Region-BAcc: 0.5271
--- Lesion EM / Loss Multipliers ---
Dense: 1.252 | Sparse TBx: 1.154 | Sys MIL: 0.000
Selection metric (composite): 0.4417

Epoch 18/100
Curriculum/task status | Dense: 1 | Sparse TBx: 1 | Sys MIL: 0
Train | Loss: 1.4448 | L_Les: 1.4752 (Dense 0.7903, Sparse 0.8436, Sys 0.0000)
Val   | Loss: 0.8432 | Les-Dice: 0.3214 | Les-F1: 0.3609 | Patient-BAcc: 0.5528 | Region-BAcc: 0.5402
--- Lesion EM / Loss Multipliers ---
Dense: 1.255 | Sparse TBx: 1.165 | Sys MIL: 0.000
Selection metric (composite): 0.4339

Epoch 19/100
Curriculum/task status | Dense: 1 | Sparse TBx: 1 | Sys MIL: 0
Train | Loss: 1.4086 | L_Les: 1.4404 (Dense 0.7899, Sparse 0.8396, Sys 0.0000)
Val   | Loss: 0.8415 | Les-Dice: 0.3267 | Les-F1: 0.3646 | Patient-BAcc: 0.7016 | Region-BAcc: 0.5128
--- Lesion EM / Loss Multipliers ---
Dense: 1.259 | Sparse TBx: 1.165 | Sys MIL: 0.000
Selection metric (composite): 0.4669
--> Best Model Saved (Score: 0.4669)

Epoch 20/100
Curriculum/task status | Dense: 1 | Sparse TBx: 1 | Sys MIL: 0
Train | Loss: 1.3782 | L_Les: 1.4138 (Dense 0.7810, Sparse 0.8394, Sys 0.0000)
Val   | Loss: 0.8492 | Les-Dice: 0.3117 | Les-F1: 0.3542 | Patient-BAcc: 0.6869 | Region-BAcc: 0.5113
--- Lesion EM / Loss Multipliers ---
Dense: 1.276 | Sparse TBx: 1.175 | Sys MIL: 0.000
Selection metric (composite): 0.4554

Epoch 21/100
Curriculum/task status | Dense: 1 | Sparse TBx: 1 | Sys MIL: 0
Train | Loss: 1.3790 | L_Les: 1.4163 (Dense 0.7704, Sparse 0.8335, Sys 0.0000)
Val   | Loss: 0.8523 | Les-Dice: 0.3019 | Les-F1: 0.3375 | Patient-BAcc: 0.6841 | Region-BAcc: 0.5113
--- Lesion EM / Loss Multipliers ---
Dense: 1.297 | Sparse TBx: 1.175 | Sys MIL: 0.000
Selection metric (composite): 0.4498

Epoch 22/100
Curriculum/task status | Dense: 1 | Sparse TBx: 1 | Sys MIL: 0
Train | Loss: 1.3921 | L_Les: 1.4275 (Dense 0.7778, Sparse 0.8376, Sys 0.0000)
Val   | Loss: 0.8422 | Les-Dice: 0.3107 | Les-F1: 0.3435 | Patient-BAcc: 0.6837 | Region-BAcc: 0.5253
--- Lesion EM / Loss Multipliers ---
Dense: 1.286 | Sparse TBx: 1.181 | Sys MIL: 0.000
Selection metric (composite): 0.4576

Epoch 23/100
Curriculum/task status | Dense: 1 | Sparse TBx: 1 | Sys MIL: 0
Train | Loss: 1.3663 | L_Les: 1.4030 (Dense 0.7703, Sparse 0.8360, Sys 0.0000)
Val   | Loss: 0.8410 | Les-Dice: 0.3209 | Les-F1: 0.3572 | Patient-BAcc: 0.5972 | Region-BAcc: 0.5151
--- Lesion EM / Loss Multipliers ---
Dense: 1.292 | Sparse TBx: 1.178 | Sys MIL: 0.000
Selection metric (composite): 0.4385

Epoch 24/100
Curriculum/task status | Dense: 1 | Sparse TBx: 1 | Sys MIL: 0
Train | Loss: 1.3749 | L_Les: 1.4130 (Dense 0.7654, Sparse 0.8275, Sys 0.0000)
Val   | Loss: 0.8455 | Les-Dice: 0.3046 | Les-F1: 0.3438 | Patient-BAcc: 0.5631 | Region-BAcc: 0.5452
--- Lesion EM / Loss Multipliers ---
Dense: 1.308 | Sparse TBx: 1.177 | Sys MIL: 0.000
Selection metric (composite): 0.4294

Epoch 25/100
Curriculum/task status | Dense: 1 | Sparse TBx: 1 | Sys MIL: 0
Train | Loss: 1.3839 | L_Les: 1.4274 (Dense 0.7574, Sparse 0.8263, Sys 0.0000)
Val   | Loss: 0.8416 | Les-Dice: 0.3144 | Les-F1: 0.3504 | Patient-BAcc: 0.5968 | Region-BAcc: 0.5469
--- Lesion EM / Loss Multipliers ---
Dense: 1.319 | Sparse TBx: 1.184 | Sys MIL: 0.000
Selection metric (composite): 0.4431

Epoch 26/100
Curriculum/task status | Dense: 1 | Sparse TBx: 1 | Sys MIL: 0
Train | Loss: 1.3964 | L_Les: 1.4360 (Dense 0.7570, Sparse 0.8287, Sys 0.0000)
Val   | Loss: 0.8451 | Les-Dice: 0.2980 | Les-F1: 0.3407 | Patient-BAcc: 0.6008 | Region-BAcc: 0.5336
--- Lesion EM / Loss Multipliers ---
Dense: 1.318 | Sparse TBx: 1.177 | Sys MIL: 0.000
Selection metric (composite): 0.4326

Epoch 27/100
Curriculum/task status | Dense: 1 | Sparse TBx: 1 | Sys MIL: 0
Train | Loss: 1.3702 | L_Les: 1.4083 (Dense 0.7618, Sparse 0.8225, Sys 0.0000)
Val   | Loss: 0.8394 | Les-Dice: 0.3222 | Les-F1: 0.3603 | Patient-BAcc: 0.6127 | Region-BAcc: 0.5472
--- Lesion EM / Loss Multipliers ---
Dense: 1.310 | Sparse TBx: 1.185 | Sys MIL: 0.000
Selection metric (composite): 0.4511

Epoch 28/100
Curriculum/task status | Dense: 1 | Sparse TBx: 1 | Sys MIL: 0
Train | Loss: 1.3524 | L_Les: 1.3990 (Dense 0.7464, Sparse 0.8217, Sys 0.0000)
Val   | Loss: 0.8362 | Les-Dice: 0.3219 | Les-F1: 0.3596 | Patient-BAcc: 0.6528 | Region-BAcc: 0.5231
--- Lesion EM / Loss Multipliers ---
Dense: 1.325 | Sparse TBx: 1.197 | Sys MIL: 0.000
Selection metric (composite): 0.4549

Epoch 29/100
Curriculum/task status | Dense: 1 | Sparse TBx: 1 | Sys MIL: 0
Train | Loss: 1.3395 | L_Les: 1.3861 (Dense 0.7442, Sparse 0.8164, Sys 0.0000)
Val   | Loss: 0.8498 | Les-Dice: 0.3106 | Les-F1: 0.3515 | Patient-BAcc: 0.6659 | Region-BAcc: 0.5271
--- Lesion EM / Loss Multipliers ---
Dense: 1.332 | Sparse TBx: 1.211 | Sys MIL: 0.000
Selection metric (composite): 0.4535

Epoch 30/100
Curriculum/task status | Dense: 1 | Sparse TBx: 1 | Sys MIL: 0
Train | Loss: 1.3469 | L_Les: 1.3945 (Dense 0.7458, Sparse 0.8092, Sys 0.0000)
Val   | Loss: 0.8489 | Les-Dice: 0.3272 | Les-F1: 0.3709 | Patient-BAcc: 0.6210 | Region-BAcc: 0.5393
--- Lesion EM / Loss Multipliers ---
Dense: 1.332 | Sparse TBx: 1.210 | Sys MIL: 0.000
Selection metric (composite): 0.4537

Epoch 31/100
Curriculum/task status | Dense: 1 | Sparse TBx: 1 | Sys MIL: 0
Train | Loss: 1.3522 | L_Les: 1.4006 (Dense 0.7400, Sparse 0.8128, Sys 0.0000)
Val   | Loss: 0.8508 | Les-Dice: 0.3154 | Les-F1: 0.3609 | Patient-BAcc: 0.6429 | Region-BAcc: 0.5201
--- Lesion EM / Loss Multipliers ---
Dense: 1.347 | Sparse TBx: 1.208 | Sys MIL: 0.000
Selection metric (composite): 0.4484

Epoch 32/100
Curriculum/task status | Dense: 1 | Sparse TBx: 1 | Sys MIL: 0
Train | Loss: 1.3247 | L_Les: 1.3783 (Dense 0.7327, Sparse 0.8150, Sys 0.0000)
Val   | Loss: 0.8542 | Les-Dice: 0.3213 | Les-F1: 0.3644 | Patient-BAcc: 0.5885 | Region-BAcc: 0.5524
--- Lesion EM / Loss Multipliers ---
Dense: 1.356 | Sparse TBx: 1.213 | Sys MIL: 0.000
Selection metric (composite): 0.4459

Epoch 33/100
Curriculum/task status | Dense: 1 | Sparse TBx: 1 | Sys MIL: 0
Train | Loss: 1.3193 | L_Les: 1.3680 (Dense 0.7409, Sparse 0.8081, Sys 0.0000)
Val   | Loss: 0.8481 | Les-Dice: 0.3107 | Les-F1: 0.3499 | Patient-BAcc: 0.5770 | Region-BAcc: 0.5423
--- Lesion EM / Loss Multipliers ---
Dense: 1.350 | Sparse TBx: 1.214 | Sys MIL: 0.000
Selection metric (composite): 0.4352

Epoch 34/100
Curriculum/task status | Dense: 1 | Sparse TBx: 1 | Sys MIL: 0
Train | Loss: 1.3008 | L_Les: 1.3533 (Dense 0.7332, Sparse 0.8040, Sys 0.0000)
Val   | Loss: 0.8548 | Les-Dice: 0.3056 | Les-F1: 0.3395 | Patient-BAcc: 0.5786 | Region-BAcc: 0.5480
--- Lesion EM / Loss Multipliers ---
Dense: 1.356 | Sparse TBx: 1.224 | Sys MIL: 0.000
Selection metric (composite): 0.4344

Epoch 35/100
Curriculum/task status | Dense: 1 | Sparse TBx: 1 | Sys MIL: 0
Train | Loss: 1.3011 | L_Les: 1.3565 (Dense 0.7318, Sparse 0.8060, Sys 0.0000)
Val   | Loss: 0.8438 | Les-Dice: 0.3134 | Les-F1: 0.3577 | Patient-BAcc: 0.6179 | Region-BAcc: 0.5286
--- Lesion EM / Loss Multipliers ---
Dense: 1.360 | Sparse TBx: 1.230 | Sys MIL: 0.000
Selection metric (composite): 0.4433

Epoch 36/100
Curriculum/task status | Dense: 1 | Sparse TBx: 1 | Sys MIL: 0
Train | Loss: 1.3083 | L_Les: 1.3610 (Dense 0.7211, Sparse 0.7988, Sys 0.0000)
Val   | Loss: 0.8517 | Les-Dice: 0.3287 | Les-F1: 0.3657 | Patient-BAcc: 0.5988 | Region-BAcc: 0.5418
--- Lesion EM / Loss Multipliers ---
Dense: 1.366 | Sparse TBx: 1.227 | Sys MIL: 0.000
Selection metric (composite): 0.4495

Epoch 37/100
Curriculum/task status | Dense: 1 | Sparse TBx: 1 | Sys MIL: 0
Train | Loss: 1.2984 | L_Les: 1.3565 (Dense 0.7153, Sparse 0.7964, Sys 0.0000)
Val   | Loss: 0.8866 | Les-Dice: 0.3221 | Les-F1: 0.3638 | Patient-BAcc: 0.5270 | Region-BAcc: 0.5839
--- Lesion EM / Loss Multipliers ---
Dense: 1.384 | Sparse TBx: 1.221 | Sys MIL: 0.000
Selection metric (composite): 0.4387

Epoch 38/100
Curriculum/task status | Dense: 1 | Sparse TBx: 1 | Sys MIL: 0
Train | Loss: 1.2678 | L_Les: 1.3291 (Dense 0.7099, Sparse 0.7983, Sys 0.0000)
Val   | Loss: 0.8464 | Les-Dice: 0.3240 | Les-F1: 0.3698 | Patient-BAcc: 0.6298 | Region-BAcc: 0.5247
--- Lesion EM / Loss Multipliers ---
Dense: 1.400 | Sparse TBx: 1.231 | Sys MIL: 0.000
Selection metric (composite): 0.4506

Epoch 39/100
Curriculum/task status | Dense: 1 | Sparse TBx: 1 | Sys MIL: 0
Train | Loss: 1.2368 | L_Les: 1.2999 (Dense 0.7065, Sparse 0.7895, Sys 0.0000)
Val   | Loss: 0.8756 | Les-Dice: 0.3082 | Les-F1: 0.3502 | Patient-BAcc: 0.6806 | Region-BAcc: 0.5174
--- Lesion EM / Loss Multipliers ---
Dense: 1.406 | Sparse TBx: 1.238 | Sys MIL: 0.000
Selection metric (composite): 0.4536
Early stop triggered at epoch 39
